<?xml version="1.0" encoding="UTF-8"?>
<testsuites name="checklist" time="4036.916" tests="26" failures="3" errors="8">
   <testsuite name="checklist" tests="26" failures="3" errors="8" time="4036.916" skipped="0" timestamp="22-05-2025T15:56:29" hostname="cuongvo - localhost" id="Test Suites/checklist">
      <properties>
[...]
</properties>
      <testcase name="Test Cases/IPAPER APP/002 TAO YEU CAU" time="27.033" classname="Test Cases/IPAPER APP/002 TAO YEU CAU" status="ERROR">
         <error type="ERROR" message="Test Cases/IPAPER APP/002 TAO YEU CAU FAILED.&#xa;Reason:&#xa;org.openqa.selenium.NoSuchElementException: An element could not be located on the page using the given search parameters.&#xa;For documentation on this error, please visit: https://www.seleniumhq.org/exceptions/no_such_element.html&#xa;Build info: version: '3.141.59', revision: 'unknown', time: 'unknown'&#xa;System info: host: 'Cuong-Mac.local', ip: 'fe80:0:0:0:c43:6797:ebf2:3aad%en0', os.name: 'Mac OS X', os.arch: 'aarch64', os.version: '15.5', java.version: '17.0.7'&#xa;Driver info: com.kms.katalon.core.appium.driver.SwipeableAndroidDriver&#xa;Capabilities {automationName: UiAutomator2, databaseEnabled: false, desired: {automationName: UiAutomator2, deviceName: af0c5cf7, noReset: true, platformName: android, waitForIdleTimeout: 3000}, deviceApiLevel: 35, deviceManufacturer: OPPO, deviceModel: CPH2699, deviceName: af0c5cf7, deviceScreenDensity: 480, deviceScreenSize: 1080x2400, deviceUDID: af0c5cf7, javascriptEnabled: true, locationContextEnabled: false, networkConnectionEnabled: true, noReset: true, pixelRatio: 3, platform: LINUX, platformName: Android, platformVersion: 15, statBarHeight: 120, takesScreenshot: true, viewportRect: {height: 2280, left: 0, top: 120, width: 1080}, waitForIdleTimeout: 3000, warnings: {}, webStorageEnabled: false}&#xa;Session ID: 42b39363-2c25-472a-b49b-4e8f3ae7bc31&#xa;*** Element info: {Using=xpath, value=//android.widget.CheckedTextView[@resource-id='com.hdbank.ipaper:id/design_menu_item_text' and @text='Tạo yêu cầu theo mẫu']}&#xa;	at java.base/jdk.internal.reflect.NativeConstructorAccessorImpl.newInstance0(Native Method)&#xa;	at java.base/jdk.internal.reflect.NativeConstructorAccessorImpl.newInstance(NativeConstructorAccessorImpl.java:77)&#xa;	at java.base/jdk.internal.reflect.DelegatingConstructorAccessorImpl.newInstance(DelegatingConstructorAccessorImpl.java:45)&#xa;	at org.openqa.selenium.remote.http.W3CHttpResponseCodec.createException(W3CHttpResponseCodec.java:187)&#xa;	at org.openqa.selenium.remote.http.W3CHttpResponseCodec.decode(W3CHttpResponseCodec.java:122)&#xa;	at org.openqa.selenium.remote.http.W3CHttpResponseCodec.decode(W3CHttpResponseCodec.java:49)&#xa;	at org.openqa.selenium.remote.HttpCommandExecutor.execute(HttpCommandExecutor.java:158)&#xa;	at io.appium.java_client.remote.AppiumCommandExecutor.execute(AppiumCommandExecutor.java:239)&#xa;	at org.openqa.selenium.remote.RemoteWebDriver.execute(RemoteWebDriver.java:552)&#xa;	at io.appium.java_client.DefaultGenericMobileDriver.execute(DefaultGenericMobileDriver.java:42)&#xa;	at io.appium.java_client.AppiumDriver.execute(AppiumDriver.java:1)&#xa;	at io.appium.java_client.android.AndroidDriver.execute(AndroidDriver.java:1)&#xa;	at com.kms.katalon.core.appium.driver.SwipeableAndroidDriver.execute(SwipeableAndroidDriver.java:1)&#xa;	at org.openqa.selenium.remote.RemoteWebDriver.findElement(RemoteWebDriver.java:323)&#xa;	at io.appium.java_client.DefaultGenericMobileDriver.findElement(DefaultGenericMobileDriver.java:62)&#xa;	at io.appium.java_client.AppiumDriver.findElement(AppiumDriver.java:1)&#xa;	at io.appium.java_client.android.AndroidDriver.findElement(AndroidDriver.java:1)&#xa;	at com.kms.katalon.core.appium.driver.SwipeableAndroidDriver.findElement(SwipeableAndroidDriver.java:1)&#xa;	at org.openqa.selenium.remote.RemoteWebDriver.findElementByXPath(RemoteWebDriver.java:428)&#xa;	at io.appium.java_client.DefaultGenericMobileDriver.findElementByXPath(DefaultGenericMobileDriver.java:152)&#xa;	at io.appium.java_client.AppiumDriver.findElementByXPath(AppiumDriver.java:1)&#xa;	at io.appium.java_client.android.AndroidDriver.findElementByXPath(AndroidDriver.java:1)&#xa;	at com.kms.katalon.core.appium.driver.SwipeableAndroidDriver.findElementByXPath(SwipeableAndroidDriver.java:1)&#xa;	at org.openqa.selenium.By$ByXPath.findElement(By.java:353)&#xa;	at org.openqa.selenium.remote.RemoteWebDriver.findElement(RemoteWebDriver.java:315)&#xa;	at io.appium.java_client.DefaultGenericMobileDriver.findElement(DefaultGenericMobileDriver.java:58)&#xa;	at io.appium.java_client.AppiumDriver.findElement(AppiumDriver.java:1)&#xa;	at io.appium.java_client.android.AndroidDriver.findElement(AndroidDriver.java:1)&#xa;	at com.kms.katalon.core.appium.driver.SwipeableAndroidDriver.findElement(SwipeableAndroidDriver.java:1)&#xa;	at base.BaseKeyword$Trait$Helper.clickToElement(BaseKeyword.groovy:92)&#xa;	at screens.HomeScreen.clickToElement(HomeScreen.groovy)&#xa;	at screens.HomeScreen.openRequestList(HomeScreen.groovy:95)&#xa;	at 002 TAO YEU CAU.run(002 TAO YEU CAU:23)&#xa;	at com.kms.katalon.core.main.ScriptEngine.run(ScriptEngine.java:194)&#xa;	at com.kms.katalon.core.main.ScriptEngine.runScriptAsRawText(ScriptEngine.java:119)&#xa;	at com.kms.katalon.core.main.TestCaseExecutor.runScript(TestCaseExecutor.java:448)&#xa;	at com.kms.katalon.core.main.TestCaseExecutor.doExecute(TestCaseExecutor.java:439)&#xa;	at com.kms.katalon.core.main.TestCaseExecutor.processExecutionPhase(TestCaseExecutor.java:418)&#xa;	at com.kms.katalon.core.main.TestCaseExecutor.accessMainPhase(TestCaseExecutor.java:410)&#xa;	at com.kms.katalon.core.main.TestCaseExecutor.execute(TestCaseExecutor.java:285)&#xa;	at com.kms.katalon.core.common.CommonExecutor.accessTestCaseMainPhase(CommonExecutor.java:65)&#xa;	at com.kms.katalon.core.main.TestSuiteExecutor.accessTestSuiteMainPhase(TestSuiteExecutor.java:150)&#xa;	at com.kms.katalon.core.main.TestSuiteExecutor.execute(TestSuiteExecutor.java:106)&#xa;	at com.kms.katalon.core.main.TestCaseMain.startTestSuite(TestCaseMain.java:180)&#xa;	at TempTestSuite1747904187531.run(TempTestSuite1747904187531.groovy:35)&#xa;	at java.base/jdk.internal.reflect.NativeMethodAccessorImpl.invoke0(Native Method)&#xa;	at java.base/jdk.internal.reflect.NativeMethodAccessorImpl.invoke(NativeMethodAccessorImpl.java:77)&#xa;	at java.base/jdk.internal.reflect.DelegatingMethodAccessorImpl.invoke(DelegatingMethodAccessorImpl.java:43)&#xa;"/>
         <system-out><![CDATA[22-05-2025T15:56:33 - [TEST_CASE][ERROR] - Test Cases/IPAPER APP/002 TAO YEU CAU: Test Cases/IPAPER APP/002 TAO YEU CAU FAILED.
Reason:
org.openqa.selenium.NoSuchElementException: An element could not be located on the page using the given search parameters.
For documentation on this error, please visit: https://www.seleniumhq.org/exceptions/no_such_element.html
Build info: version: '3.141.59', revision: 'unknown', time: 'unknown'
System info: host: 'Cuong-Mac.local', ip: 'fe80:0:0:0:c43:6797:ebf2:3aad%en0', os.name: 'Mac OS X', os.arch: 'aarch64', os.version: '15.5', java.version: '17.0.7'
Driver info: com.kms.katalon.core.appium.driver.SwipeableAndroidDriver
Capabilities {automationName: UiAutomator2, databaseEnabled: false, desired: {automationName: UiAutomator2, deviceName: af0c5cf7, noReset: true, platformName: android, waitForIdleTimeout: 3000}, deviceApiLevel: 35, deviceManufacturer: OPPO, deviceModel: CPH2699, deviceName: af0c5cf7, deviceScreenDensity: 480, deviceScreenSize: 1080x2400, deviceUDID: af0c5cf7, javascriptEnabled: true, locationContextEnabled: false, networkConnectionEnabled: true, noReset: true, pixelRatio: 3, platform: LINUX, platformName: Android, platformVersion: 15, statBarHeight: 120, takesScreenshot: true, viewportRect: {height: 2280, left: 0, top: 120, width: 1080}, waitForIdleTimeout: 3000, warnings: {}, webStorageEnabled: false}
Session ID: 42b39363-2c25-472a-b49b-4e8f3ae7bc31
*** Element info: {Using=xpath, value=//android.widget.CheckedTextView[@resource-id='com.hdbank.ipaper:id/design_menu_item_text' and @text='Tạo yêu cầu theo mẫu']}
	at java.base/jdk.internal.reflect.NativeConstructorAccessorImpl.newInstance0(Native Method)
	at java.base/jdk.internal.reflect.NativeConstructorAccessorImpl.newInstance(NativeConstructorAccessorImpl.java:77)
	at java.base/jdk.internal.reflect.DelegatingConstructorAccessorImpl.newInstance(DelegatingConstructorAccessorImpl.java:45)
	at org.openqa.selenium.remote.http.W3CHttpResponseCodec.createException(W3CHttpResponseCodec.java:187)
	at org.openqa.selenium.remote.http.W3CHttpResponseCodec.decode(W3CHttpResponseCodec.java:122)
	at org.openqa.selenium.remote.http.W3CHttpResponseCodec.decode(W3CHttpResponseCodec.java:49)
	at org.openqa.selenium.remote.HttpCommandExecutor.execute(HttpCommandExecutor.java:158)
	at io.appium.java_client.remote.AppiumCommandExecutor.execute(AppiumCommandExecutor.java:239)
	at org.openqa.selenium.remote.RemoteWebDriver.execute(RemoteWebDriver.java:552)
	at io.appium.java_client.DefaultGenericMobileDriver.execute(DefaultGenericMobileDriver.java:42)
	at io.appium.java_client.AppiumDriver.execute(AppiumDriver.java:1)
	at io.appium.java_client.android.AndroidDriver.execute(AndroidDriver.java:1)
	at com.kms.katalon.core.appium.driver.SwipeableAndroidDriver.execute(SwipeableAndroidDriver.java:1)
	at org.openqa.selenium.remote.RemoteWebDriver.findElement(RemoteWebDriver.java:323)
	at io.appium.java_client.DefaultGenericMobileDriver.findElement(DefaultGenericMobileDriver.java:62)
	at io.appium.java_client.AppiumDriver.findElement(AppiumDriver.java:1)
	at io.appium.java_client.android.AndroidDriver.findElement(AndroidDriver.java:1)
	at com.kms.katalon.core.appium.driver.SwipeableAndroidDriver.findElement(SwipeableAndroidDriver.java:1)
	at org.openqa.selenium.remote.RemoteWebDriver.findElementByXPath(RemoteWebDriver.java:428)
	at io.appium.java_client.DefaultGenericMobileDriver.findElementByXPath(DefaultGenericMobileDriver.java:152)
	at io.appium.java_client.AppiumDriver.findElementByXPath(AppiumDriver.java:1)
	at io.appium.java_client.android.AndroidDriver.findElementByXPath(AndroidDriver.java:1)
	at com.kms.katalon.core.appium.driver.SwipeableAndroidDriver.findElementByXPath(SwipeableAndroidDriver.java:1)
	at org.openqa.selenium.By$ByXPath.findElement(By.java:353)
	at org.openqa.selenium.remote.RemoteWebDriver.findElement(RemoteWebDriver.java:315)
	at io.appium.java_client.DefaultGenericMobileDriver.findElement(DefaultGenericMobileDriver.java:58)
	at io.appium.java_client.AppiumDriver.findElement(AppiumDriver.java:1)
	at io.appium.java_client.android.AndroidDriver.findElement(AndroidDriver.java:1)
	at com.kms.katalon.core.appium.driver.SwipeableAndroidDriver.findElement(SwipeableAndroidDriver.java:1)
	at base.BaseKeyword$Trait$Helper.clickToElement(BaseKeyword.groovy:92)
	at screens.HomeScreen.clickToElement(HomeScreen.groovy)
	at screens.HomeScreen.openRequestList(HomeScreen.groovy:95)
	at 002 TAO YEU CAU.run(002 TAO YEU CAU:23)
	at com.kms.katalon.core.main.ScriptEngine.run(ScriptEngine.java:194)
	at com.kms.katalon.core.main.ScriptEngine.runScriptAsRawText(ScriptEngine.java:119)
	at com.kms.katalon.core.main.TestCaseExecutor.runScript(TestCaseExecutor.java:448)
	at com.kms.katalon.core.main.TestCaseExecutor.doExecute(TestCaseExecutor.java:439)
	at com.kms.katalon.core.main.TestCaseExecutor.processExecutionPhase(TestCaseExecutor.java:418)
	at com.kms.katalon.core.main.TestCaseExecutor.accessMainPhase(TestCaseExecutor.java:410)
	at com.kms.katalon.core.main.TestCaseExecutor.execute(TestCaseExecutor.java:285)
	at com.kms.katalon.core.common.CommonExecutor.accessTestCaseMainPhase(CommonExecutor.java:65)
	at com.kms.katalon.core.main.TestSuiteExecutor.accessTestSuiteMainPhase(TestSuiteExecutor.java:150)
	at com.kms.katalon.core.main.TestSuiteExecutor.execute(TestSuiteExecutor.java:106)
	at com.kms.katalon.core.main.TestCaseMain.startTestSuite(TestCaseMain.java:180)
	at TempTestSuite1747904187531.run(TempTestSuite1747904187531.groovy:35)
	at java.base/jdk.internal.reflect.NativeMethodAccessorImpl.invoke0(Native Method)
	at java.base/jdk.internal.reflect.NativeMethodAccessorImpl.invoke(NativeMethodAccessorImpl.java:77)
	at java.base/jdk.internal.reflect.DelegatingMethodAccessorImpl.invoke(DelegatingMethodAccessorImpl.java:43)


22-05-2025T15:56:33 - [TEST_STEP][PASSED] - Start listener action : beforeTest: drivers.Driver.openApp is PASSED

22-05-2025T15:56:33 - [TEST_STEP][PASSED] - DataTest.init(): null

22-05-2025T15:56:34 - [TEST_STEP][PASSED] - testCaseId = split("/").last(): null

22-05-2025T15:56:34 - [TEST_STEP][PASSED] - if (!(drivers.Driver.isAppiumRunning())): drivers.Driver.isAppiumRunning is PASSED

22-05-2025T15:56:34 - [MESSAGE][INFO] - Appium running: true

22-05-2025T15:56:34 - [MESSAGE][PASSED] - drivers.Driver.isAppiumRunning is PASSED

22-05-2025T15:56:34 - [TEST_STEP][PASSED] - if (driver == null || driver.getSessionId() == null): null

22-05-2025T15:56:34 - [TEST_STEP][PASSED] - drivers.Driver.openApp(): drivers.Driver.openApp is PASSED

22-05-2025T15:56:36 - [MESSAGE][PASSED] - drivers.Driver.openApp is PASSED

22-05-2025T15:56:36 - [TEST_STEP][PASSED] - REQUEST_NAME = "Trình ký PDF có sẵn": null

22-05-2025T15:56:36 - [TEST_STEP][PASSED] - TO_DAY = SimpleDateFormat(dd/MM/yyyy).format(new java.util.Date()): null

22-05-2025T15:56:36 - [TEST_STEP][PASSED] - auto5 = DataTest.getUserTest5(): null

22-05-2025T15:56:36 - [TEST_STEP][PASSED] - auto6 = DataTest.getUserTest6(): null

22-05-2025T15:56:36 - [TEST_STEP][PASSED] - auto7 = DataTest.getUserTest7(): null

22-05-2025T15:56:36 - [TEST_STEP][PASSED] - document = DataTest.createDocumentTest(auto5, auto6, auto7, "dummy.pdf", "dummy.pdf"): null

22-05-2025T15:56:36 - [TEST_STEP][PASSED] - loginScreen.login(auto5): null

22-05-2025T15:56:51 - [TEST_STEP][ERROR] - homeScreen.openRequestList(): Test Cases/IPAPER APP/002 TAO YEU CAU FAILED.
Reason:
org.openqa.selenium.NoSuchElementException: An element could not be located on the page using the given search parameters.
For documentation on this error, please visit: https://www.seleniumhq.org/exceptions/no_such_element.html
Build info: version: '3.141.59', revision: 'unknown', time: 'unknown'
System info: host: 'Cuong-Mac.local', ip: 'fe80:0:0:0:c43:6797:ebf2:3aad%en0', os.name: 'Mac OS X', os.arch: 'aarch64', os.version: '15.5', java.version: '17.0.7'
Driver info: com.kms.katalon.core.appium.driver.SwipeableAndroidDriver
Capabilities {automationName: UiAutomator2, databaseEnabled: false, desired: {automationName: UiAutomator2, deviceName: af0c5cf7, noReset: true, platformName: android, waitForIdleTimeout: 3000}, deviceApiLevel: 35, deviceManufacturer: OPPO, deviceModel: CPH2699, deviceName: af0c5cf7, deviceScreenDensity: 480, deviceScreenSize: 1080x2400, deviceUDID: af0c5cf7, javascriptEnabled: true, locationContextEnabled: false, networkConnectionEnabled: true, noReset: true, pixelRatio: 3, platform: LINUX, platformName: Android, platformVersion: 15, statBarHeight: 120, takesScreenshot: true, viewportRect: {height: 2280, left: 0, top: 120, width: 1080}, waitForIdleTimeout: 3000, warnings: {}, webStorageEnabled: false}
Session ID: 42b39363-2c25-472a-b49b-4e8f3ae7bc31
*** Element info: {Using=xpath, value=//android.widget.CheckedTextView[@resource-id='com.hdbank.ipaper:id/design_menu_item_text' and @text='Tạo yêu cầu theo mẫu']}
	at java.base/jdk.internal.reflect.NativeConstructorAccessorImpl.newInstance0(Native Method)
	at java.base/jdk.internal.reflect.NativeConstructorAccessorImpl.newInstance(NativeConstructorAccessorImpl.java:77)
	at java.base/jdk.internal.reflect.DelegatingConstructorAccessorImpl.newInstance(DelegatingConstructorAccessorImpl.java:45)
	at org.openqa.selenium.remote.http.W3CHttpResponseCodec.createException(W3CHttpResponseCodec.java:187)
	at org.openqa.selenium.remote.http.W3CHttpResponseCodec.decode(W3CHttpResponseCodec.java:122)
	at org.openqa.selenium.remote.http.W3CHttpResponseCodec.decode(W3CHttpResponseCodec.java:49)
	at org.openqa.selenium.remote.HttpCommandExecutor.execute(HttpCommandExecutor.java:158)
	at io.appium.java_client.remote.AppiumCommandExecutor.execute(AppiumCommandExecutor.java:239)
	at org.openqa.selenium.remote.RemoteWebDriver.execute(RemoteWebDriver.java:552)
	at io.appium.java_client.DefaultGenericMobileDriver.execute(DefaultGenericMobileDriver.java:42)
	at io.appium.java_client.AppiumDriver.execute(AppiumDriver.java:1)
	at io.appium.java_client.android.AndroidDriver.execute(AndroidDriver.java:1)
	at com.kms.katalon.core.appium.driver.SwipeableAndroidDriver.execute(SwipeableAndroidDriver.java:1)
	at org.openqa.selenium.remote.RemoteWebDriver.findElement(RemoteWebDriver.java:323)
	at io.appium.java_client.DefaultGenericMobileDriver.findElement(DefaultGenericMobileDriver.java:62)
	at io.appium.java_client.AppiumDriver.findElement(AppiumDriver.java:1)
	at io.appium.java_client.android.AndroidDriver.findElement(AndroidDriver.java:1)
	at com.kms.katalon.core.appium.driver.SwipeableAndroidDriver.findElement(SwipeableAndroidDriver.java:1)
	at org.openqa.selenium.remote.RemoteWebDriver.findElementByXPath(RemoteWebDriver.java:428)
	at io.appium.java_client.DefaultGenericMobileDriver.findElementByXPath(DefaultGenericMobileDriver.java:152)
	at io.appium.java_client.AppiumDriver.findElementByXPath(AppiumDriver.java:1)
	at io.appium.java_client.android.AndroidDriver.findElementByXPath(AndroidDriver.java:1)
	at com.kms.katalon.core.appium.driver.SwipeableAndroidDriver.findElementByXPath(SwipeableAndroidDriver.java:1)
	at org.openqa.selenium.By$ByXPath.findElement(By.java:353)
	at org.openqa.selenium.remote.RemoteWebDriver.findElement(RemoteWebDriver.java:315)
	at io.appium.java_client.DefaultGenericMobileDriver.findElement(DefaultGenericMobileDriver.java:58)
	at io.appium.java_client.AppiumDriver.findElement(AppiumDriver.java:1)
	at io.appium.java_client.android.AndroidDriver.findElement(AndroidDriver.java:1)
	at com.kms.katalon.core.appium.driver.SwipeableAndroidDriver.findElement(SwipeableAndroidDriver.java:1)
	at base.BaseKeyword$Trait$Helper.clickToElement(BaseKeyword.groovy:92)
	at screens.HomeScreen.clickToElement(HomeScreen.groovy)
	at screens.HomeScreen.openRequestList(HomeScreen.groovy:95)
	at 002 TAO YEU CAU.run(002 TAO YEU CAU:23)
	at com.kms.katalon.core.main.ScriptEngine.run(ScriptEngine.java:194)
	at com.kms.katalon.core.main.ScriptEngine.runScriptAsRawText(ScriptEngine.java:119)
	at com.kms.katalon.core.main.TestCaseExecutor.runScript(TestCaseExecutor.java:448)
	at com.kms.katalon.core.main.TestCaseExecutor.doExecute(TestCaseExecutor.java:439)
	at com.kms.katalon.core.main.TestCaseExecutor.processExecutionPhase(TestCaseExecutor.java:418)
	at com.kms.katalon.core.main.TestCaseExecutor.accessMainPhase(TestCaseExecutor.java:410)
	at com.kms.katalon.core.main.TestCaseExecutor.execute(TestCaseExecutor.java:285)
	at com.kms.katalon.core.common.CommonExecutor.accessTestCaseMainPhase(CommonExecutor.java:65)
	at com.kms.katalon.core.main.TestSuiteExecutor.accessTestSuiteMainPhase(TestSuiteExecutor.java:150)
	at com.kms.katalon.core.main.TestSuiteExecutor.execute(TestSuiteExecutor.java:106)
	at com.kms.katalon.core.main.TestCaseMain.startTestSuite(TestCaseMain.java:180)
	at TempTestSuite1747904187531.run(TempTestSuite1747904187531.groovy:35)
	at java.base/jdk.internal.reflect.NativeMethodAccessorImpl.invoke0(Native Method)
	at java.base/jdk.internal.reflect.NativeMethodAccessorImpl.invoke(NativeMethodAccessorImpl.java:77)
	at java.base/jdk.internal.reflect.DelegatingMethodAccessorImpl.invoke(DelegatingMethodAccessorImpl.java:43)


22-05-2025T15:56:59 - [MESSAGE][ERROR] - Test Cases/IPAPER APP/002 TAO YEU CAU FAILED.
Reason:
org.openqa.selenium.NoSuchElementException: An element could not be located on the page using the given search parameters.
For documentation on this error, please visit: https://www.seleniumhq.org/exceptions/no_such_element.html
Build info: version: '3.141.59', revision: 'unknown', time: 'unknown'
System info: host: 'Cuong-Mac.local', ip: 'fe80:0:0:0:c43:6797:ebf2:3aad%en0', os.name: 'Mac OS X', os.arch: 'aarch64', os.version: '15.5', java.version: '17.0.7'
Driver info: com.kms.katalon.core.appium.driver.SwipeableAndroidDriver
Capabilities {automationName: UiAutomator2, databaseEnabled: false, desired: {automationName: UiAutomator2, deviceName: af0c5cf7, noReset: true, platformName: android, waitForIdleTimeout: 3000}, deviceApiLevel: 35, deviceManufacturer: OPPO, deviceModel: CPH2699, deviceName: af0c5cf7, deviceScreenDensity: 480, deviceScreenSize: 1080x2400, deviceUDID: af0c5cf7, javascriptEnabled: true, locationContextEnabled: false, networkConnectionEnabled: true, noReset: true, pixelRatio: 3, platform: LINUX, platformName: Android, platformVersion: 15, statBarHeight: 120, takesScreenshot: true, viewportRect: {height: 2280, left: 0, top: 120, width: 1080}, waitForIdleTimeout: 3000, warnings: {}, webStorageEnabled: false}
Session ID: 42b39363-2c25-472a-b49b-4e8f3ae7bc31
*** Element info: {Using=xpath, value=//android.widget.CheckedTextView[@resource-id='com.hdbank.ipaper:id/design_menu_item_text' and @text='Tạo yêu cầu theo mẫu']}
	at java.base/jdk.internal.reflect.NativeConstructorAccessorImpl.newInstance0(Native Method)
	at java.base/jdk.internal.reflect.NativeConstructorAccessorImpl.newInstance(NativeConstructorAccessorImpl.java:77)
	at java.base/jdk.internal.reflect.DelegatingConstructorAccessorImpl.newInstance(DelegatingConstructorAccessorImpl.java:45)
	at org.openqa.selenium.remote.http.W3CHttpResponseCodec.createException(W3CHttpResponseCodec.java:187)
	at org.openqa.selenium.remote.http.W3CHttpResponseCodec.decode(W3CHttpResponseCodec.java:122)
	at org.openqa.selenium.remote.http.W3CHttpResponseCodec.decode(W3CHttpResponseCodec.java:49)
	at org.openqa.selenium.remote.HttpCommandExecutor.execute(HttpCommandExecutor.java:158)
	at io.appium.java_client.remote.AppiumCommandExecutor.execute(AppiumCommandExecutor.java:239)
	at org.openqa.selenium.remote.RemoteWebDriver.execute(RemoteWebDriver.java:552)
	at io.appium.java_client.DefaultGenericMobileDriver.execute(DefaultGenericMobileDriver.java:42)
	at io.appium.java_client.AppiumDriver.execute(AppiumDriver.java:1)
	at io.appium.java_client.android.AndroidDriver.execute(AndroidDriver.java:1)
	at com.kms.katalon.core.appium.driver.SwipeableAndroidDriver.execute(SwipeableAndroidDriver.java:1)
	at org.openqa.selenium.remote.RemoteWebDriver.findElement(RemoteWebDriver.java:323)
	at io.appium.java_client.DefaultGenericMobileDriver.findElement(DefaultGenericMobileDriver.java:62)
	at io.appium.java_client.AppiumDriver.findElement(AppiumDriver.java:1)
	at io.appium.java_client.android.AndroidDriver.findElement(AndroidDriver.java:1)
	at com.kms.katalon.core.appium.driver.SwipeableAndroidDriver.findElement(SwipeableAndroidDriver.java:1)
	at org.openqa.selenium.remote.RemoteWebDriver.findElementByXPath(RemoteWebDriver.java:428)
	at io.appium.java_client.DefaultGenericMobileDriver.findElementByXPath(DefaultGenericMobileDriver.java:152)
	at io.appium.java_client.AppiumDriver.findElementByXPath(AppiumDriver.java:1)
	at io.appium.java_client.android.AndroidDriver.findElementByXPath(AndroidDriver.java:1)
	at com.kms.katalon.core.appium.driver.SwipeableAndroidDriver.findElementByXPath(SwipeableAndroidDriver.java:1)
	at org.openqa.selenium.By$ByXPath.findElement(By.java:353)
	at org.openqa.selenium.remote.RemoteWebDriver.findElement(RemoteWebDriver.java:315)
	at io.appium.java_client.DefaultGenericMobileDriver.findElement(DefaultGenericMobileDriver.java:58)
	at io.appium.java_client.AppiumDriver.findElement(AppiumDriver.java:1)
	at io.appium.java_client.android.AndroidDriver.findElement(AndroidDriver.java:1)
	at com.kms.katalon.core.appium.driver.SwipeableAndroidDriver.findElement(SwipeableAndroidDriver.java:1)
	at base.BaseKeyword$Trait$Helper.clickToElement(BaseKeyword.groovy:92)
	at screens.HomeScreen.clickToElement(HomeScreen.groovy)
	at screens.HomeScreen.openRequestList(HomeScreen.groovy:95)
	at 002 TAO YEU CAU.run(002 TAO YEU CAU:23)
	at com.kms.katalon.core.main.ScriptEngine.run(ScriptEngine.java:194)
	at com.kms.katalon.core.main.ScriptEngine.runScriptAsRawText(ScriptEngine.java:119)
	at com.kms.katalon.core.main.TestCaseExecutor.runScript(TestCaseExecutor.java:448)
	at com.kms.katalon.core.main.TestCaseExecutor.doExecute(TestCaseExecutor.java:439)
	at com.kms.katalon.core.main.TestCaseExecutor.processExecutionPhase(TestCaseExecutor.java:418)
	at com.kms.katalon.core.main.TestCaseExecutor.accessMainPhase(TestCaseExecutor.java:410)
	at com.kms.katalon.core.main.TestCaseExecutor.execute(TestCaseExecutor.java:285)
	at com.kms.katalon.core.common.CommonExecutor.accessTestCaseMainPhase(CommonExecutor.java:65)
	at com.kms.katalon.core.main.TestSuiteExecutor.accessTestSuiteMainPhase(TestSuiteExecutor.java:150)
	at com.kms.katalon.core.main.TestSuiteExecutor.execute(TestSuiteExecutor.java:106)
	at com.kms.katalon.core.main.TestCaseMain.startTestSuite(TestCaseMain.java:180)
	at TempTestSuite1747904187531.run(TempTestSuite1747904187531.groovy:35)
	at java.base/jdk.internal.reflect.NativeMethodAccessorImpl.invoke0(Native Method)
	at java.base/jdk.internal.reflect.NativeMethodAccessorImpl.invoke(NativeMethodAccessorImpl.java:77)
	at java.base/jdk.internal.reflect.DelegatingMethodAccessorImpl.invoke(DelegatingMethodAccessorImpl.java:43)


22-05-2025T15:56:59 - [TEST_STEP][PASSED] - Start listener action : afterTest: null

22-05-2025T15:56:59 - [TEST_STEP][PASSED] - if (testCaseStatus != "PASSED"): Screenshot is taken

22-05-2025T15:56:59 - [TEST_STEP][PASSED] - takeScreenshot(ErrorScreen/$GlobalVariable.PLATFORM/$testCaseContext.getTestCaseId().png): Screenshot is taken

22-05-2025T15:57:00 - [MESSAGE][PASSED] - Screenshot is taken
[[ATTACHMENT|ErrorScreen/Android/Test Cases/IPAPER APP/002 TAO YEU CAU.png]]

22-05-2025T15:57:00 - [TEST_STEP][PASSED] - drivers.Driver.closeApp(): drivers.Driver.closeApp is PASSED

22-05-2025T15:57:00 - [MESSAGE][PASSED] - drivers.Driver.closeApp is PASSED

22-05-2025T15:57:00 - [TEST_STEP][PASSED] - if (tsContext == null): null]]></system-out>
         <system-err><![CDATA[22-05-2025T15:56:33 - [TEST_CASE][ERROR] - Test Cases/IPAPER APP/002 TAO YEU CAU: Test Cases/IPAPER APP/002 TAO YEU CAU FAILED.
Reason:
org.openqa.selenium.NoSuchElementException: An element could not be located on the page using the given search parameters.
For documentation on this error, please visit: https://www.seleniumhq.org/exceptions/no_such_element.html
Build info: version: '3.141.59', revision: 'unknown', time: 'unknown'
System info: host: 'Cuong-Mac.local', ip: 'fe80:0:0:0:c43:6797:ebf2:3aad%en0', os.name: 'Mac OS X', os.arch: 'aarch64', os.version: '15.5', java.version: '17.0.7'
Driver info: com.kms.katalon.core.appium.driver.SwipeableAndroidDriver
Capabilities {automationName: UiAutomator2, databaseEnabled: false, desired: {automationName: UiAutomator2, deviceName: af0c5cf7, noReset: true, platformName: android, waitForIdleTimeout: 3000}, deviceApiLevel: 35, deviceManufacturer: OPPO, deviceModel: CPH2699, deviceName: af0c5cf7, deviceScreenDensity: 480, deviceScreenSize: 1080x2400, deviceUDID: af0c5cf7, javascriptEnabled: true, locationContextEnabled: false, networkConnectionEnabled: true, noReset: true, pixelRatio: 3, platform: LINUX, platformName: Android, platformVersion: 15, statBarHeight: 120, takesScreenshot: true, viewportRect: {height: 2280, left: 0, top: 120, width: 1080}, waitForIdleTimeout: 3000, warnings: {}, webStorageEnabled: false}
Session ID: 42b39363-2c25-472a-b49b-4e8f3ae7bc31
*** Element info: {Using=xpath, value=//android.widget.CheckedTextView[@resource-id='com.hdbank.ipaper:id/design_menu_item_text' and @text='Tạo yêu cầu theo mẫu']}
	at java.base/jdk.internal.reflect.NativeConstructorAccessorImpl.newInstance0(Native Method)
	at java.base/jdk.internal.reflect.NativeConstructorAccessorImpl.newInstance(NativeConstructorAccessorImpl.java:77)
	at java.base/jdk.internal.reflect.DelegatingConstructorAccessorImpl.newInstance(DelegatingConstructorAccessorImpl.java:45)
	at org.openqa.selenium.remote.http.W3CHttpResponseCodec.createException(W3CHttpResponseCodec.java:187)
	at org.openqa.selenium.remote.http.W3CHttpResponseCodec.decode(W3CHttpResponseCodec.java:122)
	at org.openqa.selenium.remote.http.W3CHttpResponseCodec.decode(W3CHttpResponseCodec.java:49)
	at org.openqa.selenium.remote.HttpCommandExecutor.execute(HttpCommandExecutor.java:158)
	at io.appium.java_client.remote.AppiumCommandExecutor.execute(AppiumCommandExecutor.java:239)
	at org.openqa.selenium.remote.RemoteWebDriver.execute(RemoteWebDriver.java:552)
	at io.appium.java_client.DefaultGenericMobileDriver.execute(DefaultGenericMobileDriver.java:42)
	at io.appium.java_client.AppiumDriver.execute(AppiumDriver.java:1)
	at io.appium.java_client.android.AndroidDriver.execute(AndroidDriver.java:1)
	at com.kms.katalon.core.appium.driver.SwipeableAndroidDriver.execute(SwipeableAndroidDriver.java:1)
	at org.openqa.selenium.remote.RemoteWebDriver.findElement(RemoteWebDriver.java:323)
	at io.appium.java_client.DefaultGenericMobileDriver.findElement(DefaultGenericMobileDriver.java:62)
	at io.appium.java_client.AppiumDriver.findElement(AppiumDriver.java:1)
	at io.appium.java_client.android.AndroidDriver.findElement(AndroidDriver.java:1)
	at com.kms.katalon.core.appium.driver.SwipeableAndroidDriver.findElement(SwipeableAndroidDriver.java:1)
	at org.openqa.selenium.remote.RemoteWebDriver.findElementByXPath(RemoteWebDriver.java:428)
	at io.appium.java_client.DefaultGenericMobileDriver.findElementByXPath(DefaultGenericMobileDriver.java:152)
	at io.appium.java_client.AppiumDriver.findElementByXPath(AppiumDriver.java:1)
	at io.appium.java_client.android.AndroidDriver.findElementByXPath(AndroidDriver.java:1)
	at com.kms.katalon.core.appium.driver.SwipeableAndroidDriver.findElementByXPath(SwipeableAndroidDriver.java:1)
	at org.openqa.selenium.By$ByXPath.findElement(By.java:353)
	at org.openqa.selenium.remote.RemoteWebDriver.findElement(RemoteWebDriver.java:315)
	at io.appium.java_client.DefaultGenericMobileDriver.findElement(DefaultGenericMobileDriver.java:58)
	at io.appium.java_client.AppiumDriver.findElement(AppiumDriver.java:1)
	at io.appium.java_client.android.AndroidDriver.findElement(AndroidDriver.java:1)
	at com.kms.katalon.core.appium.driver.SwipeableAndroidDriver.findElement(SwipeableAndroidDriver.java:1)
	at base.BaseKeyword$Trait$Helper.clickToElement(BaseKeyword.groovy:92)
	at screens.HomeScreen.clickToElement(HomeScreen.groovy)
	at screens.HomeScreen.openRequestList(HomeScreen.groovy:95)
	at 002 TAO YEU CAU.run(002 TAO YEU CAU:23)
	at com.kms.katalon.core.main.ScriptEngine.run(ScriptEngine.java:194)
	at com.kms.katalon.core.main.ScriptEngine.runScriptAsRawText(ScriptEngine.java:119)
	at com.kms.katalon.core.main.TestCaseExecutor.runScript(TestCaseExecutor.java:448)
	at com.kms.katalon.core.main.TestCaseExecutor.doExecute(TestCaseExecutor.java:439)
	at com.kms.katalon.core.main.TestCaseExecutor.processExecutionPhase(TestCaseExecutor.java:418)
	at com.kms.katalon.core.main.TestCaseExecutor.accessMainPhase(TestCaseExecutor.java:410)
	at com.kms.katalon.core.main.TestCaseExecutor.execute(TestCaseExecutor.java:285)
	at com.kms.katalon.core.common.CommonExecutor.accessTestCaseMainPhase(CommonExecutor.java:65)
	at com.kms.katalon.core.main.TestSuiteExecutor.accessTestSuiteMainPhase(TestSuiteExecutor.java:150)
	at com.kms.katalon.core.main.TestSuiteExecutor.execute(TestSuiteExecutor.java:106)
	at com.kms.katalon.core.main.TestCaseMain.startTestSuite(TestCaseMain.java:180)
	at TempTestSuite1747904187531.run(TempTestSuite1747904187531.groovy:35)
	at java.base/jdk.internal.reflect.NativeMethodAccessorImpl.invoke0(Native Method)
	at java.base/jdk.internal.reflect.NativeMethodAccessorImpl.invoke(NativeMethodAccessorImpl.java:77)
	at java.base/jdk.internal.reflect.DelegatingMethodAccessorImpl.invoke(DelegatingMethodAccessorImpl.java:43)]]></system-err>
      </testcase>
      <testcase name="Test Cases/IPAPER APP/003 TAO YEU CAU KHONG CO ASSIGNER" time="278.134" classname="Test Cases/IPAPER APP/003 TAO YEU CAU KHONG CO ASSIGNER" status="PASSED">
         <system-out><![CDATA[22-05-2025T15:57:00 - [TEST_CASE][PASSED] - Test Cases/IPAPER APP/003 TAO YEU CAU KHONG CO ASSIGNER: Test Cases/IPAPER APP/003 TAO YEU CAU KHONG CO ASSIGNER

22-05-2025T15:57:01 - [TEST_STEP][PASSED] - Start listener action : beforeTest: drivers.Driver.openApp is PASSED

22-05-2025T15:57:01 - [TEST_STEP][PASSED] - DataTest.init(): null

22-05-2025T15:57:01 - [TEST_STEP][PASSED] - testCaseId = split("/").last(): null

22-05-2025T15:57:01 - [TEST_STEP][PASSED] - if (!(drivers.Driver.isAppiumRunning())): drivers.Driver.isAppiumRunning is PASSED

22-05-2025T15:57:01 - [MESSAGE][INFO] - Appium running: true

22-05-2025T15:57:01 - [MESSAGE][PASSED] - drivers.Driver.isAppiumRunning is PASSED

22-05-2025T15:57:01 - [TEST_STEP][PASSED] - if (driver == null || driver.getSessionId() == null): null

22-05-2025T15:57:01 - [TEST_STEP][PASSED] - drivers.Driver.openApp(): drivers.Driver.openApp is PASSED

22-05-2025T15:57:03 - [MESSAGE][PASSED] - drivers.Driver.openApp is PASSED

22-05-2025T15:57:03 - [TEST_STEP][PASSED] - REQUEST_NAME = "Trình ký PDF có sẵn": null

22-05-2025T15:57:03 - [TEST_STEP][PASSED] - STATUS = "Đang đợi xử lý": null

22-05-2025T15:57:03 - [TEST_STEP][PASSED] - TO_DAY = SimpleDateFormat(dd/MM/yyyy).format(new java.util.Date()): null

22-05-2025T15:57:03 - [TEST_STEP][PASSED] - ERROR_MESSAGE = "Vui lòng nhập Email người nhận": null

22-05-2025T15:57:03 - [TEST_STEP][PASSED] - documentTitle = "Trình ký " + System.currentTimeMillis(): null

22-05-2025T15:57:03 - [TEST_STEP][PASSED] - auto5 = DataTest.getUserTest5(): null

22-05-2025T15:57:03 - [TEST_STEP][PASSED] - auto6 = DataTest.getUserTest6(): null

22-05-2025T15:57:03 - [TEST_STEP][PASSED] - auto7 = DataTest.getUserTest7(): null

22-05-2025T15:57:03 - [TEST_STEP][PASSED] - document = DataTest.createDocumentTest(auto5, auto6, auto7, "dummy.pdf", "dummy.pdf"): null

22-05-2025T15:57:03 - [TEST_STEP][PASSED] - loginScreen.login(auto5): null

22-05-2025T15:57:17 - [TEST_STEP][PASSED] - homeScreen.openRequestList(): null

22-05-2025T15:57:22 - [TEST_STEP][PASSED] - homeScreen.createRequest(REQUEST_NAME): null

22-05-2025T15:57:27 - [TEST_STEP][PASSED] - pdfSignScreen.fillInTitle(title): null

22-05-2025T15:57:30 - [TEST_STEP][PASSED] - pdfSignScreen.selectPriority(priority): null

22-05-2025T15:57:32 - [TEST_STEP][PASSED] - pdfSignScreen.selectTime(time): null

22-05-2025T15:57:36 - [TEST_STEP][PASSED] - pdfSignScreen.fillInDescription(description): null

22-05-2025T15:57:38 - [TEST_STEP][PASSED] - pdfSignScreen.selectAssigner(getAssigner().getEmail()): null

22-05-2025T15:57:44 - [TEST_STEP][PASSED] - pdfSignScreen.openMainFileBrowser(): null

22-05-2025T15:57:49 - [TEST_STEP][PASSED] - fileBrowserScreen.attachFile(mainFileName): null

22-05-2025T15:57:59 - [TEST_STEP][PASSED] - pdfSignScreen.openSubFileBrowser(): null

22-05-2025T15:58:01 - [TEST_STEP][PASSED] - fileBrowserScreen.attachFile(subFileName): null

22-05-2025T15:58:13 - [TEST_STEP][PASSED] - pdfSignScreen.selectRelatedMember(getCc().getEmail()): null

22-05-2025T15:58:19 - [TEST_STEP][PASSED] - pdfSignScreen.performAction(SEND_APPROVE): null

22-05-2025T15:58:23 - [TEST_STEP][PASSED] - document.setStatus(WAIT_APPROVE): null

22-05-2025T15:58:23 - [TEST_STEP][PASSED] - pdfSignScreen.fillInOpinion(document.getComment()): null

22-05-2025T15:58:24 - [TEST_STEP][PASSED] - pdfSignScreen.submitRequest(): null

22-05-2025T15:58:39 - [TEST_STEP][PASSED] - documentInformationScreen.backToHome(): null

22-05-2025T15:58:39 - [TEST_STEP][PASSED] - homeScreen.goToOutComingDocument(): null

22-05-2025T15:58:49 - [TEST_STEP][PASSED] - outComingDocument.viewInformationDocument(document): null

22-05-2025T15:58:51 - [TEST_STEP][PASSED] - documentInformationScreen.checkDocumentTitle(document): Verify equals GUI: Trình ký 1747904223134 - DATA: Trình ký 1747904223134

22-05-2025T15:59:03 - [MESSAGE][PASSED] - Verify equals GUI: Trình ký 1747904223134 - DATA: Trình ký 1747904223134

22-05-2025T15:59:03 - [TEST_STEP][PASSED] - documentInformationScreen.checkSender(document): Verify equals GUI: Auto Test User 1 - DATA: Auto Test User 1

22-05-2025T15:59:04 - [MESSAGE][PASSED] - Verify equals GUI: Auto Test User 1 - DATA: Auto Test User 1

22-05-2025T15:59:04 - [TEST_STEP][PASSED] - documentInformationScreen.checkStatus(document): Verify equals GUI: Chờ giám sát phê duyệt - DATA: Chờ giám sát phê duyệt

22-05-2025T15:59:04 - [MESSAGE][PASSED] - Verify equals GUI: Chờ giám sát phê duyệt - DATA: Chờ giám sát phê duyệt

22-05-2025T15:59:04 - [TEST_STEP][PASSED] - documentInformationScreen.checkFinishDate(document): Verify equals GUI: 23/05/2025 - DATA: 23/05/2025

22-05-2025T15:59:04 - [MESSAGE][PASSED] - Verify equals GUI: 23/05/2025 - DATA: 23/05/2025

22-05-2025T15:59:04 - [TEST_STEP][PASSED] - documentInformationScreen.checkPriority(document): Verify equals GUI: Khẩn cấp - DATA: Khẩn cấp

22-05-2025T15:59:04 - [MESSAGE][PASSED] - Verify equals GUI: Khẩn cấp - DATA: Khẩn cấp

22-05-2025T15:59:04 - [TEST_STEP][PASSED] - documentInformationScreen.checkDescription(document): Verify equals GUI: 003 TAO YEU CAU KHONG CO ASSIGNER - DATA: 003 TAO YEU CAU KHONG CO ASSIGNER

22-05-2025T15:59:04 - [MESSAGE][PASSED] - Verify equals GUI: 003 TAO YEU CAU KHONG CO ASSIGNER - DATA: 003 TAO YEU CAU KHONG CO ASSIGNER

22-05-2025T15:59:04 - [TEST_STEP][PASSED] - documentInformationScreen.checkAssigner(document): Verify contains GUI: auto2@hdbank.com.vn - DATA: auto2@hdbank.com.vn

22-05-2025T15:59:06 - [MESSAGE][PASSED] - Verify contains GUI: auto2@hdbank.com.vn - DATA: auto2@hdbank.com.vn

22-05-2025T15:59:06 - [TEST_STEP][PASSED] - documentInformationScreen.checkPresentFileName(document): Verify contains GUI: dummy_20250522155759.ozd - DATA: dummy

22-05-2025T15:59:07 - [MESSAGE][PASSED] - Verify contains GUI: dummy_20250522155759.ozd - DATA: dummy

22-05-2025T15:59:07 - [TEST_STEP][PASSED] - documentInformationScreen.checkAttachFileName(document): Expected true condition

22-05-2025T15:59:09 - [MESSAGE][PASSED] - Expected true condition

22-05-2025T15:59:09 - [TEST_STEP][PASSED] - documentInformationScreen.backToHome(): null

22-05-2025T15:59:13 - [TEST_STEP][PASSED] - outComingDocument.checkItemInDocument(): null

22-05-2025T15:59:13 - [TEST_STEP][PASSED] - homeScreen.logout(): null

22-05-2025T15:59:22 - [TEST_STEP][PASSED] - document.setAssigner(auto5): null

22-05-2025T15:59:22 - [TEST_STEP][PASSED] - loginScreen.login(auto6): null

22-05-2025T15:59:38 - [TEST_STEP][PASSED] - homeScreen.goToIncomingDocument(): null

22-05-2025T15:59:38 - [TEST_STEP][PASSED] - inComingDocument.viewInformationDocument(document): View document Trình ký 1747904223134

22-05-2025T15:59:38 - [MESSAGE][INFO] - View document Trình ký 1747904223134

22-05-2025T16:00:02 - [TEST_STEP][PASSED] - documentInformationScreen.checkDocumentTitle(document): Verify equals GUI: Trình ký 1747904223134 - DATA: Trình ký 1747904223134

22-05-2025T16:00:03 - [MESSAGE][PASSED] - Verify equals GUI: Trình ký 1747904223134 - DATA: Trình ký 1747904223134

22-05-2025T16:00:03 - [TEST_STEP][PASSED] - documentInformationScreen.checkSender(document): Verify equals GUI: Auto Test User 1 - DATA: Auto Test User 1

22-05-2025T16:00:03 - [MESSAGE][PASSED] - Verify equals GUI: Auto Test User 1 - DATA: Auto Test User 1

22-05-2025T16:00:03 - [TEST_STEP][PASSED] - documentInformationScreen.checkStatus(document): Verify equals GUI: Chờ giám sát phê duyệt - DATA: Chờ giám sát phê duyệt

22-05-2025T16:00:03 - [MESSAGE][PASSED] - Verify equals GUI: Chờ giám sát phê duyệt - DATA: Chờ giám sát phê duyệt

22-05-2025T16:00:03 - [TEST_STEP][PASSED] - documentInformationScreen.checkFinishDate(document): Verify equals GUI: 23/05/2025 - DATA: 23/05/2025

22-05-2025T16:00:03 - [MESSAGE][PASSED] - Verify equals GUI: 23/05/2025 - DATA: 23/05/2025

22-05-2025T16:00:03 - [TEST_STEP][PASSED] - documentInformationScreen.checkPriority(document): Verify equals GUI: Khẩn cấp - DATA: Khẩn cấp

22-05-2025T16:00:03 - [MESSAGE][PASSED] - Verify equals GUI: Khẩn cấp - DATA: Khẩn cấp

22-05-2025T16:00:03 - [TEST_STEP][PASSED] - documentInformationScreen.checkDescription(document): Verify equals GUI: 003 TAO YEU CAU KHONG CO ASSIGNER - DATA: 003 TAO YEU CAU KHONG CO ASSIGNER

22-05-2025T16:00:04 - [MESSAGE][PASSED] - Verify equals GUI: 003 TAO YEU CAU KHONG CO ASSIGNER - DATA: 003 TAO YEU CAU KHONG CO ASSIGNER

22-05-2025T16:00:04 - [TEST_STEP][PASSED] - documentInformationScreen.checkAssigner(document): Verify contains GUI: auto1@hdbank.com.vn - DATA: auto1@hdbank.com.vn

22-05-2025T16:00:05 - [MESSAGE][PASSED] - Verify contains GUI: auto1@hdbank.com.vn - DATA: auto1@hdbank.com.vn

22-05-2025T16:00:05 - [TEST_STEP][PASSED] - documentInformationScreen.checkPresentFileName(document): Verify contains GUI: dummy_20250522155759.ozd - DATA: dummy

22-05-2025T16:00:06 - [MESSAGE][PASSED] - Verify contains GUI: dummy_20250522155759.ozd - DATA: dummy

22-05-2025T16:00:06 - [TEST_STEP][PASSED] - documentInformationScreen.checkAttachFileName(document): Expected true condition

22-05-2025T16:00:08 - [MESSAGE][PASSED] - Expected true condition

22-05-2025T16:00:08 - [TEST_STEP][PASSED] - documentInformationScreen.backToHome(): null

22-05-2025T16:00:12 - [TEST_STEP][PASSED] - inComingDocument.checkItemInDocument(): null

22-05-2025T16:00:12 - [TEST_STEP][PASSED] - homeScreen.logout(): null

22-05-2025T16:00:21 - [TEST_STEP][PASSED] - document.setAssigner(auto6): null

22-05-2025T16:00:21 - [TEST_STEP][PASSED] - loginScreen.login(auto7): null

22-05-2025T16:00:41 - [TEST_STEP][PASSED] - homeScreen.goToIncomingDocument(): null

22-05-2025T16:00:42 - [TEST_STEP][PASSED] - inComingDocument.goToRelatedDocument(): null

22-05-2025T16:00:43 - [TEST_STEP][PASSED] - relatedDocumentScreen.viewInformationDocument(document): null

22-05-2025T16:01:03 - [TEST_STEP][PASSED] - documentInformationScreen.checkDocumentTitle(document): Verify equals GUI: Trình ký 1747904223134 - DATA: Trình ký 1747904223134

22-05-2025T16:01:17 - [MESSAGE][PASSED] - Verify equals GUI: Trình ký 1747904223134 - DATA: Trình ký 1747904223134

22-05-2025T16:01:17 - [TEST_STEP][PASSED] - documentInformationScreen.checkSender(document): Verify equals GUI: Auto Test User 1 - DATA: Auto Test User 1

22-05-2025T16:01:17 - [MESSAGE][PASSED] - Verify equals GUI: Auto Test User 1 - DATA: Auto Test User 1

22-05-2025T16:01:17 - [TEST_STEP][PASSED] - documentInformationScreen.checkStatus(document): Verify equals GUI: Chờ giám sát phê duyệt - DATA: Chờ giám sát phê duyệt

22-05-2025T16:01:17 - [MESSAGE][PASSED] - Verify equals GUI: Chờ giám sát phê duyệt - DATA: Chờ giám sát phê duyệt

22-05-2025T16:01:17 - [TEST_STEP][PASSED] - documentInformationScreen.checkFinishDate(document): Verify equals GUI: 23/05/2025 - DATA: 23/05/2025

22-05-2025T16:01:17 - [MESSAGE][PASSED] - Verify equals GUI: 23/05/2025 - DATA: 23/05/2025

22-05-2025T16:01:17 - [TEST_STEP][PASSED] - documentInformationScreen.checkPriority(document): Verify equals GUI: Khẩn cấp - DATA: Khẩn cấp

22-05-2025T16:01:17 - [MESSAGE][PASSED] - Verify equals GUI: Khẩn cấp - DATA: Khẩn cấp

22-05-2025T16:01:17 - [TEST_STEP][PASSED] - documentInformationScreen.checkDescription(document): Verify equals GUI: 003 TAO YEU CAU KHONG CO ASSIGNER - DATA: 003 TAO YEU CAU KHONG CO ASSIGNER

22-05-2025T16:01:18 - [MESSAGE][PASSED] - Verify equals GUI: 003 TAO YEU CAU KHONG CO ASSIGNER - DATA: 003 TAO YEU CAU KHONG CO ASSIGNER

22-05-2025T16:01:18 - [TEST_STEP][PASSED] - documentInformationScreen.checkAssigner(document): Verify contains GUI: auto2@hdbank.com.vn - DATA: auto2@hdbank.com.vn

22-05-2025T16:01:19 - [MESSAGE][PASSED] - Verify contains GUI: auto2@hdbank.com.vn - DATA: auto2@hdbank.com.vn

22-05-2025T16:01:19 - [TEST_STEP][PASSED] - documentInformationScreen.checkPresentFileName(document): Verify contains GUI: dummy_20250522155759.ozd - DATA: dummy

22-05-2025T16:01:20 - [MESSAGE][PASSED] - Verify contains GUI: dummy_20250522155759.ozd - DATA: dummy

22-05-2025T16:01:20 - [TEST_STEP][PASSED] - documentInformationScreen.checkAttachFileName(document): Expected true condition

22-05-2025T16:01:22 - [MESSAGE][PASSED] - Expected true condition

22-05-2025T16:01:22 - [TEST_STEP][PASSED] - documentInformationScreen.checkUserCannotEditDocument(): Check user can not edit document

22-05-2025T16:01:34 - [MESSAGE][PASSED] - Check user can not edit document

22-05-2025T16:01:34 - [TEST_STEP][PASSED] - documentInformationScreen.backToHome(): null

22-05-2025T16:01:38 - [TEST_STEP][PASSED] - Start listener action : afterTest: null

22-05-2025T16:01:38 - [TEST_STEP][PASSED] - if (testCaseStatus != "PASSED"): null

22-05-2025T16:01:38 - [TEST_STEP][PASSED] - drivers.Driver.closeApp(): drivers.Driver.closeApp is PASSED

22-05-2025T16:01:39 - [MESSAGE][PASSED] - drivers.Driver.closeApp is PASSED

22-05-2025T16:01:39 - [TEST_STEP][PASSED] - if (tsContext == null): null]]></system-out>
         <system-err><![CDATA[]]></system-err>
      </testcase>
      <testcase name="Test Cases/IPAPER APP/004 TAO YEU CAU LAY Y KIEN_1 NGUOI" time="163.818" classname="Test Cases/IPAPER APP/004 TAO YEU CAU LAY Y KIEN_1 NGUOI" status="PASSED">
         <system-out><![CDATA[22-05-2025T16:01:39 - [TEST_CASE][PASSED] - Test Cases/IPAPER APP/004 TAO YEU CAU LAY Y KIEN_1 NGUOI: Test Cases/IPAPER APP/004 TAO YEU CAU LAY Y KIEN_1 NGUOI

22-05-2025T16:01:39 - [TEST_STEP][PASSED] - Start listener action : beforeTest: drivers.Driver.openApp is PASSED

22-05-2025T16:01:39 - [TEST_STEP][PASSED] - DataTest.init(): null

22-05-2025T16:01:39 - [TEST_STEP][PASSED] - testCaseId = split("/").last(): null

22-05-2025T16:01:39 - [TEST_STEP][PASSED] - if (!(drivers.Driver.isAppiumRunning())): drivers.Driver.isAppiumRunning is PASSED

22-05-2025T16:01:39 - [MESSAGE][INFO] - Appium running: true

22-05-2025T16:01:39 - [MESSAGE][PASSED] - drivers.Driver.isAppiumRunning is PASSED

22-05-2025T16:01:39 - [TEST_STEP][PASSED] - if (driver == null || driver.getSessionId() == null): null

22-05-2025T16:01:39 - [TEST_STEP][PASSED] - drivers.Driver.openApp(): drivers.Driver.openApp is PASSED

22-05-2025T16:01:41 - [MESSAGE][PASSED] - drivers.Driver.openApp is PASSED

22-05-2025T16:01:41 - [TEST_STEP][PASSED] - REQUEST_NAME = "Trình ký PDF có sẵn": null

22-05-2025T16:01:41 - [TEST_STEP][PASSED] - USER_CREATE_COMMENT = "Commented by user create document": null

22-05-2025T16:01:41 - [TEST_STEP][PASSED] - ASSIGNER_COMMENT = "Comment by assigner": null

22-05-2025T16:01:41 - [TEST_STEP][PASSED] - documentTitle = "Trình ký " + System.currentTimeMillis(): null

22-05-2025T16:01:41 - [TEST_STEP][PASSED] - auto5 = DataTest.getUserTest5(): null

22-05-2025T16:01:41 - [TEST_STEP][PASSED] - auto6 = DataTest.getUserTest6(): null

22-05-2025T16:01:41 - [TEST_STEP][PASSED] - document = DataTest.createDocumentTest(auto5, auto6, null, "dummy.pdf", "dummy.pdf"): null

22-05-2025T16:01:41 - [TEST_STEP][PASSED] - loginScreen.login(auto5): null

22-05-2025T16:01:55 - [TEST_STEP][PASSED] - homeScreen.openRequestList(): null

22-05-2025T16:02:02 - [TEST_STEP][PASSED] - homeScreen.createRequest(REQUEST_NAME): null

22-05-2025T16:02:06 - [TEST_STEP][PASSED] - pdfSignScreen.fillInTitle(document.getTitle()): null

22-05-2025T16:02:09 - [TEST_STEP][PASSED] - pdfSignScreen.selectPriority(document.getPriority()): null

22-05-2025T16:02:11 - [TEST_STEP][PASSED] - pdfSignScreen.selectTime(document.getTime()): null

22-05-2025T16:02:14 - [TEST_STEP][PASSED] - pdfSignScreen.fillInDescription(document.getDescription()): null

22-05-2025T16:02:16 - [TEST_STEP][PASSED] - pdfSignScreen.selectAssigner(getAssigner().getEmail()): null

22-05-2025T16:02:21 - [TEST_STEP][PASSED] - pdfSignScreen.openMainFileBrowser(): null

22-05-2025T16:02:30 - [TEST_STEP][PASSED] - fileBrowserScreen.attachFile(document.getMainFileName()): null

22-05-2025T16:02:40 - [TEST_STEP][PASSED] - pdfSignScreen.openSubFileBrowser(): null

22-05-2025T16:02:42 - [TEST_STEP][PASSED] - fileBrowserScreen.attachFile(document.getSubFileName()): null

22-05-2025T16:02:50 - [TEST_STEP][PASSED] - pdfSignScreen.performAction(SEND_WITH_COMENT): null

22-05-2025T16:02:53 - [TEST_STEP][PASSED] - pdfSignScreen.fillInOpinion(USER_CREATE_COMMENT): null

22-05-2025T16:02:54 - [TEST_STEP][PASSED] - pdfSignScreen.submitRequest(): null

22-05-2025T16:03:03 - [TEST_STEP][PASSED] - documentInformationScreen.backToHome(): null

22-05-2025T16:03:03 - [TEST_STEP][PASSED] - homeScreen.logout(): null

22-05-2025T16:03:11 - [TEST_STEP][PASSED] - document.setStatus(WAIT_GET_COMMENT): null

22-05-2025T16:03:11 - [TEST_STEP][PASSED] - document.setAssigner(auto5): null

22-05-2025T16:03:11 - [TEST_STEP][PASSED] - loginScreen.login(auto6): null

22-05-2025T16:03:26 - [TEST_STEP][PASSED] - homeScreen.goToIncomingDocument(): null

22-05-2025T16:03:26 - [TEST_STEP][PASSED] - inComingDocument.viewInformationDocument(document): View document Trình ký 1747904501861

22-05-2025T16:03:26 - [MESSAGE][INFO] - View document Trình ký 1747904501861

22-05-2025T16:03:34 - [TEST_STEP][PASSED] - documentInformationScreen.checkDocumentTitle(document): Verify equals GUI: Trình ký 1747904501861 - DATA: Trình ký 1747904501861

22-05-2025T16:03:34 - [MESSAGE][PASSED] - Verify equals GUI: Trình ký 1747904501861 - DATA: Trình ký 1747904501861

22-05-2025T16:03:34 - [TEST_STEP][PASSED] - documentInformationScreen.checkSender(document): Verify equals GUI: Auto Test User 1 - DATA: Auto Test User 1

22-05-2025T16:03:34 - [MESSAGE][PASSED] - Verify equals GUI: Auto Test User 1 - DATA: Auto Test User 1

22-05-2025T16:03:34 - [TEST_STEP][PASSED] - documentInformationScreen.checkStatus(document): Verify equals GUI: Chờ lấy ý kiến - DATA: Chờ lấy ý kiến

22-05-2025T16:03:34 - [MESSAGE][PASSED] - Verify equals GUI: Chờ lấy ý kiến - DATA: Chờ lấy ý kiến

22-05-2025T16:03:34 - [TEST_STEP][PASSED] - documentInformationScreen.checkCreateDate(): Verify equals GUI: 22/05/2025 - DATA: 22/05/2025

22-05-2025T16:03:34 - [MESSAGE][PASSED] - Verify equals GUI: 22/05/2025 - DATA: 22/05/2025

22-05-2025T16:03:34 - [TEST_STEP][PASSED] - documentInformationScreen.checkFinishDate(document): Verify equals GUI: 23/05/2025 - DATA: 23/05/2025

22-05-2025T16:03:35 - [MESSAGE][PASSED] - Verify equals GUI: 23/05/2025 - DATA: 23/05/2025

22-05-2025T16:03:35 - [TEST_STEP][PASSED] - documentInformationScreen.checkPriority(document): Verify equals GUI: Bình thường - DATA: Bình thường

22-05-2025T16:03:35 - [MESSAGE][PASSED] - Verify equals GUI: Bình thường - DATA: Bình thường

22-05-2025T16:03:35 - [TEST_STEP][PASSED] - documentInformationScreen.checkDescription(document): Verify equals GUI: 004 TAO YEU CAU LAY Y KIEN_1 NGUOI - DATA: 004 TAO YEU CAU LAY Y KIEN_1 NGUOI

22-05-2025T16:03:35 - [MESSAGE][PASSED] - Verify equals GUI: 004 TAO YEU CAU LAY Y KIEN_1 NGUOI - DATA: 004 TAO YEU CAU LAY Y KIEN_1 NGUOI

22-05-2025T16:03:35 - [TEST_STEP][PASSED] - documentInformationScreen.checkAssigner(document): Verify contains GUI: auto1@hdbank.com.vn - DATA: auto1@hdbank.com.vn

22-05-2025T16:03:37 - [MESSAGE][PASSED] - Verify contains GUI: auto1@hdbank.com.vn - DATA: auto1@hdbank.com.vn

22-05-2025T16:03:37 - [TEST_STEP][PASSED] - documentInformationScreen.checkPresentFileName(document): Verify contains GUI: dummy_20250522160239.ozd - DATA: dummy

22-05-2025T16:03:38 - [MESSAGE][PASSED] - Verify contains GUI: dummy_20250522160239.ozd - DATA: dummy

22-05-2025T16:03:38 - [TEST_STEP][PASSED] - documentInformationScreen.checkAttachFileName(document): Expected true condition

22-05-2025T16:03:40 - [MESSAGE][PASSED] - Expected true condition

22-05-2025T16:03:40 - [TEST_STEP][PASSED] - documentInformationScreen.performAction(document, COMMENT, ASSIGNER_COMMENT): null

22-05-2025T16:03:49 - [TEST_STEP][PASSED] - documentInformationScreen.backToHome(): null

22-05-2025T16:03:49 - [TEST_STEP][PASSED] - document.setSender(auto6): null

22-05-2025T16:03:49 - [TEST_STEP][PASSED] - inComingDocument.checkItemInDocument(): null

22-05-2025T16:03:49 - [TEST_STEP][PASSED] - homeScreen.goToOutComingDocument(): null

22-05-2025T16:03:59 - [TEST_STEP][PASSED] - outComingDocument.viewInformationDocument(document): null

22-05-2025T16:04:01 - [TEST_STEP][PASSED] - documentInformationScreen.checkDocumentTitle(document): Verify equals GUI: Trình ký 1747904501861 - DATA: Trình ký 1747904501861

22-05-2025T16:04:08 - [MESSAGE][PASSED] - Verify equals GUI: Trình ký 1747904501861 - DATA: Trình ký 1747904501861

22-05-2025T16:04:08 - [TEST_STEP][PASSED] - documentInformationScreen.checkSender(document): Verify equals GUI: Auto Test User 2 - DATA: Auto Test User 2

22-05-2025T16:04:08 - [MESSAGE][PASSED] - Verify equals GUI: Auto Test User 2 - DATA: Auto Test User 2

22-05-2025T16:04:08 - [TEST_STEP][PASSED] - documentInformationScreen.checkStatus(document): Verify equals GUI: Đã lấy ý kiến - DATA: Đã lấy ý kiến

22-05-2025T16:04:08 - [MESSAGE][PASSED] - Verify equals GUI: Đã lấy ý kiến - DATA: Đã lấy ý kiến

22-05-2025T16:04:08 - [TEST_STEP][PASSED] - documentInformationScreen.checkCreateDate(): Verify equals GUI: 22/05/2025 - DATA: 22/05/2025

22-05-2025T16:04:08 - [MESSAGE][PASSED] - Verify equals GUI: 22/05/2025 - DATA: 22/05/2025

22-05-2025T16:04:08 - [TEST_STEP][PASSED] - documentInformationScreen.checkFinishDate(document): Verify equals GUI: 23/05/2025 - DATA: 23/05/2025

22-05-2025T16:04:09 - [MESSAGE][PASSED] - Verify equals GUI: 23/05/2025 - DATA: 23/05/2025

22-05-2025T16:04:09 - [TEST_STEP][PASSED] - documentInformationScreen.checkPriority(document): Verify equals GUI: Bình thường - DATA: Bình thường

22-05-2025T16:04:09 - [MESSAGE][PASSED] - Verify equals GUI: Bình thường - DATA: Bình thường

22-05-2025T16:04:09 - [TEST_STEP][PASSED] - documentInformationScreen.checkDescription(document): Verify equals GUI: 004 TAO YEU CAU LAY Y KIEN_1 NGUOI - DATA: 004 TAO YEU CAU LAY Y KIEN_1 NGUOI

22-05-2025T16:04:09 - [MESSAGE][PASSED] - Verify equals GUI: 004 TAO YEU CAU LAY Y KIEN_1 NGUOI - DATA: 004 TAO YEU CAU LAY Y KIEN_1 NGUOI

22-05-2025T16:04:09 - [TEST_STEP][PASSED] - documentInformationScreen.isAssignerDisplayed(): Check sender not displayed

22-05-2025T16:04:12 - [MESSAGE][PASSED] - Check sender not displayed

22-05-2025T16:04:12 - [TEST_STEP][PASSED] - documentInformationScreen.checkPresentFileName(document): Verify contains GUI: dummy_20250522160239.ozd - DATA: dummy

22-05-2025T16:04:13 - [MESSAGE][PASSED] - Verify contains GUI: dummy_20250522160239.ozd - DATA: dummy

22-05-2025T16:04:13 - [TEST_STEP][PASSED] - documentInformationScreen.checkAttachFileName(document): Expected true condition

22-05-2025T16:04:15 - [MESSAGE][PASSED] - Expected true condition

22-05-2025T16:04:15 - [TEST_STEP][PASSED] - documentInformationScreen.checkComment(auto6, ASSIGNER_COMMENT): Check comment of Auto Test User 2 is Comment by assigner

22-05-2025T16:04:16 - [MESSAGE][INFO] - GUI COMMENT: Comment by assigner - DATA COMMENT: Comment by assigner

22-05-2025T16:04:16 - [MESSAGE][PASSED] - Check comment of Auto Test User 2 is Comment by assigner

22-05-2025T16:04:16 - [TEST_STEP][PASSED] - documentInformationScreen.checkComment(auto5, USER_CREATE_COMMENT): Check comment of Auto Test User 1 is Commented by user create document

22-05-2025T16:04:17 - [MESSAGE][INFO] - GUI COMMENT: Commented by user create document - DATA COMMENT: Commented by user create document

22-05-2025T16:04:17 - [MESSAGE][PASSED] - Check comment of Auto Test User 1 is Commented by user create document

22-05-2025T16:04:17 - [TEST_STEP][PASSED] - documentInformationScreen.backToHome(): null

22-05-2025T16:04:22 - [TEST_STEP][PASSED] - inComingDocument.checkItemInDocument(): null

22-05-2025T16:04:22 - [TEST_STEP][PASSED] - Start listener action : afterTest: null

22-05-2025T16:04:22 - [TEST_STEP][PASSED] - if (testCaseStatus != "PASSED"): null

22-05-2025T16:04:22 - [TEST_STEP][PASSED] - drivers.Driver.closeApp(): drivers.Driver.closeApp is PASSED

22-05-2025T16:04:22 - [MESSAGE][PASSED] - drivers.Driver.closeApp is PASSED

22-05-2025T16:04:22 - [TEST_STEP][PASSED] - if (tsContext == null): null]]></system-out>
         <system-err><![CDATA[]]></system-err>
      </testcase>
      <testcase name="Test Cases/IPAPER APP/005 TAO YEU CAU LAY Y KIEN_NHIEU NGUOI" time="287.884" classname="Test Cases/IPAPER APP/005 TAO YEU CAU LAY Y KIEN_NHIEU NGUOI" status="FAILED">
         <failure type="FAILED" message="Test Cases/IPAPER APP/005 TAO YEU CAU LAY Y KIEN_NHIEU NGUOI FAILED.&#xa;Reason:&#xa;com.kms.katalon.core.exception.StepFailedException: Verify equals GUI: Auto Test User 3 - DATA: Auto Test User 1&#xa;	at com.kms.katalon.core.util.KeywordUtil.markFailed(KeywordUtil.java:19)&#xa;	at utilities.AssertUtilities.logResult(AssertUtilities.groovy:30)&#xa;	at utilities.AssertUtilities.checkEquals(AssertUtilities.groovy:11)&#xa;	at screens.DocumentInformationScreen.checkSender(DocumentInformationScreen.groovy:112)&#xa;	at 005 TAO YEU CAU LAY Y KIEN_NHIEU NGUOI.run(005 TAO YEU CAU LAY Y KIEN_NHIEU NGUOI:154)&#xa;	at com.kms.katalon.core.main.ScriptEngine.run(ScriptEngine.java:194)&#xa;	at com.kms.katalon.core.main.ScriptEngine.runScriptAsRawText(ScriptEngine.java:119)&#xa;	at com.kms.katalon.core.main.TestCaseExecutor.runScript(TestCaseExecutor.java:448)&#xa;	at com.kms.katalon.core.main.TestCaseExecutor.doExecute(TestCaseExecutor.java:439)&#xa;	at com.kms.katalon.core.main.TestCaseExecutor.processExecutionPhase(TestCaseExecutor.java:418)&#xa;	at com.kms.katalon.core.main.TestCaseExecutor.accessMainPhase(TestCaseExecutor.java:410)&#xa;	at com.kms.katalon.core.main.TestCaseExecutor.execute(TestCaseExecutor.java:285)&#xa;	at com.kms.katalon.core.common.CommonExecutor.accessTestCaseMainPhase(CommonExecutor.java:65)&#xa;	at com.kms.katalon.core.main.TestSuiteExecutor.accessTestSuiteMainPhase(TestSuiteExecutor.java:150)&#xa;	at com.kms.katalon.core.main.TestSuiteExecutor.execute(TestSuiteExecutor.java:106)&#xa;	at com.kms.katalon.core.main.TestCaseMain.startTestSuite(TestCaseMain.java:180)&#xa;	at TempTestSuite1747904187531.run(TempTestSuite1747904187531.groovy:35)&#xa;	at java.base/jdk.internal.reflect.NativeMethodAccessorImpl.invoke0(Native Method)&#xa;	at java.base/jdk.internal.reflect.NativeMethodAccessorImpl.invoke(NativeMethodAccessorImpl.java:77)&#xa;	at java.base/jdk.internal.reflect.DelegatingMethodAccessorImpl.invoke(DelegatingMethodAccessorImpl.java:43)&#xa;"/>
         <system-out><![CDATA[22-05-2025T16:04:22 - [TEST_CASE][FAILED] - Test Cases/IPAPER APP/005 TAO YEU CAU LAY Y KIEN_NHIEU NGUOI: Test Cases/IPAPER APP/005 TAO YEU CAU LAY Y KIEN_NHIEU NGUOI FAILED.
Reason:
com.kms.katalon.core.exception.StepFailedException: Verify equals GUI: Auto Test User 3 - DATA: Auto Test User 1
	at com.kms.katalon.core.util.KeywordUtil.markFailed(KeywordUtil.java:19)
	at utilities.AssertUtilities.logResult(AssertUtilities.groovy:30)
	at utilities.AssertUtilities.checkEquals(AssertUtilities.groovy:11)
	at screens.DocumentInformationScreen.checkSender(DocumentInformationScreen.groovy:112)
	at 005 TAO YEU CAU LAY Y KIEN_NHIEU NGUOI.run(005 TAO YEU CAU LAY Y KIEN_NHIEU NGUOI:154)
	at com.kms.katalon.core.main.ScriptEngine.run(ScriptEngine.java:194)
	at com.kms.katalon.core.main.ScriptEngine.runScriptAsRawText(ScriptEngine.java:119)
	at com.kms.katalon.core.main.TestCaseExecutor.runScript(TestCaseExecutor.java:448)
	at com.kms.katalon.core.main.TestCaseExecutor.doExecute(TestCaseExecutor.java:439)
	at com.kms.katalon.core.main.TestCaseExecutor.processExecutionPhase(TestCaseExecutor.java:418)
	at com.kms.katalon.core.main.TestCaseExecutor.accessMainPhase(TestCaseExecutor.java:410)
	at com.kms.katalon.core.main.TestCaseExecutor.execute(TestCaseExecutor.java:285)
	at com.kms.katalon.core.common.CommonExecutor.accessTestCaseMainPhase(CommonExecutor.java:65)
	at com.kms.katalon.core.main.TestSuiteExecutor.accessTestSuiteMainPhase(TestSuiteExecutor.java:150)
	at com.kms.katalon.core.main.TestSuiteExecutor.execute(TestSuiteExecutor.java:106)
	at com.kms.katalon.core.main.TestCaseMain.startTestSuite(TestCaseMain.java:180)
	at TempTestSuite1747904187531.run(TempTestSuite1747904187531.groovy:35)
	at java.base/jdk.internal.reflect.NativeMethodAccessorImpl.invoke0(Native Method)
	at java.base/jdk.internal.reflect.NativeMethodAccessorImpl.invoke(NativeMethodAccessorImpl.java:77)
	at java.base/jdk.internal.reflect.DelegatingMethodAccessorImpl.invoke(DelegatingMethodAccessorImpl.java:43)


22-05-2025T16:04:22 - [TEST_STEP][PASSED] - Start listener action : beforeTest: drivers.Driver.openApp is PASSED

22-05-2025T16:04:22 - [TEST_STEP][PASSED] - DataTest.init(): null

22-05-2025T16:04:22 - [TEST_STEP][PASSED] - testCaseId = split("/").last(): null

22-05-2025T16:04:22 - [TEST_STEP][PASSED] - if (!(drivers.Driver.isAppiumRunning())): drivers.Driver.isAppiumRunning is PASSED

22-05-2025T16:04:22 - [MESSAGE][INFO] - Appium running: true

22-05-2025T16:04:22 - [MESSAGE][PASSED] - drivers.Driver.isAppiumRunning is PASSED

22-05-2025T16:04:22 - [TEST_STEP][PASSED] - if (driver == null || driver.getSessionId() == null): null

22-05-2025T16:04:22 - [TEST_STEP][PASSED] - drivers.Driver.openApp(): drivers.Driver.openApp is PASSED

22-05-2025T16:04:25 - [MESSAGE][PASSED] - drivers.Driver.openApp is PASSED

22-05-2025T16:04:25 - [TEST_STEP][PASSED] - REQUEST_NAME = "Trình ký PDF có sẵn": null

22-05-2025T16:04:25 - [TEST_STEP][PASSED] - USER_CREATE_COMMENT = "Commented by user create document": null

22-05-2025T16:04:25 - [TEST_STEP][PASSED] - AUTO6_COMMENT = "Commented by auto6": null

22-05-2025T16:04:25 - [TEST_STEP][PASSED] - AUTO7_COMMENT = "Commented by auto7": null

22-05-2025T16:04:25 - [TEST_STEP][PASSED] - AUTO8_COMMENT = "Commented by auto8": null

22-05-2025T16:04:25 - [TEST_STEP][PASSED] - auto5 = DataTest.getUserTest5(): null

22-05-2025T16:04:25 - [TEST_STEP][PASSED] - auto6 = DataTest.getUserTest6(): null

22-05-2025T16:04:25 - [TEST_STEP][PASSED] - auto7 = DataTest.getUserTest7(): null

22-05-2025T16:04:25 - [TEST_STEP][PASSED] - auto8 = DataTest.getUserTest8(): null

22-05-2025T16:04:25 - [TEST_STEP][PASSED] - document = DataTest.createDocumentTest(auto5, auto6, null, "dummy.pdf", "dummy.pdf"): null

22-05-2025T16:04:25 - [TEST_STEP][PASSED] - loginScreen.login(auto5): null

22-05-2025T16:04:37 - [TEST_STEP][PASSED] - homeScreen.openRequestList(): null

22-05-2025T16:04:43 - [TEST_STEP][PASSED] - homeScreen.createRequest(REQUEST_NAME): null

22-05-2025T16:04:47 - [TEST_STEP][PASSED] - pdfSignScreen.fillInTitle(document.getTitle()): null

22-05-2025T16:04:58 - [TEST_STEP][PASSED] - pdfSignScreen.selectPriority(document.getPriority()): null

22-05-2025T16:05:00 - [TEST_STEP][PASSED] - pdfSignScreen.selectTime(document.getTime()): null

22-05-2025T16:05:03 - [TEST_STEP][PASSED] - pdfSignScreen.fillInDescription(document.getDescription()): null

22-05-2025T16:05:05 - [TEST_STEP][PASSED] - pdfSignScreen.selectAssigner(getAssigner().getEmail()): null

22-05-2025T16:05:11 - [TEST_STEP][PASSED] - pdfSignScreen.selectAssigner(auto7): null

22-05-2025T16:05:17 - [TEST_STEP][PASSED] - pdfSignScreen.selectAssigner(auto8): null

22-05-2025T16:05:23 - [TEST_STEP][PASSED] - pdfSignScreen.openMainFileBrowser(): null

22-05-2025T16:05:28 - [TEST_STEP][PASSED] - fileBrowserScreen.attachFile(document.getMainFileName()): null

22-05-2025T16:05:37 - [TEST_STEP][PASSED] - pdfSignScreen.openSubFileBrowser(): null

22-05-2025T16:05:42 - [TEST_STEP][PASSED] - fileBrowserScreen.attachFile(document.getSubFileName()): null

22-05-2025T16:05:52 - [TEST_STEP][PASSED] - pdfSignScreen.performAction(SEND_WITH_COMENT): null

22-05-2025T16:05:55 - [TEST_STEP][PASSED] - pdfSignScreen.fillInOpinion(USER_CREATE_COMMENT): null

22-05-2025T16:05:55 - [TEST_STEP][PASSED] - pdfSignScreen.submitRequest(): null

22-05-2025T16:06:05 - [TEST_STEP][PASSED] - documentInformationScreen.backToHome(): null

22-05-2025T16:06:05 - [TEST_STEP][PASSED] - homeScreen.logout(): null

22-05-2025T16:06:13 - [TEST_STEP][PASSED] - document.setStatus(WAIT_GET_COMMENT): null

22-05-2025T16:06:13 - [TEST_STEP][PASSED] - document.setAssigner(auto5): null

22-05-2025T16:06:13 - [TEST_STEP][PASSED] - loginScreen.login(auto6): null

22-05-2025T16:06:28 - [TEST_STEP][PASSED] - homeScreen.goToIncomingDocument(): null

22-05-2025T16:06:28 - [TEST_STEP][PASSED] - inComingDocument.viewInformationDocument(document): View document Trình ký 1747904665105

22-05-2025T16:06:28 - [MESSAGE][INFO] - View document Trình ký 1747904665105

22-05-2025T16:06:35 - [TEST_STEP][PASSED] - documentInformationScreen.isSendCommentDisplayed(): Expected true condition

22-05-2025T16:06:37 - [MESSAGE][PASSED] - Expected true condition

22-05-2025T16:06:38 - [TEST_STEP][PASSED] - documentInformationScreen.checkDocumentTitle(document): Verify equals GUI: Trình ký 1747904665105 - DATA: Trình ký 1747904665105

22-05-2025T16:06:38 - [MESSAGE][PASSED] - Verify equals GUI: Trình ký 1747904665105 - DATA: Trình ký 1747904665105

22-05-2025T16:06:38 - [TEST_STEP][PASSED] - documentInformationScreen.checkSender(document): Verify equals GUI: Auto Test User 1 - DATA: Auto Test User 1

22-05-2025T16:06:38 - [MESSAGE][PASSED] - Verify equals GUI: Auto Test User 1 - DATA: Auto Test User 1

22-05-2025T16:06:38 - [TEST_STEP][PASSED] - documentInformationScreen.checkCreateDate(): Verify equals GUI: 22/05/2025 - DATA: 22/05/2025

22-05-2025T16:06:38 - [MESSAGE][PASSED] - Verify equals GUI: 22/05/2025 - DATA: 22/05/2025

22-05-2025T16:06:38 - [TEST_STEP][PASSED] - documentInformationScreen.checkFinishDate(document): Verify equals GUI: 23/05/2025 - DATA: 23/05/2025

22-05-2025T16:06:38 - [MESSAGE][PASSED] - Verify equals GUI: 23/05/2025 - DATA: 23/05/2025

22-05-2025T16:06:38 - [TEST_STEP][PASSED] - documentInformationScreen.checkPriority(document): Verify equals GUI: Cao - DATA: Cao

22-05-2025T16:06:39 - [MESSAGE][PASSED] - Verify equals GUI: Cao - DATA: Cao

22-05-2025T16:06:39 - [TEST_STEP][PASSED] - documentInformationScreen.checkDescription(document): Verify equals GUI: 005 TAO YEU CAU LAY Y KIEN_NHIEU NGUOI - DATA: 005 TAO YEU CAU LAY Y KIEN_NHIEU NGUOI

22-05-2025T16:06:39 - [MESSAGE][PASSED] - Verify equals GUI: 005 TAO YEU CAU LAY Y KIEN_NHIEU NGUOI - DATA: 005 TAO YEU CAU LAY Y KIEN_NHIEU NGUOI

22-05-2025T16:06:39 - [TEST_STEP][PASSED] - documentInformationScreen.checkAssigner(document): Verify contains GUI: auto1@hdbank.com.vn - DATA: auto1@hdbank.com.vn

22-05-2025T16:06:40 - [MESSAGE][PASSED] - Verify contains GUI: auto1@hdbank.com.vn - DATA: auto1@hdbank.com.vn

22-05-2025T16:06:40 - [TEST_STEP][PASSED] - documentInformationScreen.checkPresentFileName(document): Verify contains GUI: dummy_20250522160537.ozd - DATA: dummy

22-05-2025T16:06:41 - [MESSAGE][PASSED] - Verify contains GUI: dummy_20250522160537.ozd - DATA: dummy

22-05-2025T16:06:41 - [TEST_STEP][PASSED] - documentInformationScreen.checkAttachFileName(document): Expected true condition

22-05-2025T16:06:43 - [MESSAGE][PASSED] - Expected true condition

22-05-2025T16:06:43 - [TEST_STEP][PASSED] - documentInformationScreen.performAction(document, COMMENT, AUTO6_COMMENT): null

22-05-2025T16:06:51 - [TEST_STEP][PASSED] - documentInformationScreen.backToHome(): null

22-05-2025T16:06:52 - [TEST_STEP][PASSED] - homeScreen.logout(): null

22-05-2025T16:07:00 - [TEST_STEP][PASSED] - loginScreen.login(auto7): null

22-05-2025T16:07:13 - [TEST_STEP][PASSED] - homeScreen.goToIncomingDocument(): null

22-05-2025T16:07:14 - [TEST_STEP][PASSED] - inComingDocument.viewInformationDocument(document): View document Trình ký 1747904665105

22-05-2025T16:07:14 - [MESSAGE][INFO] - View document Trình ký 1747904665105

22-05-2025T16:07:21 - [TEST_STEP][PASSED] - documentInformationScreen.isSendCommentDisplayed(): Expected true condition

22-05-2025T16:07:22 - [MESSAGE][PASSED] - Expected true condition

22-05-2025T16:07:23 - [TEST_STEP][PASSED] - documentInformationScreen.checkDocumentTitle(document): Verify equals GUI: Trình ký 1747904665105 - DATA: Trình ký 1747904665105

22-05-2025T16:07:23 - [MESSAGE][PASSED] - Verify equals GUI: Trình ký 1747904665105 - DATA: Trình ký 1747904665105

22-05-2025T16:07:23 - [TEST_STEP][PASSED] - documentInformationScreen.checkSender(document): Verify equals GUI: Auto Test User 1 - DATA: Auto Test User 1

22-05-2025T16:07:23 - [MESSAGE][PASSED] - Verify equals GUI: Auto Test User 1 - DATA: Auto Test User 1

22-05-2025T16:07:23 - [TEST_STEP][PASSED] - documentInformationScreen.checkCreateDate(): Verify equals GUI: 22/05/2025 - DATA: 22/05/2025

22-05-2025T16:07:23 - [MESSAGE][PASSED] - Verify equals GUI: 22/05/2025 - DATA: 22/05/2025

22-05-2025T16:07:23 - [TEST_STEP][PASSED] - documentInformationScreen.checkFinishDate(document): Verify equals GUI: 23/05/2025 - DATA: 23/05/2025

22-05-2025T16:07:23 - [MESSAGE][PASSED] - Verify equals GUI: 23/05/2025 - DATA: 23/05/2025

22-05-2025T16:07:23 - [TEST_STEP][PASSED] - documentInformationScreen.checkPriority(document): Verify equals GUI: Cao - DATA: Cao

22-05-2025T16:07:23 - [MESSAGE][PASSED] - Verify equals GUI: Cao - DATA: Cao

22-05-2025T16:07:23 - [TEST_STEP][PASSED] - documentInformationScreen.checkDescription(document): Verify equals GUI: 005 TAO YEU CAU LAY Y KIEN_NHIEU NGUOI - DATA: 005 TAO YEU CAU LAY Y KIEN_NHIEU NGUOI

22-05-2025T16:07:24 - [MESSAGE][PASSED] - Verify equals GUI: 005 TAO YEU CAU LAY Y KIEN_NHIEU NGUOI - DATA: 005 TAO YEU CAU LAY Y KIEN_NHIEU NGUOI

22-05-2025T16:07:24 - [TEST_STEP][PASSED] - documentInformationScreen.checkAssigner(document): Verify contains GUI: auto1@hdbank.com.vn - DATA: auto1@hdbank.com.vn

22-05-2025T16:07:25 - [MESSAGE][PASSED] - Verify contains GUI: auto1@hdbank.com.vn - DATA: auto1@hdbank.com.vn

22-05-2025T16:07:25 - [TEST_STEP][PASSED] - documentInformationScreen.checkPresentFileName(document): Verify contains GUI: dummy_20250522160537.ozd - DATA: dummy

22-05-2025T16:07:26 - [MESSAGE][PASSED] - Verify contains GUI: dummy_20250522160537.ozd - DATA: dummy

22-05-2025T16:07:26 - [TEST_STEP][PASSED] - documentInformationScreen.checkAttachFileName(document): Expected true condition

22-05-2025T16:07:28 - [MESSAGE][PASSED] - Expected true condition

22-05-2025T16:07:28 - [TEST_STEP][PASSED] - documentInformationScreen.performAction(document, COMMENT, AUTO7_COMMENT): null

22-05-2025T16:07:36 - [TEST_STEP][PASSED] - documentInformationScreen.backToHome(): null

22-05-2025T16:07:37 - [TEST_STEP][PASSED] - homeScreen.logout(): null

22-05-2025T16:07:45 - [TEST_STEP][PASSED] - loginScreen.login(auto8): null

22-05-2025T16:08:01 - [TEST_STEP][PASSED] - homeScreen.goToIncomingDocument(): null

22-05-2025T16:08:01 - [TEST_STEP][PASSED] - inComingDocument.viewInformationDocument(document): View document Trình ký 1747904665105

22-05-2025T16:08:01 - [MESSAGE][INFO] - View document Trình ký 1747904665105

22-05-2025T16:08:07 - [TEST_STEP][PASSED] - documentInformationScreen.isSendCommentDisplayed(): Expected true condition

22-05-2025T16:08:08 - [MESSAGE][PASSED] - Expected true condition

22-05-2025T16:08:09 - [TEST_STEP][PASSED] - documentInformationScreen.checkDocumentTitle(document): Verify equals GUI: Trình ký 1747904665105 - DATA: Trình ký 1747904665105

22-05-2025T16:08:09 - [MESSAGE][PASSED] - Verify equals GUI: Trình ký 1747904665105 - DATA: Trình ký 1747904665105

22-05-2025T16:08:09 - [TEST_STEP][FAILED] - documentInformationScreen.checkSender(document): Verify equals GUI: Auto Test User 3 - DATA: Auto Test User 1

22-05-2025T16:08:09 - [MESSAGE][FAILED] - Verify equals GUI: Auto Test User 3 - DATA: Auto Test User 1

22-05-2025T16:08:09 - [TEST_STEP][PASSED] - documentInformationScreen.checkCreateDate(): Verify equals GUI: 22/05/2025 - DATA: 22/05/2025

22-05-2025T16:08:10 - [MESSAGE][PASSED] - Verify equals GUI: 22/05/2025 - DATA: 22/05/2025

22-05-2025T16:08:10 - [TEST_STEP][PASSED] - documentInformationScreen.checkFinishDate(document): Verify equals GUI: 23/05/2025 - DATA: 23/05/2025

22-05-2025T16:08:10 - [MESSAGE][PASSED] - Verify equals GUI: 23/05/2025 - DATA: 23/05/2025

22-05-2025T16:08:10 - [TEST_STEP][PASSED] - documentInformationScreen.checkPriority(document): Verify equals GUI: Cao - DATA: Cao

22-05-2025T16:08:10 - [MESSAGE][PASSED] - Verify equals GUI: Cao - DATA: Cao

22-05-2025T16:08:10 - [TEST_STEP][PASSED] - documentInformationScreen.checkDescription(document): Verify equals GUI: 005 TAO YEU CAU LAY Y KIEN_NHIEU NGUOI - DATA: 005 TAO YEU CAU LAY Y KIEN_NHIEU NGUOI

22-05-2025T16:08:10 - [MESSAGE][PASSED] - Verify equals GUI: 005 TAO YEU CAU LAY Y KIEN_NHIEU NGUOI - DATA: 005 TAO YEU CAU LAY Y KIEN_NHIEU NGUOI

22-05-2025T16:08:10 - [TEST_STEP][PASSED] - documentInformationScreen.checkAssigner(document): Verify contains GUI: auto1@hdbank.com.vn - DATA: auto1@hdbank.com.vn

22-05-2025T16:08:11 - [MESSAGE][PASSED] - Verify contains GUI: auto1@hdbank.com.vn - DATA: auto1@hdbank.com.vn

22-05-2025T16:08:11 - [TEST_STEP][PASSED] - documentInformationScreen.checkPresentFileName(document): Verify contains GUI: dummy_20250522160537.ozd - DATA: dummy

22-05-2025T16:08:12 - [MESSAGE][PASSED] - Verify contains GUI: dummy_20250522160537.ozd - DATA: dummy

22-05-2025T16:08:12 - [TEST_STEP][PASSED] - documentInformationScreen.checkAttachFileName(document): Expected true condition

22-05-2025T16:08:14 - [MESSAGE][PASSED] - Expected true condition

22-05-2025T16:08:14 - [TEST_STEP][PASSED] - documentInformationScreen.performAction(document, COMMENT, AUTO8_COMMENT): null

22-05-2025T16:08:23 - [TEST_STEP][PASSED] - documentInformationScreen.backToHome(): null

22-05-2025T16:08:23 - [TEST_STEP][PASSED] - homeScreen.logout(): null

22-05-2025T16:08:31 - [TEST_STEP][PASSED] - loginScreen.login(auto5): null

22-05-2025T16:08:45 - [TEST_STEP][PASSED] - homeScreen.goToOutComingDocument(): null

22-05-2025T16:08:55 - [TEST_STEP][PASSED] - outComingDocument.viewInformationDocument(document): null

22-05-2025T16:08:56 - [TEST_STEP][PASSED] - documentInformationScreen.checkDocumentTitle(document): Verify equals GUI: Trình ký 1747904665105 - DATA: Trình ký 1747904665105

22-05-2025T16:09:01 - [MESSAGE][PASSED] - Verify equals GUI: Trình ký 1747904665105 - DATA: Trình ký 1747904665105

22-05-2025T16:09:01 - [TEST_STEP][PASSED] - documentInformationScreen.showMoreComment(): null

22-05-2025T16:09:03 - [TEST_STEP][PASSED] - documentInformationScreen.checkComment(auto6, AUTO6_COMMENT): Check comment of Auto Test User 2 is Commented by auto6

22-05-2025T16:09:05 - [MESSAGE][INFO] - GUI COMMENT: Commented by auto6 - DATA COMMENT: Commented by auto6

22-05-2025T16:09:05 - [MESSAGE][PASSED] - Check comment of Auto Test User 2 is Commented by auto6

22-05-2025T16:09:05 - [TEST_STEP][PASSED] - documentInformationScreen.checkComment(auto7, AUTO7_COMMENT): Check comment of Auto Test User 3 is Commented by auto7

22-05-2025T16:09:06 - [MESSAGE][INFO] - GUI COMMENT: Commented by auto7 - DATA COMMENT: Commented by auto7

22-05-2025T16:09:06 - [MESSAGE][PASSED] - Check comment of Auto Test User 3 is Commented by auto7

22-05-2025T16:09:06 - [TEST_STEP][PASSED] - documentInformationScreen.checkComment(auto8, AUTO8_COMMENT): Check comment of Auto Test User 4 is Commented by auto8

22-05-2025T16:09:07 - [MESSAGE][INFO] - GUI COMMENT: Commented by auto8 - DATA COMMENT: Commented by auto8

22-05-2025T16:09:07 - [MESSAGE][PASSED] - Check comment of Auto Test User 4 is Commented by auto8

22-05-2025T16:09:07 - [TEST_STEP][PASSED] - Start listener action : afterTest: null

22-05-2025T16:09:07 - [TEST_STEP][PASSED] - if (testCaseStatus != "PASSED"): Screenshot is taken

22-05-2025T16:09:07 - [TEST_STEP][PASSED] - takeScreenshot(ErrorScreen/$GlobalVariable.PLATFORM/$testCaseContext.getTestCaseId().png): Screenshot is taken

22-05-2025T16:09:10 - [MESSAGE][PASSED] - Screenshot is taken
[[ATTACHMENT|ErrorScreen/Android/Test Cases/IPAPER APP/005 TAO YEU CAU LAY Y KIEN_NHIEU NGUOI.png]]

22-05-2025T16:09:10 - [TEST_STEP][PASSED] - drivers.Driver.closeApp(): drivers.Driver.closeApp is PASSED

22-05-2025T16:09:10 - [MESSAGE][PASSED] - drivers.Driver.closeApp is PASSED

22-05-2025T16:09:10 - [TEST_STEP][PASSED] - if (tsContext == null): null]]></system-out>
         <system-err><![CDATA[22-05-2025T16:04:22 - [TEST_CASE][FAILED] - Test Cases/IPAPER APP/005 TAO YEU CAU LAY Y KIEN_NHIEU NGUOI: Test Cases/IPAPER APP/005 TAO YEU CAU LAY Y KIEN_NHIEU NGUOI FAILED.
Reason:
com.kms.katalon.core.exception.StepFailedException: Verify equals GUI: Auto Test User 3 - DATA: Auto Test User 1
	at com.kms.katalon.core.util.KeywordUtil.markFailed(KeywordUtil.java:19)
	at utilities.AssertUtilities.logResult(AssertUtilities.groovy:30)
	at utilities.AssertUtilities.checkEquals(AssertUtilities.groovy:11)
	at screens.DocumentInformationScreen.checkSender(DocumentInformationScreen.groovy:112)
	at 005 TAO YEU CAU LAY Y KIEN_NHIEU NGUOI.run(005 TAO YEU CAU LAY Y KIEN_NHIEU NGUOI:154)
	at com.kms.katalon.core.main.ScriptEngine.run(ScriptEngine.java:194)
	at com.kms.katalon.core.main.ScriptEngine.runScriptAsRawText(ScriptEngine.java:119)
	at com.kms.katalon.core.main.TestCaseExecutor.runScript(TestCaseExecutor.java:448)
	at com.kms.katalon.core.main.TestCaseExecutor.doExecute(TestCaseExecutor.java:439)
	at com.kms.katalon.core.main.TestCaseExecutor.processExecutionPhase(TestCaseExecutor.java:418)
	at com.kms.katalon.core.main.TestCaseExecutor.accessMainPhase(TestCaseExecutor.java:410)
	at com.kms.katalon.core.main.TestCaseExecutor.execute(TestCaseExecutor.java:285)
	at com.kms.katalon.core.common.CommonExecutor.accessTestCaseMainPhase(CommonExecutor.java:65)
	at com.kms.katalon.core.main.TestSuiteExecutor.accessTestSuiteMainPhase(TestSuiteExecutor.java:150)
	at com.kms.katalon.core.main.TestSuiteExecutor.execute(TestSuiteExecutor.java:106)
	at com.kms.katalon.core.main.TestCaseMain.startTestSuite(TestCaseMain.java:180)
	at TempTestSuite1747904187531.run(TempTestSuite1747904187531.groovy:35)
	at java.base/jdk.internal.reflect.NativeMethodAccessorImpl.invoke0(Native Method)
	at java.base/jdk.internal.reflect.NativeMethodAccessorImpl.invoke(NativeMethodAccessorImpl.java:77)
	at java.base/jdk.internal.reflect.DelegatingMethodAccessorImpl.invoke(DelegatingMethodAccessorImpl.java:43)]]></system-err>
      </testcase>
      <testcase name="Test Cases/IPAPER APP/006 TAO YEU CAU LAY Y KIEN_KHONG NHAP Y KIEN" time="150.004" classname="Test Cases/IPAPER APP/006 TAO YEU CAU LAY Y KIEN_KHONG NHAP Y KIEN" status="PASSED">
         <system-out><![CDATA[22-05-2025T16:09:10 - [TEST_CASE][PASSED] - Test Cases/IPAPER APP/006 TAO YEU CAU LAY Y KIEN_KHONG NHAP Y KIEN: Test Cases/IPAPER APP/006 TAO YEU CAU LAY Y KIEN_KHONG NHAP Y KIEN

22-05-2025T16:09:10 - [TEST_STEP][PASSED] - Start listener action : beforeTest: drivers.Driver.openApp is PASSED

22-05-2025T16:09:10 - [TEST_STEP][PASSED] - DataTest.init(): null

22-05-2025T16:09:10 - [TEST_STEP][PASSED] - testCaseId = split("/").last(): null

22-05-2025T16:09:10 - [TEST_STEP][PASSED] - if (!(drivers.Driver.isAppiumRunning())): drivers.Driver.isAppiumRunning is PASSED

22-05-2025T16:09:10 - [MESSAGE][INFO] - Appium running: true

22-05-2025T16:09:10 - [MESSAGE][PASSED] - drivers.Driver.isAppiumRunning is PASSED

22-05-2025T16:09:10 - [TEST_STEP][PASSED] - if (driver == null || driver.getSessionId() == null): null

22-05-2025T16:09:10 - [TEST_STEP][PASSED] - drivers.Driver.openApp(): drivers.Driver.openApp is PASSED

22-05-2025T16:09:13 - [MESSAGE][PASSED] - drivers.Driver.openApp is PASSED

22-05-2025T16:09:13 - [TEST_STEP][PASSED] - REQUEST_NAME = "Trình ký PDF có sẵn": null

22-05-2025T16:09:13 - [TEST_STEP][PASSED] - USER_CREATE_COMMENT = "Commented by user create document": null

22-05-2025T16:09:13 - [TEST_STEP][PASSED] - ASSIGNER_COMMENT = "Comment by assigner": null

[...]

22-05-2025T17:00:40 - [TEST_STEP][PASSED] - auto7 = DataTest.getUserTest7(): null

22-05-2025T17:00:40 - [TEST_STEP][PASSED] - auto8 = DataTest.getUserTest8(): null

22-05-2025T17:00:40 - [TEST_STEP][PASSED] - document = DataTest.createDocumentTest(auto5, auto6, auto7, "dummy.pdf", "dummy.pdf"): null

22-05-2025T17:00:40 - [TEST_STEP][PASSED] - loginScreen.login(auto5): null

22-05-2025T17:00:56 - [TEST_STEP][PASSED] - homeScreen.openRequestList(): null

22-05-2025T17:01:02 - [TEST_STEP][PASSED] - homeScreen.createRequest(REQUEST_NAME): null

22-05-2025T17:01:07 - [TEST_STEP][PASSED] - pdfSignScreen.fillInTitle(title): null

22-05-2025T17:01:12 - [TEST_STEP][PASSED] - pdfSignScreen.selectPriority(priority): null

22-05-2025T17:01:14 - [TEST_STEP][PASSED] - pdfSignScreen.selectTime(time): null

22-05-2025T17:01:18 - [TEST_STEP][PASSED] - pdfSignScreen.fillInDescription(description): null

22-05-2025T17:01:19 - [TEST_STEP][PASSED] - pdfSignScreen.openMainFileBrowser(): null

22-05-2025T17:01:20 - [TEST_STEP][PASSED] - fileBrowserScreen.attachFile(mainFileName): null

22-05-2025T17:01:29 - [TEST_STEP][PASSED] - pdfSignScreen.openSubFileBrowser(): null

22-05-2025T17:01:35 - [TEST_STEP][PASSED] - fileBrowserScreen.attachFile(subFileName): null

22-05-2025T17:01:44 - [TEST_STEP][PASSED] - pdfSignScreen.processDefinition(auto6): null

22-05-2025T17:01:53 - [TEST_STEP][PASSED] - pdfSignScreen.processDefinition(auto7, auto8): null

22-05-2025T17:02:10 - [TEST_STEP][PASSED] - pdfSignScreen.performAction(SEND_APPROVE): null

22-05-2025T17:02:12 - [TEST_STEP][PASSED] - pdfSignScreen.fillInOpinion(document.getComment()): null

22-05-2025T17:02:13 - [TEST_STEP][PASSED] - pdfSignScreen.submitRequest(): null

22-05-2025T17:02:23 - [TEST_STEP][PASSED] - document.setStatus(WAIT_APPROVE): null

22-05-2025T17:02:23 - [TEST_STEP][PASSED] - documentInformationScreen.backToHome(): null

22-05-2025T17:02:23 - [TEST_STEP][PASSED] - homeScreen.goToOutComingDocument(): null

22-05-2025T17:02:34 - [TEST_STEP][PASSED] - outComingDocument.viewInformationDocument(document): null

22-05-2025T17:02:35 - [TEST_STEP][PASSED] - documentInformationScreen.checkDocumentTitle(document): Verify equals GUI: Trình ký 1747908040473 - DATA: Trình ký 1747908040473

22-05-2025T17:02:42 - [MESSAGE][PASSED] - Verify equals GUI: Trình ký 1747908040473 - DATA: Trình ký 1747908040473

22-05-2025T17:02:42 - [TEST_STEP][PASSED] - documentInformationScreen.checkSender(document): Verify equals GUI: Auto Test User 1 - DATA: Auto Test User 1

22-05-2025T17:02:42 - [MESSAGE][PASSED] - Verify equals GUI: Auto Test User 1 - DATA: Auto Test User 1

22-05-2025T17:02:42 - [TEST_STEP][PASSED] - documentInformationScreen.checkStatus(document): Verify equals GUI: Chờ giám sát phê duyệt - DATA: Chờ giám sát phê duyệt

22-05-2025T17:02:42 - [MESSAGE][PASSED] - Verify equals GUI: Chờ giám sát phê duyệt - DATA: Chờ giám sát phê duyệt

22-05-2025T17:02:42 - [TEST_STEP][PASSED] - documentInformationScreen.checkCreateDate(): Verify equals GUI: 22/05/2025 - DATA: 22/05/2025

22-05-2025T17:02:42 - [MESSAGE][PASSED] - Verify equals GUI: 22/05/2025 - DATA: 22/05/2025

22-05-2025T17:02:42 - [TEST_STEP][PASSED] - documentInformationScreen.checkFinishDate(document): Verify equals GUI: 23/05/2025 - DATA: 23/05/2025

22-05-2025T17:02:42 - [MESSAGE][PASSED] - Verify equals GUI: 23/05/2025 - DATA: 23/05/2025

22-05-2025T17:02:42 - [TEST_STEP][PASSED] - documentInformationScreen.checkPriority(document): Verify equals GUI: Cao - DATA: Cao

22-05-2025T17:02:42 - [MESSAGE][PASSED] - Verify equals GUI: Cao - DATA: Cao

22-05-2025T17:02:42 - [TEST_STEP][PASSED] - documentInformationScreen.checkDescription(document): Verify equals GUI: 059 TẠO QUY TRINH_2 BUOC - DATA: 059 TẠO QUY TRINH_2 BUOC

22-05-2025T17:02:43 - [MESSAGE][PASSED] - Verify equals GUI: 059 TẠO QUY TRINH_2 BUOC - DATA: 059 TẠO QUY TRINH_2 BUOC

22-05-2025T17:02:43 - [TEST_STEP][PASSED] - documentInformationScreen.checkPresentFileName(document): Verify contains GUI: dummy_20250522170130.ozd - DATA: dummy

22-05-2025T17:02:44 - [MESSAGE][PASSED] - Verify contains GUI: dummy_20250522170130.ozd - DATA: dummy

22-05-2025T17:02:44 - [TEST_STEP][PASSED] - documentInformationScreen.checkAttachFileName(document): Expected true condition

22-05-2025T17:02:45 - [MESSAGE][PASSED] - Expected true condition

22-05-2025T17:02:45 - [TEST_STEP][PASSED] - documentInformationScreen.checkAssigners(auto6, auto7, auto8): Checking if all user emails are present in the list

22-05-2025T17:02:54 - [MESSAGE][PASSED] - Checking if all user emails are present in the list

22-05-2025T17:02:54 - [TEST_STEP][PASSED] - documentInformationScreen.backToHome(): null

22-05-2025T17:02:58 - [TEST_STEP][PASSED] - homeScreen.logout(): null

22-05-2025T17:03:06 - [TEST_STEP][PASSED] - loginScreen.login(auto6): null

22-05-2025T17:03:21 - [TEST_STEP][PASSED] - document.setAssigner(auto5): null

22-05-2025T17:03:21 - [TEST_STEP][PASSED] - homeScreen.goToIncomingDocument(): null

22-05-2025T17:03:21 - [TEST_STEP][PASSED] - inComingDocument.viewInformationDocument(document): View document Trình ký 1747908040473

22-05-2025T17:03:21 - [MESSAGE][INFO] - View document Trình ký 1747908040473

22-05-2025T17:03:27 - [TEST_STEP][PASSED] - documentInformationScreen.checkDocumentTitle(document): Verify equals GUI: Trình ký 1747908040473 - DATA: Trình ký 1747908040473

22-05-2025T17:03:28 - [MESSAGE][PASSED] - Verify equals GUI: Trình ký 1747908040473 - DATA: Trình ký 1747908040473

22-05-2025T17:03:28 - [TEST_STEP][PASSED] - documentInformationScreen.checkSender(document): Verify equals GUI: Auto Test User 1 - DATA: Auto Test User 1

22-05-2025T17:03:28 - [MESSAGE][PASSED] - Verify equals GUI: Auto Test User 1 - DATA: Auto Test User 1

22-05-2025T17:03:28 - [TEST_STEP][PASSED] - documentInformationScreen.checkStatus(document): Verify equals GUI: Chờ giám sát phê duyệt - DATA: Chờ giám sát phê duyệt

22-05-2025T17:03:28 - [MESSAGE][PASSED] - Verify equals GUI: Chờ giám sát phê duyệt - DATA: Chờ giám sát phê duyệt

22-05-2025T17:03:28 - [TEST_STEP][PASSED] - documentInformationScreen.checkCreateDate(): Verify equals GUI: 22/05/2025 - DATA: 22/05/2025

22-05-2025T17:03:28 - [MESSAGE][PASSED] - Verify equals GUI: 22/05/2025 - DATA: 22/05/2025

22-05-2025T17:03:28 - [TEST_STEP][PASSED] - documentInformationScreen.checkFinishDate(document): Verify equals GUI: 23/05/2025 - DATA: 23/05/2025

22-05-2025T17:03:28 - [MESSAGE][PASSED] - Verify equals GUI: 23/05/2025 - DATA: 23/05/2025

22-05-2025T17:03:28 - [TEST_STEP][PASSED] - documentInformationScreen.checkPriority(document): Verify equals GUI: Cao - DATA: Cao

22-05-2025T17:03:28 - [MESSAGE][PASSED] - Verify equals GUI: Cao - DATA: Cao

22-05-2025T17:03:28 - [TEST_STEP][PASSED] - documentInformationScreen.checkDescription(document): Verify equals GUI: 059 TẠO QUY TRINH_2 BUOC - DATA: 059 TẠO QUY TRINH_2 BUOC

22-05-2025T17:03:28 - [MESSAGE][PASSED] - Verify equals GUI: 059 TẠO QUY TRINH_2 BUOC - DATA: 059 TẠO QUY TRINH_2 BUOC

22-05-2025T17:03:28 - [TEST_STEP][PASSED] - documentInformationScreen.checkPresentFileName(document): Verify contains GUI: dummy_20250522170130.ozd - DATA: dummy

22-05-2025T17:03:34 - [MESSAGE][PASSED] - Verify contains GUI: dummy_20250522170130.ozd - DATA: dummy

22-05-2025T17:03:34 - [TEST_STEP][PASSED] - documentInformationScreen.checkAttachFileName(document): Expected true condition

22-05-2025T17:03:37 - [MESSAGE][PASSED] - Expected true condition

22-05-2025T17:03:37 - [TEST_STEP][PASSED] - documentInformationScreen.checkAssigners(auto6, auto7, auto8): Checking if all user emails are present in the list

22-05-2025T17:03:45 - [MESSAGE][PASSED] - Checking if all user emails are present in the list

22-05-2025T17:03:45 - [TEST_STEP][PASSED] - Start listener action : afterTest: null

22-05-2025T17:03:45 - [TEST_STEP][PASSED] - if (testCaseStatus != "PASSED"): null

22-05-2025T17:03:45 - [TEST_STEP][PASSED] - drivers.Driver.closeApp(): drivers.Driver.closeApp is PASSED

22-05-2025T17:03:46 - [MESSAGE][PASSED] - drivers.Driver.closeApp is PASSED

22-05-2025T17:03:46 - [TEST_STEP][PASSED] - if (tsContext == null): null]]></system-out>
         <system-err><![CDATA[]]></system-err>
      </testcase>
      <system-out><![CDATA[22-05-2025T15:56:29 - [TEST_SUITE][ERROR] - checklist: Test Cases/IPAPER APP/002 TAO YEU CAU FAILED.
Reason:
org.openqa.selenium.NoSuchElementException: An element could not be located on the page using the given search parameters.
For documentation on this error, please visit: https://www.seleniumhq.org/exceptions/no_such_element.html
Build info: version: '3.141.59', revision: 'unknown', time: 'unknown'
System info: host: 'Cuong-Mac.local', ip: 'fe80:0:0:0:c43:6797:ebf2:3aad%en0', os.name: 'Mac OS X', os.arch: 'aarch64', os.version: '15.5', java.version: '17.0.7'
Driver info: com.kms.katalon.core.appium.driver.SwipeableAndroidDriver
Capabilities {automationName: UiAutomator2, databaseEnabled: false, desired: {automationName: UiAutomator2, deviceName: af0c5cf7, noReset: true, platformName: android, waitForIdleTimeout: 3000}, deviceApiLevel: 35, deviceManufacturer: OPPO, deviceModel: CPH2699, deviceName: af0c5cf7, deviceScreenDensity: 480, deviceScreenSize: 1080x2400, deviceUDID: af0c5cf7, javascriptEnabled: true, locationContextEnabled: false, networkConnectionEnabled: true, noReset: true, pixelRatio: 3, platform: LINUX, platformName: Android, platformVersion: 15, statBarHeight: 120, takesScreenshot: true, viewportRect: {height: 2280, left: 0, top: 120, width: 1080}, waitForIdleTimeout: 3000, warnings: {}, webStorageEnabled: false}
Session ID: 42b39363-2c25-472a-b49b-4e8f3ae7bc31
*** Element info: {Using=xpath, value=//android.widget.CheckedTextView[@resource-id='com.hdbank.ipaper:id/design_menu_item_text' and @text='Tạo yêu cầu theo mẫu']}
	at java.base/jdk.internal.reflect.NativeConstructorAccessorImpl.newInstance0(Native Method)
	at java.base/jdk.internal.reflect.NativeConstructorAccessorImpl.newInstance(NativeConstructorAccessorImpl.java:77)
	at java.base/jdk.internal.reflect.DelegatingConstructorAccessorImpl.newInstance(DelegatingConstructorAccessorImpl.java:45)
	at org.openqa.selenium.remote.http.W3CHttpResponseCodec.createException(W3CHttpResponseCodec.java:187)
	at org.openqa.selenium.remote.http.W3CHttpResponseCodec.decode(W3CHttpResponseCodec.java:122)
	at org.openqa.selenium.remote.http.W3CHttpResponseCodec.decode(W3CHttpResponseCodec.java:49)
	at org.openqa.selenium.remote.HttpCommandExecutor.execute(HttpCommandExecutor.java:158)
	at io.appium.java_client.remote.AppiumCommandExecutor.execute(AppiumCommandExecutor.java:239)
	at org.openqa.selenium.remote.RemoteWebDriver.execute(RemoteWebDriver.java:552)
	at io.appium.java_client.DefaultGenericMobileDriver.execute(DefaultGenericMobileDriver.java:42)
	at io.appium.java_client.AppiumDriver.execute(AppiumDriver.java:1)
	at io.appium.java_client.android.AndroidDriver.execute(AndroidDriver.java:1)
	at com.kms.katalon.core.appium.driver.SwipeableAndroidDriver.execute(SwipeableAndroidDriver.java:1)
	at org.openqa.selenium.remote.RemoteWebDriver.findElement(RemoteWebDriver.java:323)
	at io.appium.java_client.DefaultGenericMobileDriver.findElement(DefaultGenericMobileDriver.java:62)
	at io.appium.java_client.AppiumDriver.findElement(AppiumDriver.java:1)
	at io.appium.java_client.android.AndroidDriver.findElement(AndroidDriver.java:1)
	at com.kms.katalon.core.appium.driver.SwipeableAndroidDriver.findElement(SwipeableAndroidDriver.java:1)
	at org.openqa.selenium.remote.RemoteWebDriver.findElementByXPath(RemoteWebDriver.java:428)
	at io.appium.java_client.DefaultGenericMobileDriver.findElementByXPath(DefaultGenericMobileDriver.java:152)
	at io.appium.java_client.AppiumDriver.findElementByXPath(AppiumDriver.java:1)
	at io.appium.java_client.android.AndroidDriver.findElementByXPath(AndroidDriver.java:1)
	at com.kms.katalon.core.appium.driver.SwipeableAndroidDriver.findElementByXPath(SwipeableAndroidDriver.java:1)
	at org.openqa.selenium.By$ByXPath.findElement(By.java:353)
	at org.openqa.selenium.remote.RemoteWebDriver.findElement(RemoteWebDriver.java:315)
	at io.appium.java_client.DefaultGenericMobileDriver.findElement(DefaultGenericMobileDriver.java:58)
	at io.appium.java_client.AppiumDriver.findElement(AppiumDriver.java:1)
	at io.appium.java_client.android.AndroidDriver.findElement(AndroidDriver.java:1)
	at com.kms.katalon.core.appium.driver.SwipeableAndroidDriver.findElement(SwipeableAndroidDriver.java:1)
	at base.BaseKeyword$Trait$Helper.clickToElement(BaseKeyword.groovy:92)
	at screens.HomeScreen.clickToElement(HomeScreen.groovy)
	at screens.HomeScreen.openRequestList(HomeScreen.groovy:95)
	at 002 TAO YEU CAU.run(002 TAO YEU CAU:23)
	at com.kms.katalon.core.main.ScriptEngine.run(ScriptEngine.java:194)
	at com.kms.katalon.core.main.ScriptEngine.runScriptAsRawText(ScriptEngine.java:119)
	at com.kms.katalon.core.main.TestCaseExecutor.runScript(TestCaseExecutor.java:448)
	at com.kms.katalon.core.main.TestCaseExecutor.doExecute(TestCaseExecutor.java:439)
	at com.kms.katalon.core.main.TestCaseExecutor.processExecutionPhase(TestCaseExecutor.java:418)
	at com.kms.katalon.core.main.TestCaseExecutor.accessMainPhase(TestCaseExecutor.java:410)
	at com.kms.katalon.core.main.TestCaseExecutor.execute(TestCaseExecutor.java:285)
	at com.kms.katalon.core.common.CommonExecutor.accessTestCaseMainPhase(CommonExecutor.java:65)
	at com.kms.katalon.core.main.TestSuiteExecutor.accessTestSuiteMainPhase(TestSuiteExecutor.java:150)
	at com.kms.katalon.core.main.TestSuiteExecutor.execute(TestSuiteExecutor.java:106)
	at com.kms.katalon.core.main.TestCaseMain.startTestSuite(TestCaseMain.java:180)
	at TempTestSuite1747904187531.run(TempTestSuite1747904187531.groovy:35)
	at java.base/jdk.internal.reflect.NativeMethodAccessorImpl.invoke0(Native Method)
	at java.base/jdk.internal.reflect.NativeMethodAccessorImpl.invoke(NativeMethodAccessorImpl.java:77)
	at java.base/jdk.internal.reflect.DelegatingMethodAccessorImpl.invoke(DelegatingMethodAccessorImpl.java:43)]]></system-out>
      <system-err><![CDATA[22-05-2025T15:56:29 - [TEST_SUITE][ERROR] - checklist: Test Cases/IPAPER APP/002 TAO YEU CAU FAILED.
Reason:
org.openqa.selenium.NoSuchElementException: An element could not be located on the page using the given search parameters.
For documentation on this error, please visit: https://www.seleniumhq.org/exceptions/no_such_element.html
Build info: version: '3.141.59', revision: 'unknown', time: 'unknown'
System info: host: 'Cuong-Mac.local', ip: 'fe80:0:0:0:c43:6797:ebf2:3aad%en0', os.name: 'Mac OS X', os.arch: 'aarch64', os.version: '15.5', java.version: '17.0.7'
Driver info: com.kms.katalon.core.appium.driver.SwipeableAndroidDriver
Capabilities {automationName: UiAutomator2, databaseEnabled: false, desired: {automationName: UiAutomator2, deviceName: af0c5cf7, noReset: true, platformName: android, waitForIdleTimeout: 3000}, deviceApiLevel: 35, deviceManufacturer: OPPO, deviceModel: CPH2699, deviceName: af0c5cf7, deviceScreenDensity: 480, deviceScreenSize: 1080x2400, deviceUDID: af0c5cf7, javascriptEnabled: true, locationContextEnabled: false, networkConnectionEnabled: true, noReset: true, pixelRatio: 3, platform: LINUX, platformName: Android, platformVersion: 15, statBarHeight: 120, takesScreenshot: true, viewportRect: {height: 2280, left: 0, top: 120, width: 1080}, waitForIdleTimeout: 3000, warnings: {}, webStorageEnabled: false}
Session ID: 42b39363-2c25-472a-b49b-4e8f3ae7bc31
*** Element info: {Using=xpath, value=//android.widget.CheckedTextView[@resource-id='com.hdbank.ipaper:id/design_menu_item_text' and @text='Tạo yêu cầu theo mẫu']}
	at java.base/jdk.internal.reflect.NativeConstructorAccessorImpl.newInstance0(Native Method)
	at java.base/jdk.internal.reflect.NativeConstructorAccessorImpl.newInstance(NativeConstructorAccessorImpl.java:77)
	at java.base/jdk.internal.reflect.DelegatingConstructorAccessorImpl.newInstance(DelegatingConstructorAccessorImpl.java:45)
	at org.openqa.selenium.remote.http.W3CHttpResponseCodec.createException(W3CHttpResponseCodec.java:187)
	at org.openqa.selenium.remote.http.W3CHttpResponseCodec.decode(W3CHttpResponseCodec.java:122)
	at org.openqa.selenium.remote.http.W3CHttpResponseCodec.decode(W3CHttpResponseCodec.java:49)
	at org.openqa.selenium.remote.HttpCommandExecutor.execute(HttpCommandExecutor.java:158)
	at io.appium.java_client.remote.AppiumCommandExecutor.execute(AppiumCommandExecutor.java:239)
	at org.openqa.selenium.remote.RemoteWebDriver.execute(RemoteWebDriver.java:552)
	at io.appium.java_client.DefaultGenericMobileDriver.execute(DefaultGenericMobileDriver.java:42)
	at io.appium.java_client.AppiumDriver.execute(AppiumDriver.java:1)
	at io.appium.java_client.android.AndroidDriver.execute(AndroidDriver.java:1)
	at com.kms.katalon.core.appium.driver.SwipeableAndroidDriver.execute(SwipeableAndroidDriver.java:1)
	at org.openqa.selenium.remote.RemoteWebDriver.findElement(RemoteWebDriver.java:323)
	at io.appium.java_client.DefaultGenericMobileDriver.findElement(DefaultGenericMobileDriver.java:62)
	at io.appium.java_client.AppiumDriver.findElement(AppiumDriver.java:1)
	at io.appium.java_client.android.AndroidDriver.findElement(AndroidDriver.java:1)
	at com.kms.katalon.core.appium.driver.SwipeableAndroidDriver.findElement(SwipeableAndroidDriver.java:1)
	at org.openqa.selenium.remote.RemoteWebDriver.findElementByXPath(RemoteWebDriver.java:428)
	at io.appium.java_client.DefaultGenericMobileDriver.findElementByXPath(DefaultGenericMobileDriver.java:152)
	at io.appium.java_client.AppiumDriver.findElementByXPath(AppiumDriver.java:1)
	at io.appium.java_client.android.AndroidDriver.findElementByXPath(AndroidDriver.java:1)
	at com.kms.katalon.core.appium.driver.SwipeableAndroidDriver.findElementByXPath(SwipeableAndroidDriver.java:1)
	at org.openqa.selenium.By$ByXPath.findElement(By.java:353)
	at org.openqa.selenium.remote.RemoteWebDriver.findElement(RemoteWebDriver.java:315)
	at io.appium.java_client.DefaultGenericMobileDriver.findElement(DefaultGenericMobileDriver.java:58)
	at io.appium.java_client.AppiumDriver.findElement(AppiumDriver.java:1)
	at io.appium.java_client.android.AndroidDriver.findElement(AndroidDriver.java:1)
	at com.kms.katalon.core.appium.driver.SwipeableAndroidDriver.findElement(SwipeableAndroidDriver.java:1)
	at base.BaseKeyword$Trait$Helper.clickToElement(BaseKeyword.groovy:92)
	at screens.HomeScreen.clickToElement(HomeScreen.groovy)
	at screens.HomeScreen.openRequestList(HomeScreen.groovy:95)
	at 002 TAO YEU CAU.run(002 TAO YEU CAU:23)
	at com.kms.katalon.core.main.ScriptEngine.run(ScriptEngine.java:194)
	at com.kms.katalon.core.main.ScriptEngine.runScriptAsRawText(ScriptEngine.java:119)
	at com.kms.katalon.core.main.TestCaseExecutor.runScript(TestCaseExecutor.java:448)
	at com.kms.katalon.core.main.TestCaseExecutor.doExecute(TestCaseExecutor.java:439)
	at com.kms.katalon.core.main.TestCaseExecutor.processExecutionPhase(TestCaseExecutor.java:418)
	at com.kms.katalon.core.main.TestCaseExecutor.accessMainPhase(TestCaseExecutor.java:410)
	at com.kms.katalon.core.main.TestCaseExecutor.execute(TestCaseExecutor.java:285)
	at com.kms.katalon.core.common.CommonExecutor.accessTestCaseMainPhase(CommonExecutor.java:65)
	at com.kms.katalon.core.main.TestSuiteExecutor.accessTestSuiteMainPhase(TestSuiteExecutor.java:150)
	at com.kms.katalon.core.main.TestSuiteExecutor.execute(TestSuiteExecutor.java:106)
	at com.kms.katalon.core.main.TestCaseMain.startTestSuite(TestCaseMain.java:180)
	at TempTestSuite1747904187531.run(TempTestSuite1747904187531.groovy:35)
	at java.base/jdk.internal.reflect.NativeMethodAccessorImpl.invoke0(Native Method)
	at java.base/jdk.internal.reflect.NativeMethodAccessorImpl.invoke(NativeMethodAccessorImpl.java:77)
	at java.base/jdk.internal.reflect.DelegatingMethodAccessorImpl.invoke(DelegatingMethodAccessorImpl.java:43)]]></system-err>
   </testsuite>
</testsuites>
