<?xml version="1.0" encoding="UTF-8"?>
<testsuites name="Demo" time="3892.033" tests="31" failures="4" errors="3">
   <testsuite name="Demo" tests="31" failures="4" errors="3" time="3892.033" skipped="0" timestamp="18-05-2025T14:17:42" hostname="cuongvo - 125.235.4.59.adsl.viettel.vn" id="Test Suites/Demo">
      <properties>
         <property name="deviceName" value="null"/>
         <property name="devicePlatform" value="null"/>
         <property name="logFolder" value="/Users/cuongvo/hdb_katalon/IPaper/Reports/20250518_141741/Demo/20250518_141741"/>
         <property name="logFiles" value="/Users/cuongvo/hdb_katalon/IPaper/Reports/20250518_141741/Demo/20250518_141741/execution0.log"/>
         <property name="attachments" value="ErrorScreen/Android/Test Cases/IPAPER APP/037 LAY Y KIEN NHANH_KHONG NHAP Y KIEN.png, ErrorScreen/Android/Test Cases/IPAPER APP/049 TIM KIEM HO SO THEO BO LOC.png, ErrorScreen/Android/Test Cases/IPAPER APP/020 TU CHOI CHI TIET_KHONG NHAP Y KIEN.png, ErrorScreen/Android/Test Cases/IPAPER APP/019 TU CHOI CHI TIET_NHAP Y KIEN.png, ErrorScreen/Android/Test Cases/IPAPER APP/040 LAY Y KIEN CHI TIET_KHONG NHAP Y KIEN.png, ErrorScreen/Android/Test Cases/IPAPER APP/016 DUYET CO CC_KHONG NHAP Y KIEN.png, ErrorScreen/Android/Test Cases/IPAPER APP/017 DUYET CO CC_NHAP Y KIEN.png"/>
         <property name="hostName" value="cuongvo - 125.235.4.59.adsl.viettel.vn"/>
         <property name="os" value="Mac OS X 64bit"/>
         <property name="appiumServerStatus" value="{&quot;value&quot;:{&quot;ready&quot;:true,&quot;message&quot;:&quot;The server is ready to accept new connections&quot;,&quot;build&quot;:{&quot;version&quot;:&quot;2.17.1&quot;}}}"/>
         <property name="katalonVersion" value="9.7.5.223"/>
         <property name="deviceOS" value="null"/>
         <property name="appiumVersion" value="2.17.1"/>
         <property name="deviceModel" value="null"/>
         <property name="hostAddress" value="125.235.4.59"/>
         <property name="deviceManufacturer" value="null"/>
         <property name="deviceId" value="null"/>
         <property name="deviceName" value="null"/>
         <property name="deviceOSVersion" value="null"/>
      </properties>
      <testcase name="Test Cases/IPAPER APP/060 DINH NGHIA QUY TRINH CO SAN" time="146.266" classname="Test Cases/IPAPER APP/060 DINH NGHIA QUY TRINH CO SAN" status="PASSED">
         <system-out><![CDATA[18-05-2025T14:17:51 - [TEST_CASE][PASSED] - Test Cases/IPAPER APP/060 DINH NGHIA QUY TRINH CO SAN: Test Cases/IPAPER APP/060 DINH NGHIA QUY TRINH CO SAN

18-05-2025T14:17:51 - [TEST_STEP][PASSED] - Start listener action : beforeTest: drivers.Driver.openApp is PASSED

18-05-2025T14:17:51 - [TEST_STEP][PASSED] - DataTest.init(): null

18-05-2025T14:17:51 - [TEST_STEP][PASSED] - testCaseId = split("/").last(): null

18-05-2025T14:17:51 - [TEST_STEP][PASSED] - if (!(drivers.Driver.isAppiumRunning())): drivers.Driver.isAppiumRunning is PASSED

18-05-2025T14:17:51 - [MESSAGE][INFO] - Appium running: true

18-05-2025T14:17:51 - [MESSAGE][PASSED] - drivers.Driver.isAppiumRunning is PASSED

18-05-2025T14:17:51 - [TEST_STEP][PASSED] - if (driver == null || driver.getSessionId() == null): null

18-05-2025T14:17:51 - [TEST_STEP][PASSED] - drivers.Driver.openApp(): drivers.Driver.openApp is PASSED

18-05-2025T14:17:53 - [MESSAGE][PASSED] - drivers.Driver.openApp is PASSED

18-05-2025T14:17:53 - [TEST_STEP][PASSED] - REQUEST_NAME = "Trình ký PDF có sẵn": null

18-05-2025T14:17:53 - [TEST_STEP][PASSED] - PROCESS_NAME = "Automation Test": null

18-05-2025T14:17:53 - [TEST_STEP][PASSED] - TO_DAY = SimpleDateFormat(dd/MM/yyyy).format(new java.util.Date()): null

18-05-2025T14:17:53 - [TEST_STEP][PASSED] - auto5 = DataTest.getUserTest("auto5"): null

18-05-2025T14:17:53 - [TEST_STEP][PASSED] - auto6 = DataTest.getUserTest("auto6"): null

18-05-2025T14:17:53 - [TEST_STEP][PASSED] - auto7 = DataTest.getUserTest("auto7"): null

18-05-2025T14:17:53 - [TEST_STEP][PASSED] - auto8 = DataTest.getUserTest("auto8"): null

18-05-2025T14:17:53 - [TEST_STEP][PASSED] - document = DataTest.createDocumentTest(auto5, auto6, auto7, "dummy.pdf", "dummy.pdf"): null

18-05-2025T14:17:53 - [TEST_STEP][PASSED] - loginScreen.login(auto5): null

18-05-2025T14:18:02 - [TEST_STEP][PASSED] - homeScreen.openRequestList(): null

18-05-2025T14:18:08 - [TEST_STEP][PASSED] - homeScreen.createRequest(REQUEST_NAME): null

18-05-2025T14:18:11 - [TEST_STEP][PASSED] - pdfSignScreen.fillInTitle(title): null

18-05-2025T14:18:14 - [TEST_STEP][PASSED] - pdfSignScreen.selectPriority(priority): null

18-05-2025T14:18:16 - [TEST_STEP][PASSED] - pdfSignScreen.selectTime(time): null

18-05-2025T14:18:20 - [TEST_STEP][PASSED] - pdfSignScreen.fillInDescription(description): null

18-05-2025T14:18:22 - [TEST_STEP][PASSED] - pdfSignScreen.openMainFileBrowser(): null

18-05-2025T14:18:23 - [TEST_STEP][PASSED] - fileBrowserScreen.attachFile(mainFileName): null

18-05-2025T14:18:29 - [TEST_STEP][PASSED] - pdfSignScreen.openSubFileBrowser(): null

18-05-2025T14:18:34 - [TEST_STEP][PASSED] - fileBrowserScreen.attachFile(subFileName): null

18-05-2025T14:18:41 - [TEST_STEP][PASSED] - pdfSignScreen.selectProcessDefined(PROCESS_NAME): null

18-05-2025T14:18:45 - [TEST_STEP][PASSED] - pdfSignScreen.performAction(SEND_APPROVE): null

18-05-2025T14:18:48 - [TEST_STEP][PASSED] - pdfSignScreen.fillInOpinion(document.getComment()): null

18-05-2025T14:18:48 - [TEST_STEP][PASSED] - pdfSignScreen.submitRequest(): null

18-05-2025T14:19:03 - [TEST_STEP][PASSED] - document.setStatus(WAIT_APPROVE): null

18-05-2025T14:19:03 - [TEST_STEP][PASSED] - documentInformationScreen.backToHome(): null

18-05-2025T14:19:03 - [TEST_STEP][PASSED] - homeScreen.goToOutComingDocument(): null

18-05-2025T14:19:14 - [TEST_STEP][PASSED] - outComingDocument.viewInformationDocument(document): null

18-05-2025T14:19:15 - [TEST_STEP][PASSED] - documentInformationScreen.checkDocumentTitle(document): Verify equals GUI: Trình ký 1747552673393 - DATA: Trình ký 1747552673393

18-05-2025T14:19:20 - [MESSAGE][PASSED] - Verify equals GUI: Trình ký 1747552673393 - DATA: Trình ký 1747552673393

18-05-2025T14:19:20 - [TEST_STEP][PASSED] - documentInformationScreen.checkSender(document): Verify equals GUI: Auto Test User 5 - DATA: Auto Test User 5

18-05-2025T14:19:20 - [MESSAGE][PASSED] - Verify equals GUI: Auto Test User 5 - DATA: Auto Test User 5

18-05-2025T14:19:20 - [TEST_STEP][PASSED] - documentInformationScreen.checkStatus(document): Verify equals GUI: Chờ giám sát phê duyệt - DATA: Chờ giám sát phê duyệt

18-05-2025T14:19:20 - [MESSAGE][PASSED] - Verify equals GUI: Chờ giám sát phê duyệt - DATA: Chờ giám sát phê duyệt

18-05-2025T14:19:20 - [TEST_STEP][PASSED] - documentInformationScreen.checkCreateDate(): Verify equals GUI: 18/05/2025 - DATA: 18/05/2025

18-05-2025T14:19:20 - [MESSAGE][PASSED] - Verify equals GUI: 18/05/2025 - DATA: 18/05/2025

18-05-2025T14:19:20 - [TEST_STEP][PASSED] - documentInformationScreen.checkFinishDate(document): Verify equals GUI: 19/05/2025 - DATA: 19/05/2025

18-05-2025T14:19:20 - [MESSAGE][PASSED] - Verify equals GUI: 19/05/2025 - DATA: 19/05/2025

18-05-2025T14:19:20 - [TEST_STEP][PASSED] - documentInformationScreen.checkPriority(document): Verify equals GUI: Bình thường - DATA: Bình thường

18-05-2025T14:19:21 - [MESSAGE][PASSED] - Verify equals GUI: Bình thường - DATA: Bình thường

18-05-2025T14:19:21 - [TEST_STEP][PASSED] - documentInformationScreen.checkDescription(document): Verify equals GUI: 060 DINH NGHIA QUY TRINH CO SAN - DATA: 060 DINH NGHIA QUY TRINH CO SAN

18-05-2025T14:19:21 - [MESSAGE][PASSED] - Verify equals GUI: 060 DINH NGHIA QUY TRINH CO SAN - DATA: 060 DINH NGHIA QUY TRINH CO SAN

18-05-2025T14:19:21 - [TEST_STEP][PASSED] - documentInformationScreen.checkPresentFileName(document): Verify contains GUI: dummy_20250518141905.ozd - DATA: dummy

18-05-2025T14:19:22 - [MESSAGE][PASSED] - Verify contains GUI: dummy_20250518141905.ozd - DATA: dummy

18-05-2025T14:19:22 - [TEST_STEP][PASSED] - documentInformationScreen.checkAttachFileName(document): Expected true condition

18-05-2025T14:19:24 - [MESSAGE][PASSED] - Expected true condition

18-05-2025T14:19:24 - [TEST_STEP][PASSED] - documentInformationScreen.checkAssigners(auto6, auto7, auto8): Checking if all user emails are present in the list

18-05-2025T14:19:32 - [MESSAGE][PASSED] - Checking if all user emails are present in the list

18-05-2025T14:19:32 - [TEST_STEP][PASSED] - documentInformationScreen.backToHome(): null

18-05-2025T14:19:37 - [TEST_STEP][PASSED] - homeScreen.logout(): null

18-05-2025T14:19:47 - [TEST_STEP][PASSED] - loginScreen.login(auto6): null

18-05-2025T14:19:57 - [TEST_STEP][PASSED] - document.setAssigner(auto5): null

18-05-2025T14:19:57 - [TEST_STEP][PASSED] - homeScreen.goToIncomingDocument(): null

18-05-2025T14:19:57 - [TEST_STEP][PASSED] - inComingDocument.viewInformationDocument(document): View document Trình ký 1747552673393

18-05-2025T14:19:57 - [MESSAGE][INFO] - View document Trình ký 1747552673393

18-05-2025T14:20:03 - [TEST_STEP][PASSED] - documentInformationScreen.checkDocumentTitle(document): Verify equals GUI: Trình ký 1747552673393 - DATA: Trình ký 1747552673393

18-05-2025T14:20:04 - [MESSAGE][PASSED] - Verify equals GUI: Trình ký 1747552673393 - DATA: Trình ký 1747552673393

18-05-2025T14:20:04 - [TEST_STEP][PASSED] - documentInformationScreen.checkSender(document): Verify equals GUI: Auto Test User 5 - DATA: Auto Test User 5

18-05-2025T14:20:04 - [MESSAGE][PASSED] - Verify equals GUI: Auto Test User 5 - DATA: Auto Test User 5

18-05-2025T14:20:04 - [TEST_STEP][PASSED] - documentInformationScreen.checkStatus(document): Verify equals GUI: Chờ giám sát phê duyệt - DATA: Chờ giám sát phê duyệt

18-05-2025T14:20:04 - [MESSAGE][PASSED] - Verify equals GUI: Chờ giám sát phê duyệt - DATA: Chờ giám sát phê duyệt

18-05-2025T14:20:04 - [TEST_STEP][PASSED] - documentInformationScreen.checkCreateDate(): Verify equals GUI: 18/05/2025 - DATA: 18/05/2025

18-05-2025T14:20:04 - [MESSAGE][PASSED] - Verify equals GUI: 18/05/2025 - DATA: 18/05/2025

18-05-2025T14:20:04 - [TEST_STEP][PASSED] - documentInformationScreen.checkFinishDate(document): Verify equals GUI: 19/05/2025 - DATA: 19/05/2025

18-05-2025T14:20:04 - [MESSAGE][PASSED] - Verify equals GUI: 19/05/2025 - DATA: 19/05/2025

18-05-2025T14:20:04 - [TEST_STEP][PASSED] - documentInformationScreen.checkPriority(document): Verify equals GUI: Bình thường - DATA: Bình thường

18-05-2025T14:20:04 - [MESSAGE][PASSED] - Verify equals GUI: Bình thường - DATA: Bình thường

18-05-2025T14:20:04 - [TEST_STEP][PASSED] - documentInformationScreen.checkDescription(document): Verify equals GUI: 060 DINH NGHIA QUY TRINH CO SAN - DATA: 060 DINH NGHIA QUY TRINH CO SAN

18-05-2025T14:20:04 - [MESSAGE][PASSED] - Verify equals GUI: 060 DINH NGHIA QUY TRINH CO SAN - DATA: 060 DINH NGHIA QUY TRINH CO SAN

18-05-2025T14:20:04 - [TEST_STEP][PASSED] - documentInformationScreen.checkPresentFileName(document): Verify contains GUI: dummy_20250518141905.ozd - DATA: dummy

18-05-2025T14:20:09 - [MESSAGE][PASSED] - Verify contains GUI: dummy_20250518141905.ozd - DATA: dummy

18-05-2025T14:20:09 - [TEST_STEP][PASSED] - documentInformationScreen.checkAttachFileName(document): Expected true condition

18-05-2025T14:20:11 - [MESSAGE][PASSED] - Expected true condition

18-05-2025T14:20:11 - [TEST_STEP][PASSED] - documentInformationScreen.checkAssigners(auto6, auto7, auto8): Checking if all user emails are present in the list

18-05-2025T14:20:16 - [MESSAGE][PASSED] - Checking if all user emails are present in the list

18-05-2025T14:20:16 - [TEST_STEP][PASSED] - Start listener action : afterTest: null

18-05-2025T14:20:16 - [TEST_STEP][PASSED] - if (testCaseStatus != "PASSED"): null

18-05-2025T14:20:16 - [TEST_STEP][PASSED] - drivers.Driver.closeApp(): drivers.Driver.closeApp is PASSED

18-05-2025T14:20:17 - [MESSAGE][PASSED] - drivers.Driver.closeApp is PASSED

18-05-2025T14:20:17 - [TEST_STEP][PASSED] - if (tsContext == null): null]]></system-out>
         <system-err><![CDATA[]]></system-err>
      </testcase>
      <testcase name="Test Cases/IPAPER APP/058 TẠO QUY TRINH_1 BUOC" time="136.948" classname="Test Cases/IPAPER APP/058 TẠO QUY TRINH_1 BUOC" status="PASSED">
         <system-out><![CDATA[18-05-2025T14:20:17 - [TEST_CASE][PASSED] - Test Cases/IPAPER APP/058 TẠO QUY TRINH_1 BUOC: Test Cases/IPAPER APP/058 TẠO QUY TRINH_1 BUOC

18-05-2025T14:20:17 - [TEST_STEP][PASSED] - Start listener action : beforeTest: drivers.Driver.openApp is PASSED

18-05-2025T14:20:17 - [TEST_STEP][PASSED] - DataTest.init(): null

18-05-2025T14:20:17 - [TEST_STEP][PASSED] - testCaseId = split("/").last(): null

18-05-2025T14:20:17 - [TEST_STEP][PASSED] - if (!(drivers.Driver.isAppiumRunning())): drivers.Driver.isAppiumRunning is PASSED

18-05-2025T14:20:17 - [MESSAGE][INFO] - Appium running: true

18-05-2025T14:20:17 - [MESSAGE][PASSED] - drivers.Driver.isAppiumRunning is PASSED

18-05-2025T14:20:17 - [TEST_STEP][PASSED] - if (driver == null || driver.getSessionId() == null): null

18-05-2025T14:20:17 - [TEST_STEP][PASSED] - drivers.Driver.openApp(): drivers.Driver.openApp is PASSED

18-05-2025T14:20:20 - [MESSAGE][PASSED] - drivers.Driver.openApp is PASSED

18-05-2025T14:20:20 - [TEST_STEP][PASSED] - REQUEST_NAME = "Trình ký PDF có sẵn": null

18-05-2025T14:20:20 - [TEST_STEP][PASSED] - TO_DAY = SimpleDateFormat(dd/MM/yyyy).format(new java.util.Date()): null

18-05-2025T14:20:20 - [TEST_STEP][PASSED] - auto5 = DataTest.getUserTest("auto5"): null

18-05-2025T14:20:20 - [TEST_STEP][PASSED] - auto6 = DataTest.getUserTest("auto6"): null

18-05-2025T14:20:20 - [TEST_STEP][PASSED] - auto7 = DataTest.getUserTest("auto7"): null

18-05-2025T14:20:20 - [TEST_STEP][PASSED] - document = DataTest.createDocumentTest(auto5, auto6, auto7, "dummy.pdf", "dummy.pdf"): null

18-05-2025T14:20:20 - [TEST_STEP][PASSED] - loginScreen.login(auto5): null

18-05-2025T14:20:28 - [TEST_STEP][PASSED] - homeScreen.openRequestList(): null

18-05-2025T14:20:33 - [TEST_STEP][PASSED] - homeScreen.createRequest(REQUEST_NAME): null

18-05-2025T14:20:37 - [TEST_STEP][PASSED] - pdfSignScreen.fillInTitle(title): null

18-05-2025T14:20:41 - [TEST_STEP][PASSED] - pdfSignScreen.selectPriority(priority): null

18-05-2025T14:20:43 - [TEST_STEP][PASSED] - pdfSignScreen.selectTime(time): null

18-05-2025T14:20:46 - [TEST_STEP][PASSED] - pdfSignScreen.fillInDescription(description): null

18-05-2025T14:20:47 - [TEST_STEP][PASSED] - pdfSignScreen.openMainFileBrowser(): null

18-05-2025T14:20:48 - [TEST_STEP][PASSED] - fileBrowserScreen.attachFile(mainFileName): null

18-05-2025T14:20:54 - [TEST_STEP][PASSED] - pdfSignScreen.openSubFileBrowser(): null

18-05-2025T14:20:59 - [TEST_STEP][PASSED] - fileBrowserScreen.attachFile(subFileName): null

18-05-2025T14:21:05 - [TEST_STEP][PASSED] - pdfSignScreen.processDefinition(auto6): null

18-05-2025T14:21:15 - [TEST_STEP][PASSED] - pdfSignScreen.performAction(SEND_APPROVE): null

18-05-2025T14:21:16 - [TEST_STEP][PASSED] - pdfSignScreen.fillInOpinion(document.getComment()): null

18-05-2025T14:21:18 - [TEST_STEP][PASSED] - pdfSignScreen.submitRequest(): null

18-05-2025T14:21:27 - [TEST_STEP][PASSED] - document.setStatus(WAIT_APPROVE): null

18-05-2025T14:21:27 - [TEST_STEP][PASSED] - documentInformationScreen.backToHome(): null

18-05-2025T14:21:27 - [TEST_STEP][PASSED] - homeScreen.goToOutComingDocument(): null

18-05-2025T14:21:36 - [TEST_STEP][PASSED] - outComingDocument.viewInformationDocument(document): null

18-05-2025T14:21:37 - [TEST_STEP][PASSED] - documentInformationScreen.checkDocumentTitle(document): Verify equals GUI: Trình ký 1747552820390 - DATA: Trình ký 1747552820390

18-05-2025T14:21:42 - [MESSAGE][PASSED] - Verify equals GUI: Trình ký 1747552820390 - DATA: Trình ký 1747552820390

18-05-2025T14:21:42 - [TEST_STEP][PASSED] - documentInformationScreen.checkSender(document): Verify equals GUI: Auto Test User 5 - DATA: Auto Test User 5

18-05-2025T14:21:42 - [MESSAGE][PASSED] - Verify equals GUI: Auto Test User 5 - DATA: Auto Test User 5

18-05-2025T14:21:42 - [TEST_STEP][PASSED] - documentInformationScreen.checkStatus(document): Verify equals GUI: Chờ giám sát phê duyệt - DATA: Chờ giám sát phê duyệt

18-05-2025T14:21:42 - [MESSAGE][PASSED] - Verify equals GUI: Chờ giám sát phê duyệt - DATA: Chờ giám sát phê duyệt

18-05-2025T14:21:42 - [TEST_STEP][PASSED] - documentInformationScreen.checkCreateDate(): Verify equals GUI: 18/05/2025 - DATA: 18/05/2025

18-05-2025T14:21:42 - [MESSAGE][PASSED] - Verify equals GUI: 18/05/2025 - DATA: 18/05/2025

18-05-2025T14:21:42 - [TEST_STEP][PASSED] - documentInformationScreen.checkFinishDate(document): Verify equals GUI: 19/05/2025 - DATA: 19/05/2025

18-05-2025T14:21:43 - [MESSAGE][PASSED] - Verify equals GUI: 19/05/2025 - DATA: 19/05/2025

18-05-2025T14:21:43 - [TEST_STEP][PASSED] - documentInformationScreen.checkPriority(document): Verify equals GUI: Bình thường - DATA: Bình thường

18-05-2025T14:21:43 - [MESSAGE][PASSED] - Verify equals GUI: Bình thường - DATA: Bình thường

18-05-2025T14:21:43 - [TEST_STEP][PASSED] - documentInformationScreen.checkDescription(document): Verify equals GUI: 058 TẠO QUY TRINH_1 BUOC - DATA: 058 TẠO QUY TRINH_1 BUOC

18-05-2025T14:21:43 - [MESSAGE][PASSED] - Verify equals GUI: 058 TẠO QUY TRINH_1 BUOC - DATA: 058 TẠO QUY TRINH_1 BUOC

18-05-2025T14:21:43 - [TEST_STEP][PASSED] - documentInformationScreen.checkAssigner(document): Verify contains GUI: auto6@hdbank.com.vn - DATA: auto6@hdbank.com.vn

18-05-2025T14:21:44 - [MESSAGE][PASSED] - Verify contains GUI: auto6@hdbank.com.vn - DATA: auto6@hdbank.com.vn

18-05-2025T14:21:44 - [TEST_STEP][PASSED] - documentInformationScreen.checkPresentFileName(document): Verify contains GUI: dummy_20250518142130.ozd - DATA: dummy

18-05-2025T14:21:45 - [MESSAGE][PASSED] - Verify contains GUI: dummy_20250518142130.ozd - DATA: dummy

18-05-2025T14:21:45 - [TEST_STEP][PASSED] - documentInformationScreen.checkAttachFileName(document): Expected true condition

18-05-2025T14:21:47 - [MESSAGE][PASSED] - Expected true condition

18-05-2025T14:21:47 - [TEST_STEP][PASSED] - documentInformationScreen.backToHome(): null

18-05-2025T14:21:52 - [TEST_STEP][PASSED] - homeScreen.logout(): null

18-05-2025T14:22:00 - [TEST_STEP][PASSED] - loginScreen.login(auto6): null

18-05-2025T14:22:09 - [TEST_STEP][PASSED] - document.setAssigner(auto5): null

18-05-2025T14:22:09 - [TEST_STEP][PASSED] - homeScreen.goToIncomingDocument(): null

18-05-2025T14:22:09 - [TEST_STEP][PASSED] - inComingDocument.viewInformationDocument(document): View document Trình ký 1747552820390

18-05-2025T14:22:09 - [MESSAGE][INFO] - View document Trình ký 1747552820390

18-05-2025T14:22:15 - [TEST_STEP][PASSED] - documentInformationScreen.checkDocumentTitle(document): Verify equals GUI: Trình ký 1747552820390 - DATA: Trình ký 1747552820390

18-05-2025T14:22:15 - [MESSAGE][PASSED] - Verify equals GUI: Trình ký 1747552820390 - DATA: Trình ký 1747552820390

18-05-2025T14:22:15 - [TEST_STEP][PASSED] - documentInformationScreen.checkSender(document): Verify equals GUI: Auto Test User 5 - DATA: Auto Test User 5

18-05-2025T14:22:15 - [MESSAGE][PASSED] - Verify equals GUI: Auto Test User 5 - DATA: Auto Test User 5

18-05-2025T14:22:15 - [TEST_STEP][PASSED] - documentInformationScreen.checkStatus(document): Verify equals GUI: Chờ giám sát phê duyệt - DATA: Chờ giám sát phê duyệt

18-05-2025T14:22:15 - [MESSAGE][PASSED] - Verify equals GUI: Chờ giám sát phê duyệt - DATA: Chờ giám sát phê duyệt

18-05-2025T14:22:15 - [TEST_STEP][PASSED] - documentInformationScreen.checkCreateDate(): Verify equals GUI: 18/05/2025 - DATA: 18/05/2025

18-05-2025T14:22:16 - [MESSAGE][PASSED] - Verify equals GUI: 18/05/2025 - DATA: 18/05/2025

18-05-2025T14:22:16 - [TEST_STEP][PASSED] - documentInformationScreen.checkFinishDate(document): Verify equals GUI: 19/05/2025 - DATA: 19/05/2025

18-05-2025T14:22:16 - [MESSAGE][PASSED] - Verify equals GUI: 19/05/2025 - DATA: 19/05/2025

18-05-2025T14:22:16 - [TEST_STEP][PASSED] - documentInformationScreen.checkPriority(document): Verify equals GUI: Bình thường - DATA: Bình thường

18-05-2025T14:22:16 - [MESSAGE][PASSED] - Verify equals GUI: Bình thường - DATA: Bình thường

18-05-2025T14:22:16 - [TEST_STEP][PASSED] - documentInformationScreen.checkDescription(document): Verify equals GUI: 058 TẠO QUY TRINH_1 BUOC - DATA: 058 TẠO QUY TRINH_1 BUOC

18-05-2025T14:22:16 - [MESSAGE][PASSED] - Verify equals GUI: 058 TẠO QUY TRINH_1 BUOC - DATA: 058 TẠO QUY TRINH_1 BUOC

18-05-2025T14:22:16 - [TEST_STEP][PASSED] - documentInformationScreen.checkAssigner(document): Verify contains GUI: auto5@hdbank.com.vn - DATA: auto5@hdbank.com.vn

18-05-2025T14:22:17 - [MESSAGE][PASSED] - Verify contains GUI: auto5@hdbank.com.vn - DATA: auto5@hdbank.com.vn

18-05-2025T14:22:17 - [TEST_STEP][PASSED] - documentInformationScreen.checkPresentFileName(document): Verify contains GUI: dummy_20250518142130.ozd - DATA: dummy

18-05-2025T14:22:19 - [MESSAGE][PASSED] - Verify contains GUI: dummy_20250518142130.ozd - DATA: dummy

18-05-2025T14:22:19 - [TEST_STEP][PASSED] - documentInformationScreen.checkAttachFileName(document): Expected true condition

18-05-2025T14:22:20 - [MESSAGE][PASSED] - Expected true condition

18-05-2025T14:22:20 - [TEST_STEP][PASSED] - documentInformationScreen.backToHome(): null

18-05-2025T14:22:25 - [TEST_STEP][PASSED] - homeScreen.logout(): null

18-05-2025T14:22:33 - [TEST_STEP][PASSED] - Start listener action : afterTest: null

18-05-2025T14:22:33 - [TEST_STEP][PASSED] - if (testCaseStatus != "PASSED"): null

18-05-2025T14:22:33 - [TEST_STEP][PASSED] - drivers.Driver.closeApp(): drivers.Driver.closeApp is PASSED

18-05-2025T14:22:34 - [MESSAGE][PASSED] - drivers.Driver.closeApp is PASSED

18-05-2025T14:22:34 - [TEST_STEP][PASSED] - if (tsContext == null): null]]></system-out>
         <system-err><![CDATA[]]></system-err>
      </testcase>
      <testcase name="Test Cases/IPAPER APP/002 TAO YEU CAU" time="179.515" classname="Test Cases/IPAPER APP/002 TAO YEU CAU" status="PASSED">
         <system-out><![CDATA[18-05-2025T14:22:34 - [TEST_CASE][PASSED] - Test Cases/IPAPER APP/002 TAO YEU CAU: Test Cases/IPAPER APP/002 TAO YEU CAU

18-05-2025T14:22:34 - [TEST_STEP][PASSED] - Start listener action : beforeTest: drivers.Driver.openApp is PASSED

18-05-2025T14:22:34 - [TEST_STEP][PASSED] - DataTest.init(): null

18-05-2025T14:22:34 - [TEST_STEP][PASSED] - testCaseId = split("/").last(): null

18-05-2025T14:22:34 - [TEST_STEP][PASSED] - if (!(drivers.Driver.isAppiumRunning())): drivers.Driver.isAppiumRunning is PASSED

18-05-2025T14:22:34 - [MESSAGE][INFO] - Appium running: true

18-05-2025T14:22:34 - [MESSAGE][PASSED] - drivers.Driver.isAppiumRunning is PASSED

18-05-2025T14:22:34 - [TEST_STEP][PASSED] - if (driver == null || driver.getSessionId() == null): null

18-05-2025T14:22:34 - [TEST_STEP][PASSED] - drivers.Driver.openApp(): drivers.Driver.openApp is PASSED

18-05-2025T14:22:36 - [MESSAGE][PASSED] - drivers.Driver.openApp is PASSED

18-05-2025T14:22:36 - [TEST_STEP][PASSED] - REQUEST_NAME = "Trình ký PDF có sẵn": null

18-05-2025T14:22:36 - [TEST_STEP][PASSED] - TO_DAY = SimpleDateFormat(dd/MM/yyyy).format(new java.util.Date()): null

18-05-2025T14:22:36 - [TEST_STEP][PASSED] - auto5 = DataTest.getUserTest("auto5"): null

18-05-2025T14:22:36 - [TEST_STEP][PASSED] - auto6 = DataTest.getUserTest("auto6"): null

18-05-2025T14:22:36 - [TEST_STEP][PASSED] - auto7 = DataTest.getUserTest("auto7"): null

18-05-2025T14:22:36 - [TEST_STEP][PASSED] - document = DataTest.createDocumentTest(auto5, auto6, auto7, "dummy.pdf", "dummy.pdf"): null

18-05-2025T14:22:36 - [TEST_STEP][PASSED] - loginScreen.login(auto5): null

18-05-2025T14:22:44 - [TEST_STEP][PASSED] - homeScreen.openRequestList(): null

18-05-2025T14:22:49 - [TEST_STEP][PASSED] - homeScreen.createRequest(REQUEST_NAME): null

18-05-2025T14:22:53 - [TEST_STEP][PASSED] - pdfSignScreen.fillInTitle(title): null

18-05-2025T14:22:56 - [TEST_STEP][PASSED] - pdfSignScreen.selectPriority(priority): null

18-05-2025T14:22:58 - [TEST_STEP][PASSED] - pdfSignScreen.selectTime(time): null

18-05-2025T14:23:01 - [TEST_STEP][PASSED] - pdfSignScreen.fillInDescription(description): null

18-05-2025T14:23:03 - [TEST_STEP][PASSED] - pdfSignScreen.selectAssigner(getAssigner().getEmail()): null

18-05-2025T14:23:08 - [TEST_STEP][PASSED] - pdfSignScreen.openMainFileBrowser(): null

18-05-2025T14:23:14 - [TEST_STEP][PASSED] - fileBrowserScreen.attachFile(mainFileName): null

18-05-2025T14:23:19 - [TEST_STEP][PASSED] - pdfSignScreen.openSubFileBrowser(): null

18-05-2025T14:23:21 - [TEST_STEP][PASSED] - fileBrowserScreen.attachFile(subFileName): null

18-05-2025T14:23:27 - [TEST_STEP][PASSED] - pdfSignScreen.selectRelatedMember(getCc().getEmail()): null

18-05-2025T14:23:34 - [TEST_STEP][PASSED] - pdfSignScreen.performAction(SEND_APPROVE): null

18-05-2025T14:23:37 - [TEST_STEP][PASSED] - pdfSignScreen.fillInOpinion(document.getComment()): null

18-05-2025T14:23:38 - [TEST_STEP][PASSED] - pdfSignScreen.submitRequest(): null

18-05-2025T14:23:46 - [TEST_STEP][PASSED] - document.setStatus(WAIT_APPROVE): null

18-05-2025T14:23:46 - [TEST_STEP][PASSED] - documentInformationScreen.backToHome(): null

18-05-2025T14:23:46 - [TEST_STEP][PASSED] - homeScreen.goToOutComingDocument(): null

18-05-2025T14:23:56 - [TEST_STEP][PASSED] - outComingDocument.viewInformationDocument(document): null

18-05-2025T14:23:57 - [TEST_STEP][PASSED] - documentInformationScreen.checkDocumentTitle(document): Verify equals GUI: Trình ký 1747552956987 - DATA: Trình ký 1747552956987

18-05-2025T14:24:02 - [MESSAGE][PASSED] - Verify equals GUI: Trình ký 1747552956987 - DATA: Trình ký 1747552956987

18-05-2025T14:24:02 - [TEST_STEP][PASSED] - documentInformationScreen.checkSender(document): Verify equals GUI: Auto Test User 5 - DATA: Auto Test User 5

18-05-2025T14:24:02 - [MESSAGE][PASSED] - Verify equals GUI: Auto Test User 5 - DATA: Auto Test User 5

18-05-2025T14:24:02 - [TEST_STEP][PASSED] - documentInformationScreen.checkStatus(document): Verify equals GUI: Chờ giám sát phê duyệt - DATA: Chờ giám sát phê duyệt

18-05-2025T14:24:02 - [MESSAGE][PASSED] - Verify equals GUI: Chờ giám sát phê duyệt - DATA: Chờ giám sát phê duyệt

18-05-2025T14:24:02 - [TEST_STEP][PASSED] - documentInformationScreen.checkCreateDate(): Verify equals GUI: 18/05/2025 - DATA: 18/05/2025

18-05-2025T14:24:02 - [MESSAGE][PASSED] - Verify equals GUI: 18/05/2025 - DATA: 18/05/2025

18-05-2025T14:24:02 - [TEST_STEP][PASSED] - documentInformationScreen.checkFinishDate(document): Verify equals GUI: 19/05/2025 - DATA: 19/05/2025

18-05-2025T14:24:02 - [MESSAGE][PASSED] - Verify equals GUI: 19/05/2025 - DATA: 19/05/2025

18-05-2025T14:24:02 - [TEST_STEP][PASSED] - documentInformationScreen.checkPriority(document): Verify equals GUI: Bình thường - DATA: Bình thường

18-05-2025T14:24:02 - [MESSAGE][PASSED] - Verify equals GUI: Bình thường - DATA: Bình thường

18-05-2025T14:24:02 - [TEST_STEP][PASSED] - documentInformationScreen.checkDescription(document): Verify equals GUI: 002 TAO YEU CAU - DATA: 002 TAO YEU CAU

18-05-2025T14:24:02 - [MESSAGE][PASSED] - Verify equals GUI: 002 TAO YEU CAU - DATA: 002 TAO YEU CAU

18-05-2025T14:24:02 - [TEST_STEP][PASSED] - documentInformationScreen.checkAssigner(document): Verify contains GUI: auto6@hdbank.com.vn - DATA: auto6@hdbank.com.vn

18-05-2025T14:24:04 - [MESSAGE][PASSED] - Verify contains GUI: auto6@hdbank.com.vn - DATA: auto6@hdbank.com.vn

18-05-2025T14:24:04 - [TEST_STEP][PASSED] - documentInformationScreen.checkPresentFileName(document): Verify contains GUI: dummy_20250518142355.ozd - DATA: dummy

18-05-2025T14:24:05 - [MESSAGE][PASSED] - Verify contains GUI: dummy_20250518142355.ozd - DATA: dummy

18-05-2025T14:24:05 - [TEST_STEP][PASSED] - documentInformationScreen.checkAttachFileName(document): Expected true condition

18-05-2025T14:24:07 - [MESSAGE][PASSED] - Expected true condition

18-05-2025T14:24:07 - [TEST_STEP][PASSED] - documentInformationScreen.backToHome(): null

18-05-2025T14:24:11 - [TEST_STEP][PASSED] - homeScreen.logout(): null

18-05-2025T14:24:19 - [TEST_STEP][PASSED] - loginScreen.login(auto6): null

18-05-2025T14:24:29 - [TEST_STEP][PASSED] - document.setAssigner(auto5): null

18-05-2025T14:24:29 - [TEST_STEP][PASSED] - homeScreen.goToIncomingDocument(): null

18-05-2025T14:24:29 - [TEST_STEP][PASSED] - inComingDocument.viewInformationDocument(document): View document Trình ký 1747552956987

18-05-2025T14:24:29 - [MESSAGE][INFO] - View document Trình ký 1747552956987

18-05-2025T14:24:34 - [TEST_STEP][PASSED] - documentInformationScreen.checkDocumentTitle(document): Verify equals GUI: Trình ký 1747552956987 - DATA: Trình ký 1747552956987

18-05-2025T14:24:35 - [MESSAGE][PASSED] - Verify equals GUI: Trình ký 1747552956987 - DATA: Trình ký 1747552956987

18-05-2025T14:24:35 - [TEST_STEP][PASSED] - documentInformationScreen.checkSender(document): Verify equals GUI: Auto Test User 5 - DATA: Auto Test User 5

18-05-2025T14:24:35 - [MESSAGE][PASSED] - Verify equals GUI: Auto Test User 5 - DATA: Auto Test User 5

18-05-2025T14:24:35 - [TEST_STEP][PASSED] - documentInformationScreen.checkStatus(document): Verify equals GUI: Chờ giám sát phê duyệt - DATA: Chờ giám sát phê duyệt

18-05-2025T14:24:35 - [MESSAGE][PASSED] - Verify equals GUI: Chờ giám sát phê duyệt - DATA: Chờ giám sát phê duyệt

18-05-2025T14:24:35 - [TEST_STEP][PASSED] - documentInformationScreen.checkCreateDate(): Verify equals GUI: 18/05/2025 - DATA: 18/05/2025

18-05-2025T14:24:35 - [MESSAGE][PASSED] - Verify equals GUI: 18/05/2025 - DATA: 18/05/2025

18-05-2025T14:24:35 - [TEST_STEP][PASSED] - documentInformationScreen.checkFinishDate(document): Verify equals GUI: 19/05/2025 - DATA: 19/05/2025

18-05-2025T14:24:35 - [MESSAGE][PASSED] - Verify equals GUI: 19/05/2025 - DATA: 19/05/2025

18-05-2025T14:24:35 - [TEST_STEP][PASSED] - documentInformationScreen.checkPriority(document): Verify equals GUI: Bình thường - DATA: Bình thường

18-05-2025T14:24:35 - [MESSAGE][PASSED] - Verify equals GUI: Bình thường - DATA: Bình thường

18-05-2025T14:24:35 - [TEST_STEP][PASSED] - documentInformationScreen.checkDescription(document): Verify equals GUI: 002 TAO YEU CAU - DATA: 002 TAO YEU CAU

18-05-2025T14:24:35 - [MESSAGE][PASSED] - Verify equals GUI: 002 TAO YEU CAU - DATA: 002 TAO YEU CAU

18-05-2025T14:24:35 - [TEST_STEP][PASSED] - documentInformationScreen.checkAssigner(document): Verify contains GUI: auto5@hdbank.com.vn - DATA: auto5@hdbank.com.vn

18-05-2025T14:24:37 - [MESSAGE][PASSED] - Verify contains GUI: auto5@hdbank.com.vn - DATA: auto5@hdbank.com.vn

18-05-2025T14:24:37 - [TEST_STEP][PASSED] - documentInformationScreen.checkPresentFileName(document): Verify contains GUI: dummy_20250518142355.ozd - DATA: dummy

18-05-2025T14:24:38 - [MESSAGE][PASSED] - Verify contains GUI: dummy_20250518142355.ozd - DATA: dummy

18-05-2025T14:24:38 - [TEST_STEP][PASSED] - documentInformationScreen.checkAttachFileName(document): Expected true condition

18-05-2025T14:24:40 - [MESSAGE][PASSED] - Expected true condition

18-05-2025T14:24:40 - [TEST_STEP][PASSED] - documentInformationScreen.backToHome(): null

18-05-2025T14:24:45 - [TEST_STEP][PASSED] - homeScreen.logout(): null

18-05-2025T14:24:53 - [TEST_STEP][PASSED] - document.setAssigner(auto6): null

18-05-2025T14:24:53 - [TEST_STEP][PASSED] - loginScreen.login(auto7): null

18-05-2025T14:25:03 - [TEST_STEP][PASSED] - homeScreen.goToIncomingDocument(): null

18-05-2025T14:25:03 - [TEST_STEP][PASSED] - inComingDocument.goToRelatedDocument(): null

18-05-2025T14:25:04 - [TEST_STEP][PASSED] - relatedDocumentScreen.viewInformationDocument(document): null

18-05-2025T14:25:12 - [TEST_STEP][PASSED] - documentInformationScreen.checkDocumentTitle(document): Verify equals GUI: Trình ký 1747552956987 - DATA: Trình ký 1747552956987

18-05-2025T14:25:16 - [MESSAGE][PASSED] - Verify equals GUI: Trình ký 1747552956987 - DATA: Trình ký 1747552956987

18-05-2025T14:25:16 - [TEST_STEP][PASSED] - documentInformationScreen.checkSender(document): Verify equals GUI: Auto Test User 5 - DATA: Auto Test User 5

18-05-2025T14:25:16 - [MESSAGE][PASSED] - Verify equals GUI: Auto Test User 5 - DATA: Auto Test User 5

18-05-2025T14:25:16 - [TEST_STEP][PASSED] - documentInformationScreen.checkStatus(document): Verify equals GUI: Chờ giám sát phê duyệt - DATA: Chờ giám sát phê duyệt

18-05-2025T14:25:16 - [MESSAGE][PASSED] - Verify equals GUI: Chờ giám sát phê duyệt - DATA: Chờ giám sát phê duyệt

18-05-2025T14:25:16 - [TEST_STEP][PASSED] - documentInformationScreen.checkCreateDate(): Verify equals GUI: 18/05/2025 - DATA: 18/05/2025

18-05-2025T14:25:17 - [MESSAGE][PASSED] - Verify equals GUI: 18/05/2025 - DATA: 18/05/2025

18-05-2025T14:25:17 - [TEST_STEP][PASSED] - documentInformationScreen.checkFinishDate(document): Verify equals GUI: 19/05/2025 - DATA: 19/05/2025

18-05-2025T14:25:17 - [MESSAGE][PASSED] - Verify equals GUI: 19/05/2025 - DATA: 19/05/2025

18-05-2025T14:25:17 - [TEST_STEP][PASSED] - documentInformationScreen.checkPriority(document): Verify equals GUI: Bình thường - DATA: Bình thường

18-05-2025T14:25:17 - [MESSAGE][PASSED] - Verify equals GUI: Bình thường - DATA: Bình thường

18-05-2025T14:25:17 - [TEST_STEP][PASSED] - documentInformationScreen.checkDescription(document): Verify equals GUI: 002 TAO YEU CAU - DATA: 002 TAO YEU CAU

18-05-2025T14:25:17 - [MESSAGE][PASSED] - Verify equals GUI: 002 TAO YEU CAU - DATA: 002 TAO YEU CAU

18-05-2025T14:25:17 - [TEST_STEP][PASSED] - documentInformationScreen.checkAssigner(document): Verify contains GUI: auto6@hdbank.com.vn - DATA: auto6@hdbank.com.vn

18-05-2025T14:25:18 - [MESSAGE][PASSED] - Verify contains GUI: auto6@hdbank.com.vn - DATA: auto6@hdbank.com.vn

18-05-2025T14:25:18 - [TEST_STEP][PASSED] - documentInformationScreen.checkPresentFileName(document): Verify contains GUI: dummy_20250518142355.ozd - DATA: dummy

18-05-2025T14:25:19 - [MESSAGE][PASSED] - Verify contains GUI: dummy_20250518142355.ozd - DATA: dummy

18-05-2025T14:25:19 - [TEST_STEP][PASSED] - documentInformationScreen.checkAttachFileName(document): Expected true condition

18-05-2025T14:25:21 - [MESSAGE][PASSED] - Expected true condition

18-05-2025T14:25:21 - [TEST_STEP][PASSED] - documentInformationScreen.checkUserCannotEditDocument(): Check user can not edit document

18-05-2025T14:25:33 - [MESSAGE][PASSED] - Check user can not edit document

18-05-2025T14:25:33 - [TEST_STEP][PASSED] - Start listener action : afterTest: null

18-05-2025T14:25:33 - [TEST_STEP][PASSED] - if (testCaseStatus != "PASSED"): null

18-05-2025T14:25:33 - [TEST_STEP][PASSED] - drivers.Driver.closeApp(): drivers.Driver.closeApp is PASSED

18-05-2025T14:25:33 - [MESSAGE][PASSED] - drivers.Driver.closeApp is PASSED

18-05-2025T14:25:33 - [TEST_STEP][PASSED] - if (tsContext == null): null]]></system-out>
         <system-err><![CDATA[]]></system-err>
      </testcase>
      <testcase name="Test Cases/IPAPER APP/037 LAY Y KIEN NHANH_KHONG NHAP Y KIEN" time="113.061" classname="Test Cases/IPAPER APP/037 LAY Y KIEN NHANH_KHONG NHAP Y KIEN" status="ERROR">
         <error type="ERROR" message="Test Cases/IPAPER APP/037 LAY Y KIEN NHANH_KHONG NHAP Y KIEN FAILED.&#xa;Reason:&#xa;org.openqa.selenium.NoSuchElementException: An element could not be located on the page using the given search parameters.&#xa;For documentation on this error, please visit: https://www.seleniumhq.org/exceptions/no_such_element.html&#xa;Build info: version: '3.141.59', revision: 'unknown', time: 'unknown'&#xa;System info: host: '192.168.1.4.non-exists.ptr.local', ip: '2402:800:63f2:b9ce:1859:4296:77a1:a88d%en0', os.name: 'Mac OS X', os.arch: 'aarch64', os.version: '15.4.1', java.version: '17.0.7'&#xa;Driver info: com.kms.katalon.core.appium.driver.SwipeableAndroidDriver&#xa;Capabilities {automationName: UiAutomator2, databaseEnabled: false, desired: {automationName: UiAutomator2, deviceName: af0c5cf7, noReset: true, platformName: android, waitForIdleTimeout: 3000}, deviceApiLevel: 35, deviceManufacturer: OPPO, deviceModel: CPH2699, deviceName: af0c5cf7, deviceScreenDensity: 480, deviceScreenSize: 1080x2400, deviceUDID: af0c5cf7, javascriptEnabled: true, locationContextEnabled: false, networkConnectionEnabled: true, noReset: true, pixelRatio: 3, platform: LINUX, platformName: Android, platformVersion: 15, statBarHeight: 120, takesScreenshot: true, viewportRect: {height: 2280, left: 0, top: 120, width: 1080}, waitForIdleTimeout: 3000, warnings: {}, webStorageEnabled: false}&#xa;Session ID: a2ddd6f2-eda7-4b95-9f4b-0be7892e4c4b&#xa;*** Element info: {Using=id, value=com.hdbank.ipaper:id/img_home_bar}&#xa;	at java.base/jdk.internal.reflect.NativeConstructorAccessorImpl.newInstance0(Native Method)&#xa;	at java.base/jdk.internal.reflect.NativeConstructorAccessorImpl.newInstance(NativeConstructorAccessorImpl.java:77)&#xa;	at java.base/jdk.internal.reflect.DelegatingConstructorAccessorImpl.newInstance(DelegatingConstructorAccessorImpl.java:45)&#xa;	at org.openqa.selenium.remote.http.W3CHttpResponseCodec.createException(W3CHttpResponseCodec.java:187)&#xa;	at org.openqa.selenium.remote.http.W3CHttpResponseCodec.decode(W3CHttpResponseCodec.java:122)&#xa;	at org.openqa.selenium.remote.http.W3CHttpResponseCodec.decode(W3CHttpResponseCodec.java:49)&#xa;	at org.openqa.selenium.remote.HttpCommandExecutor.execute(HttpCommandExecutor.java:158)&#xa;	at io.appium.java_client.remote.AppiumCommandExecutor.execute(AppiumCommandExecutor.java:239)&#xa;	at org.openqa.selenium.remote.RemoteWebDriver.execute(RemoteWebDriver.java:552)&#xa;	at io.appium.java_client.DefaultGenericMobileDriver.execute(DefaultGenericMobileDriver.java:42)&#xa;	at io.appium.java_client.AppiumDriver.execute(AppiumDriver.java:1)&#xa;	at io.appium.java_client.android.AndroidDriver.execute(AndroidDriver.java:1)&#xa;	at com.kms.katalon.core.appium.driver.SwipeableAndroidDriver.execute(SwipeableAndroidDriver.java:1)&#xa;	at org.openqa.selenium.remote.RemoteWebDriver.findElement(RemoteWebDriver.java:323)&#xa;	at io.appium.java_client.DefaultGenericMobileDriver.findElement(DefaultGenericMobileDriver.java:62)&#xa;	at io.appium.java_client.AppiumDriver.findElement(AppiumDriver.java:1)&#xa;	at io.appium.java_client.android.AndroidDriver.findElement(AndroidDriver.java:1)&#xa;	at com.kms.katalon.core.appium.driver.SwipeableAndroidDriver.findElement(SwipeableAndroidDriver.java:1)&#xa;	at org.openqa.selenium.remote.RemoteWebDriver.findElementById(RemoteWebDriver.java:372)&#xa;	at io.appium.java_client.DefaultGenericMobileDriver.findElementById(DefaultGenericMobileDriver.java:70)&#xa;	at io.appium.java_client.AppiumDriver.findElementById(AppiumDriver.java:1)&#xa;	at io.appium.java_client.android.AndroidDriver.findElementById(AndroidDriver.java:1)&#xa;	at com.kms.katalon.core.appium.driver.SwipeableAndroidDriver.findElementById(SwipeableAndroidDriver.java:1)&#xa;	at org.openqa.selenium.By$ById.findElement(By.java:188)&#xa;	at org.openqa.selenium.remote.RemoteWebDriver.findElement(RemoteWebDriver.java:315)&#xa;	at io.appium.java_client.DefaultGenericMobileDriver.findElement(DefaultGenericMobileDriver.java:58)&#xa;	at io.appium.java_client.AppiumDriver.findElement(AppiumDriver.java:1)&#xa;	at io.appium.java_client.android.AndroidDriver.findElement(AndroidDriver.java:1)&#xa;	at com.kms.katalon.core.appium.driver.SwipeableAndroidDriver.findElement(SwipeableAndroidDriver.java:1)&#xa;	at base.BaseKeyword$Trait$Helper.clickToElement(BaseKeyword.groovy:59)&#xa;	at screens.IncomingDocumentScreen.clickToElement(IncomingDocumentScreen.groovy)&#xa;	at screens.IncomingDocumentScreen.backToHome(IncomingDocumentScreen.groovy:233)&#xa;	at screens.IncomingDocumentScreen.performAction(IncomingDocumentScreen.groovy:113)&#xa;	at screens.IncomingDocumentScreen.performAction(IncomingDocumentScreen.groovy)&#xa;	at 037 LAY Y KIEN NHANH_KHONG NHAP Y KIEN.run(037 LAY Y KIEN NHANH_KHONG NHAP Y KIEN:93)&#xa;	at com.kms.katalon.core.main.ScriptEngine.run(ScriptEngine.java:194)&#xa;	at com.kms.katalon.core.main.ScriptEngine.runScriptAsRawText(ScriptEngine.java:119)&#xa;	at com.kms.katalon.core.main.TestCaseExecutor.runScript(TestCaseExecutor.java:448)&#xa;	at com.kms.katalon.core.main.TestCaseExecutor.doExecute(TestCaseExecutor.java:439)&#xa;	at com.kms.katalon.core.main.TestCaseExecutor.processExecutionPhase(TestCaseExecutor.java:418)&#xa;	at com.kms.katalon.core.main.TestCaseExecutor.accessMainPhase(TestCaseExecutor.java:410)&#xa;	at com.kms.katalon.core.main.TestCaseExecutor.execute(TestCaseExecutor.java:285)&#xa;	at com.kms.katalon.core.common.CommonExecutor.accessTestCaseMainPhase(CommonExecutor.java:65)&#xa;	at com.kms.katalon.core.main.TestSuiteExecutor.accessTestSuiteMainPhase(TestSuiteExecutor.java:150)&#xa;	at com.kms.katalon.core.main.TestSuiteExecutor.execute(TestSuiteExecutor.java:106)&#xa;	at com.kms.katalon.core.main.TestCaseMain.startTestSuite(TestCaseMain.java:180)&#xa;	at TempTestSuite1747552661021.run(TempTestSuite1747552661021.groovy:35)&#xa;	at java.base/jdk.internal.reflect.NativeMethodAccessorImpl.invoke0(Native Method)&#xa;	at java.base/jdk.internal.reflect.NativeMethodAccessorImpl.invoke(NativeMethodAccessorImpl.java:77)&#xa;	at java.base/jdk.internal.reflect.DelegatingMethodAccessorImpl.invoke(DelegatingMethodAccessorImpl.java:43)&#xa;"/>
         <system-out><![CDATA[18-05-2025T14:25:33 - [TEST_CASE][ERROR] - Test Cases/IPAPER APP/037 LAY Y KIEN NHANH_KHONG NHAP Y KIEN: Test Cases/IPAPER APP/037 LAY Y KIEN NHANH_KHONG NHAP Y KIEN FAILED.
Reason:
org.openqa.selenium.NoSuchElementException: An element could not be located on the page using the given search parameters.
For documentation on this error, please visit: https://www.seleniumhq.org/exceptions/no_such_element.html
Build info: version: '3.141.59', revision: 'unknown', time: 'unknown'
System info: host: '192.168.1.4.non-exists.ptr.local', ip: '2402:800:63f2:b9ce:1859:4296:77a1:a88d%en0', os.name: 'Mac OS X', os.arch: 'aarch64', os.version: '15.4.1', java.version: '17.0.7'
Driver info: com.kms.katalon.core.appium.driver.SwipeableAndroidDriver
Capabilities {automationName: UiAutomator2, databaseEnabled: false, desired: {automationName: UiAutomator2, deviceName: af0c5cf7, noReset: true, platformName: android, waitForIdleTimeout: 3000}, deviceApiLevel: 35, deviceManufacturer: OPPO, deviceModel: CPH2699, deviceName: af0c5cf7, deviceScreenDensity: 480, deviceScreenSize: 1080x2400, deviceUDID: af0c5cf7, javascriptEnabled: true, locationContextEnabled: false, networkConnectionEnabled: true, noReset: true, pixelRatio: 3, platform: LINUX, platformName: Android, platformVersion: 15, statBarHeight: 120, takesScreenshot: true, viewportRect: {height: 2280, left: 0, top: 120, width: 1080}, waitForIdleTimeout: 3000, warnings: {}, webStorageEnabled: false}
Session ID: a2ddd6f2-eda7-4b95-9f4b-0be7892e4c4b
*** Element info: {Using=id, value=com.hdbank.ipaper:id/img_home_bar}
	at java.base/jdk.internal.reflect.NativeConstructorAccessorImpl.newInstance0(Native Method)
	at java.base/jdk.internal.reflect.NativeConstructorAccessorImpl.newInstance(NativeConstructorAccessorImpl.java:77)
	at java.base/jdk.internal.reflect.DelegatingConstructorAccessorImpl.newInstance(DelegatingConstructorAccessorImpl.java:45)
	at org.openqa.selenium.remote.http.W3CHttpResponseCodec.createException(W3CHttpResponseCodec.java:187)
	at org.openqa.selenium.remote.http.W3CHttpResponseCodec.decode(W3CHttpResponseCodec.java:122)
	at org.openqa.selenium.remote.http.W3CHttpResponseCodec.decode(W3CHttpResponseCodec.java:49)
	at org.openqa.selenium.remote.HttpCommandExecutor.execute(HttpCommandExecutor.java:158)
	at io.appium.java_client.remote.AppiumCommandExecutor.execute(AppiumCommandExecutor.java:239)
	at org.openqa.selenium.remote.RemoteWebDriver.execute(RemoteWebDriver.java:552)
	at io.appium.java_client.DefaultGenericMobileDriver.execute(DefaultGenericMobileDriver.java:42)
	at io.appium.java_client.AppiumDriver.execute(AppiumDriver.java:1)
	at io.appium.java_client.android.AndroidDriver.execute(AndroidDriver.java:1)
	at com.kms.katalon.core.appium.driver.SwipeableAndroidDriver.execute(SwipeableAndroidDriver.java:1)
	at org.openqa.selenium.remote.RemoteWebDriver.findElement(RemoteWebDriver.java:323)
	at io.appium.java_client.DefaultGenericMobileDriver.findElement(DefaultGenericMobileDriver.java:62)
	at io.appium.java_client.AppiumDriver.findElement(AppiumDriver.java:1)
	at io.appium.java_client.android.AndroidDriver.findElement(AndroidDriver.java:1)
	at com.kms.katalon.core.appium.driver.SwipeableAndroidDriver.findElement(SwipeableAndroidDriver.java:1)
	at org.openqa.selenium.remote.RemoteWebDriver.findElementById(RemoteWebDriver.java:372)
	at io.appium.java_client.DefaultGenericMobileDriver.findElementById(DefaultGenericMobileDriver.java:70)
	at io.appium.java_client.AppiumDriver.findElementById(AppiumDriver.java:1)
	at io.appium.java_client.android.AndroidDriver.findElementById(AndroidDriver.java:1)
	at com.kms.katalon.core.appium.driver.SwipeableAndroidDriver.findElementById(SwipeableAndroidDriver.java:1)
	at org.openqa.selenium.By$ById.findElement(By.java:188)
	at org.openqa.selenium.remote.RemoteWebDriver.findElement(RemoteWebDriver.java:315)
	at io.appium.java_client.DefaultGenericMobileDriver.findElement(DefaultGenericMobileDriver.java:58)
	at io.appium.java_client.AppiumDriver.findElement(AppiumDriver.java:1)
	at io.appium.java_client.android.AndroidDriver.findElement(AndroidDriver.java:1)
	at com.kms.katalon.core.appium.driver.SwipeableAndroidDriver.findElement(SwipeableAndroidDriver.java:1)
	at base.BaseKeyword$Trait$Helper.clickToElement(BaseKeyword.groovy:59)
	at screens.IncomingDocumentScreen.clickToElement(IncomingDocumentScreen.groovy)
	at screens.IncomingDocumentScreen.backToHome(IncomingDocumentScreen.groovy:233)
	at screens.IncomingDocumentScreen.performAction(IncomingDocumentScreen.groovy:113)
	at screens.IncomingDocumentScreen.performAction(IncomingDocumentScreen.groovy)
	at 037 LAY Y KIEN NHANH_KHONG NHAP Y KIEN.run(037 LAY Y KIEN NHANH_KHONG NHAP Y KIEN:93)
	at com.kms.katalon.core.main.ScriptEngine.run(ScriptEngine.java:194)
	at com.kms.katalon.core.main.ScriptEngine.runScriptAsRawText(ScriptEngine.java:119)
	at com.kms.katalon.core.main.TestCaseExecutor.runScript(TestCaseExecutor.java:448)
	at com.kms.katalon.core.main.TestCaseExecutor.doExecute(TestCaseExecutor.java:439)
	at com.kms.katalon.core.main.TestCaseExecutor.processExecutionPhase(TestCaseExecutor.java:418)
	at com.kms.katalon.core.main.TestCaseExecutor.accessMainPhase(TestCaseExecutor.java:410)
	at com.kms.katalon.core.main.TestCaseExecutor.execute(TestCaseExecutor.java:285)
	at com.kms.katalon.core.common.CommonExecutor.accessTestCaseMainPhase(CommonExecutor.java:65)
	at com.kms.katalon.core.main.TestSuiteExecutor.accessTestSuiteMainPhase(TestSuiteExecutor.java:150)
	at com.kms.katalon.core.main.TestSuiteExecutor.execute(TestSuiteExecutor.java:106)
	at com.kms.katalon.core.main.TestCaseMain.startTestSuite(TestCaseMain.java:180)
	at TempTestSuite1747552661021.run(TempTestSuite1747552661021.groovy:35)
	at java.base/jdk.internal.reflect.NativeMethodAccessorImpl.invoke0(Native Method)
	at java.base/jdk.internal.reflect.NativeMethodAccessorImpl.invoke(NativeMethodAccessorImpl.java:77)
	at java.base/jdk.internal.reflect.DelegatingMethodAccessorImpl.invoke(DelegatingMethodAccessorImpl.java:43)


18-05-2025T14:25:33 - [TEST_STEP][PASSED] - Start listener action : beforeTest: drivers.Driver.openApp is PASSED

18-05-2025T14:25:33 - [TEST_STEP][PASSED] - DataTest.init(): null

18-05-2025T14:25:33 - [TEST_STEP][PASSED] - testCaseId = split("/").last(): null

18-05-2025T14:25:33 - [TEST_STEP][PASSED] - if (!(drivers.Driver.isAppiumRunning())): drivers.Driver.isAppiumRunning is PASSED

18-05-2025T14:25:33 - [MESSAGE][INFO] - Appium running: true

18-05-2025T14:25:33 - [MESSAGE][PASSED] - drivers.Driver.isAppiumRunning is PASSED

18-05-2025T14:25:33 - [TEST_STEP][PASSED] - if (driver == null || driver.getSessionId() == null): null

18-05-2025T14:25:33 - [TEST_STEP][PASSED] - drivers.Driver.openApp(): drivers.Driver.openApp is PASSED

18-05-2025T14:25:35 - [MESSAGE][PASSED] - drivers.Driver.openApp is PASSED

18-05-2025T14:25:35 - [TEST_STEP][PASSED] - REQUEST_NAME = "Trình ký PDF có sẵn": null

18-05-2025T14:25:35 - [TEST_STEP][PASSED] - USER_CREATE_COMMENT = "Commented by user create document": null

18-05-2025T14:25:35 - [TEST_STEP][PASSED] - ASSIGNER_COMMENT = "Không có bình luận": null

18-05-2025T14:25:35 - [TEST_STEP][PASSED] - documentTitle = "Trình ký " + System.currentTimeMillis(): null

18-05-2025T14:25:35 - [TEST_STEP][PASSED] - auto5 = DataTest.getUserTest("auto5"): null

18-05-2025T14:25:35 - [TEST_STEP][PASSED] - auto6 = DataTest.getUserTest("auto6"): null

18-05-2025T14:25:35 - [TEST_STEP][PASSED] - document = DataTest.createDocumentTest(auto5, auto6, null, "dummy.pdf", "dummy.pdf"): null

18-05-2025T14:25:35 - [TEST_STEP][PASSED] - loginScreen.login(auto5): null

18-05-2025T14:25:44 - [TEST_STEP][PASSED] - homeScreen.openRequestList(): null

18-05-2025T14:25:49 - [TEST_STEP][PASSED] - homeScreen.createRequest(REQUEST_NAME): null

18-05-2025T14:25:52 - [TEST_STEP][PASSED] - pdfSignScreen.fillInTitle(document.getTitle()): null

18-05-2025T14:25:55 - [TEST_STEP][PASSED] - pdfSignScreen.selectPriority(document.getPriority()): null

18-05-2025T14:25:57 - [TEST_STEP][PASSED] - pdfSignScreen.selectTime(document.getTime()): null

18-05-2025T14:26:00 - [TEST_STEP][PASSED] - pdfSignScreen.fillInDescription(document.getDescription()): null

18-05-2025T14:26:02 - [TEST_STEP][PASSED] - pdfSignScreen.selectAssigner(getAssigner().getEmail()): null

18-05-2025T14:26:07 - [TEST_STEP][PASSED] - pdfSignScreen.openMainFileBrowser(): null

18-05-2025T14:26:12 - [TEST_STEP][PASSED] - fileBrowserScreen.attachFile(document.getMainFileName()): null

18-05-2025T14:26:18 - [TEST_STEP][PASSED] - pdfSignScreen.openSubFileBrowser(): null

18-05-2025T14:26:20 - [TEST_STEP][PASSED] - fileBrowserScreen.attachFile(document.getSubFileName()): null

18-05-2025T14:26:26 - [TEST_STEP][PASSED] - pdfSignScreen.performAction(SEND_WITH_COMENT): null

18-05-2025T14:26:30 - [TEST_STEP][PASSED] - pdfSignScreen.fillInOpinion(USER_CREATE_COMMENT): null

18-05-2025T14:26:31 - [TEST_STEP][PASSED] - pdfSignScreen.submitRequest(): null

18-05-2025T14:26:38 - [TEST_STEP][PASSED] - documentInformationScreen.backToHome(): null

18-05-2025T14:26:38 - [TEST_STEP][PASSED] - homeScreen.logout(): null

18-05-2025T14:26:47 - [TEST_STEP][PASSED] - document.setStatus(WAIT_GET_COMMENT): null

18-05-2025T14:26:47 - [TEST_STEP][PASSED] - document.setAssigner(auto5): null

18-05-2025T14:26:47 - [TEST_STEP][PASSED] - loginScreen.login(auto6): null

18-05-2025T14:26:56 - [TEST_STEP][PASSED] - homeScreen.goToIncomingDocument(): null

18-05-2025T14:26:56 - [TEST_STEP][PASSED] - inComingDocument.viewInformationDocument(document): View document Trình ký 1747553135980

18-05-2025T14:26:56 - [MESSAGE][INFO] - View document Trình ký 1747553135980

18-05-2025T14:27:01 - [TEST_STEP][PASSED] - documentInformationScreen.checkDocumentTitle(document): Verify equals GUI: Trình ký 1747553135980 - DATA: Trình ký 1747553135980

18-05-2025T14:27:02 - [MESSAGE][PASSED] - Verify equals GUI: Trình ký 1747553135980 - DATA: Trình ký 1747553135980

18-05-2025T14:27:02 - [TEST_STEP][PASSED] - documentInformationScreen.checkSender(document): Verify equals GUI: Auto Test User 5 - DATA: Auto Test User 5

18-05-2025T14:27:02 - [MESSAGE][PASSED] - Verify equals GUI: Auto Test User 5 - DATA: Auto Test User 5

18-05-2025T14:27:02 - [TEST_STEP][PASSED] - documentInformationScreen.checkStatus(document): Verify equals GUI: Chờ lấy ý kiến - DATA: Chờ lấy ý kiến

18-05-2025T14:27:02 - [MESSAGE][PASSED] - Verify equals GUI: Chờ lấy ý kiến - DATA: Chờ lấy ý kiến

18-05-2025T14:27:02 - [TEST_STEP][PASSED] - documentInformationScreen.checkCreateDate(): Verify equals GUI: 18/05/2025 - DATA: 18/05/2025

18-05-2025T14:27:02 - [MESSAGE][PASSED] - Verify equals GUI: 18/05/2025 - DATA: 18/05/2025

18-05-2025T14:27:02 - [TEST_STEP][PASSED] - documentInformationScreen.checkFinishDate(document): Verify equals GUI: 19/05/2025 - DATA: 19/05/2025

18-05-2025T14:27:02 - [MESSAGE][PASSED] - Verify equals GUI: 19/05/2025 - DATA: 19/05/2025

18-05-2025T14:27:02 - [TEST_STEP][PASSED] - documentInformationScreen.checkPriority(document): Verify equals GUI: Bình thường - DATA: Bình thường

18-05-2025T14:27:02 - [MESSAGE][PASSED] - Verify equals GUI: Bình thường - DATA: Bình thường

18-05-2025T14:27:02 - [TEST_STEP][PASSED] - documentInformationScreen.checkDescription(document): Verify equals GUI: 037 LAY Y KIEN NHANH_KHONG NHAP Y KIEN - DATA: 037 LAY Y KIEN NHANH_KHONG NHAP Y KIEN

18-05-2025T14:27:03 - [MESSAGE][PASSED] - Verify equals GUI: 037 LAY Y KIEN NHANH_KHONG NHAP Y KIEN - DATA: 037 LAY Y KIEN NHANH_KHONG NHAP Y KIEN

18-05-2025T14:27:03 - [TEST_STEP][PASSED] - documentInformationScreen.checkAssigner(document): Verify contains GUI: auto5@hdbank.com.vn - DATA: auto5@hdbank.com.vn

18-05-2025T14:27:04 - [MESSAGE][PASSED] - Verify contains GUI: auto5@hdbank.com.vn - DATA: auto5@hdbank.com.vn

18-05-2025T14:27:04 - [TEST_STEP][PASSED] - documentInformationScreen.checkPresentFileName(document): Verify contains GUI: dummy_20250518142654.ozd - DATA: dummy

18-05-2025T14:27:05 - [MESSAGE][PASSED] - Verify contains GUI: dummy_20250518142654.ozd - DATA: dummy

18-05-2025T14:27:05 - [TEST_STEP][PASSED] - documentInformationScreen.checkAttachFileName(document): Expected true condition

18-05-2025T14:27:07 - [MESSAGE][PASSED] - Expected true condition

18-05-2025T14:27:07 - [TEST_STEP][PASSED] - documentInformationScreen.backToHome(): null

18-05-2025T14:27:11 - [TEST_STEP][ERROR] - inComingDocument.performAction(document, SEND_COMMENT): Test Cases/IPAPER APP/037 LAY Y KIEN NHANH_KHONG NHAP Y KIEN FAILED.
Reason:
org.openqa.selenium.NoSuchElementException: An element could not be located on the page using the given search parameters.
For documentation on this error, please visit: https://www.seleniumhq.org/exceptions/no_such_element.html
Build info: version: '3.141.59', revision: 'unknown', time: 'unknown'
System info: host: '192.168.1.4.non-exists.ptr.local', ip: '2402:800:63f2:b9ce:1859:4296:77a1:a88d%en0', os.name: 'Mac OS X', os.arch: 'aarch64', os.version: '15.4.1', java.version: '17.0.7'
Driver info: com.kms.katalon.core.appium.driver.SwipeableAndroidDriver
Capabilities {automationName: UiAutomator2, databaseEnabled: false, desired: {automationName: UiAutomator2, deviceName: af0c5cf7, noReset: true, platformName: android, waitForIdleTimeout: 3000}, deviceApiLevel: 35, deviceManufacturer: OPPO, deviceModel: CPH2699, deviceName: af0c5cf7, deviceScreenDensity: 480, deviceScreenSize: 1080x2400, deviceUDID: af0c5cf7, javascriptEnabled: true, locationContextEnabled: false, networkConnectionEnabled: true, noReset: true, pixelRatio: 3, platform: LINUX, platformName: Android, platformVersion: 15, statBarHeight: 120, takesScreenshot: true, viewportRect: {height: 2280, left: 0, top: 120, width: 1080}, waitForIdleTimeout: 3000, warnings: {}, webStorageEnabled: false}
Session ID: a2ddd6f2-eda7-4b95-9f4b-0be7892e4c4b
*** Element info: {Using=id, value=com.hdbank.ipaper:id/img_home_bar}
	at java.base/jdk.internal.reflect.NativeConstructorAccessorImpl.newInstance0(Native Method)
	at java.base/jdk.internal.reflect.NativeConstructorAccessorImpl.newInstance(NativeConstructorAccessorImpl.java:77)
	at java.base/jdk.internal.reflect.DelegatingConstructorAccessorImpl.newInstance(DelegatingConstructorAccessorImpl.java:45)
	at org.openqa.selenium.remote.http.W3CHttpResponseCodec.createException(W3CHttpResponseCodec.java:187)
	at org.openqa.selenium.remote.http.W3CHttpResponseCodec.decode(W3CHttpResponseCodec.java:122)
	at org.openqa.selenium.remote.http.W3CHttpResponseCodec.decode(W3CHttpResponseCodec.java:49)
	at org.openqa.selenium.remote.HttpCommandExecutor.execute(HttpCommandExecutor.java:158)
	at io.appium.java_client.remote.AppiumCommandExecutor.execute(AppiumCommandExecutor.java:239)
	at org.openqa.selenium.remote.RemoteWebDriver.execute(RemoteWebDriver.java:552)
	at io.appium.java_client.DefaultGenericMobileDriver.execute(DefaultGenericMobileDriver.java:42)
	at io.appium.java_client.AppiumDriver.execute(AppiumDriver.java:1)
	at io.appium.java_client.android.AndroidDriver.execute(AndroidDriver.java:1)
	at com.kms.katalon.core.appium.driver.SwipeableAndroidDriver.execute(SwipeableAndroidDriver.java:1)
	at org.openqa.selenium.remote.RemoteWebDriver.findElement(RemoteWebDriver.java:323)
	at io.appium.java_client.DefaultGenericMobileDriver.findElement(DefaultGenericMobileDriver.java:62)
	at io.appium.java_client.AppiumDriver.findElement(AppiumDriver.java:1)
	at io.appium.java_client.android.AndroidDriver.findElement(AndroidDriver.java:1)
	at com.kms.katalon.core.appium.driver.SwipeableAndroidDriver.findElement(SwipeableAndroidDriver.java:1)
	at org.openqa.selenium.remote.RemoteWebDriver.findElementById(RemoteWebDriver.java:372)
	at io.appium.java_client.DefaultGenericMobileDriver.findElementById(DefaultGenericMobileDriver.java:70)
	at io.appium.java_client.AppiumDriver.findElementById(AppiumDriver.java:1)
	at io.appium.java_client.android.AndroidDriver.findElementById(AndroidDriver.java:1)
	at com.kms.katalon.core.appium.driver.SwipeableAndroidDriver.findElementById(SwipeableAndroidDriver.java:1)
	at org.openqa.selenium.By$ById.findElement(By.java:188)
	at org.openqa.selenium.remote.RemoteWebDriver.findElement(RemoteWebDriver.java:315)
	at io.appium.java_client.DefaultGenericMobileDriver.findElement(DefaultGenericMobileDriver.java:58)
	at io.appium.java_client.AppiumDriver.findElement(AppiumDriver.java:1)
	at io.appium.java_client.android.AndroidDriver.findElement(AndroidDriver.java:1)
	at com.kms.katalon.core.appium.driver.SwipeableAndroidDriver.findElement(SwipeableAndroidDriver.java:1)
	at base.BaseKeyword$Trait$Helper.clickToElement(BaseKeyword.groovy:59)
	at screens.IncomingDocumentScreen.clickToElement(IncomingDocumentScreen.groovy)
	at screens.IncomingDocumentScreen.backToHome(IncomingDocumentScreen.groovy:233)
	at screens.IncomingDocumentScreen.performAction(IncomingDocumentScreen.groovy:113)
	at screens.IncomingDocumentScreen.performAction(IncomingDocumentScreen.groovy)
	at 037 LAY Y KIEN NHANH_KHONG NHAP Y KIEN.run(037 LAY Y KIEN NHANH_KHONG NHAP Y KIEN:93)
	at com.kms.katalon.core.main.ScriptEngine.run(ScriptEngine.java:194)
	at com.kms.katalon.core.main.ScriptEngine.runScriptAsRawText(ScriptEngine.java:119)
	at com.kms.katalon.core.main.TestCaseExecutor.runScript(TestCaseExecutor.java:448)
	at com.kms.katalon.core.main.TestCaseExecutor.doExecute(TestCaseExecutor.java:439)
	at com.kms.katalon.core.main.TestCaseExecutor.processExecutionPhase(TestCaseExecutor.java:418)
	at com.kms.katalon.core.main.TestCaseExecutor.accessMainPhase(TestCaseExecutor.java:410)
	at com.kms.katalon.core.main.TestCaseExecutor.execute(TestCaseExecutor.java:285)
	at com.kms.katalon.core.common.CommonExecutor.accessTestCaseMainPhase(CommonExecutor.java:65)
	at com.kms.katalon.core.main.TestSuiteExecutor.accessTestSuiteMainPhase(TestSuiteExecutor.java:150)
	at com.kms.katalon.core.main.TestSuiteExecutor.execute(TestSuiteExecutor.java:106)
	at com.kms.katalon.core.main.TestCaseMain.startTestSuite(TestCaseMain.java:180)
	at TempTestSuite1747552661021.run(TempTestSuite1747552661021.groovy:35)
	at java.base/jdk.internal.reflect.NativeMethodAccessorImpl.invoke0(Native Method)
	at java.base/jdk.internal.reflect.NativeMethodAccessorImpl.invoke(NativeMethodAccessorImpl.java:77)
	at java.base/jdk.internal.reflect.DelegatingMethodAccessorImpl.invoke(DelegatingMethodAccessorImpl.java:43)


18-05-2025T14:27:23 - [MESSAGE][ERROR] - Test Cases/IPAPER APP/037 LAY Y KIEN NHANH_KHONG NHAP Y KIEN FAILED.
Reason:
org.openqa.selenium.NoSuchElementException: An element could not be located on the page using the given search parameters.
For documentation on this error, please visit: https://www.seleniumhq.org/exceptions/no_such_element.html
Build info: version: '3.141.59', revision: 'unknown', time: 'unknown'
System info: host: '192.168.1.4.non-exists.ptr.local', ip: '2402:800:63f2:b9ce:1859:4296:77a1:a88d%en0', os.name: 'Mac OS X', os.arch: 'aarch64', os.version: '15.4.1', java.version: '17.0.7'
Driver info: com.kms.katalon.core.appium.driver.SwipeableAndroidDriver
Capabilities {automationName: UiAutomator2, databaseEnabled: false, desired: {automationName: UiAutomator2, deviceName: af0c5cf7, noReset: true, platformName: android, waitForIdleTimeout: 3000}, deviceApiLevel: 35, deviceManufacturer: OPPO, deviceModel: CPH2699, deviceName: af0c5cf7, deviceScreenDensity: 480, deviceScreenSize: 1080x2400, deviceUDID: af0c5cf7, javascriptEnabled: true, locationContextEnabled: false, networkConnectionEnabled: true, noReset: true, pixelRatio: 3, platform: LINUX, platformName: Android, platformVersion: 15, statBarHeight: 120, takesScreenshot: true, viewportRect: {height: 2280, left: 0, top: 120, width: 1080}, waitForIdleTimeout: 3000, warnings: {}, webStorageEnabled: false}
Session ID: a2ddd6f2-eda7-4b95-9f4b-0be7892e4c4b
*** Element info: {Using=id, value=com.hdbank.ipaper:id/img_home_bar}
	at java.base/jdk.internal.reflect.NativeConstructorAccessorImpl.newInstance0(Native Method)
	at java.base/jdk.internal.reflect.NativeConstructorAccessorImpl.newInstance(NativeConstructorAccessorImpl.java:77)
	at java.base/jdk.internal.reflect.DelegatingConstructorAccessorImpl.newInstance(DelegatingConstructorAccessorImpl.java:45)
	at org.openqa.selenium.remote.http.W3CHttpResponseCodec.createException(W3CHttpResponseCodec.java:187)
	at org.openqa.selenium.remote.http.W3CHttpResponseCodec.decode(W3CHttpResponseCodec.java:122)
	at org.openqa.selenium.remote.http.W3CHttpResponseCodec.decode(W3CHttpResponseCodec.java:49)
	at org.openqa.selenium.remote.HttpCommandExecutor.execute(HttpCommandExecutor.java:158)
	at io.appium.java_client.remote.AppiumCommandExecutor.execute(AppiumCommandExecutor.java:239)
	at org.openqa.selenium.remote.RemoteWebDriver.execute(RemoteWebDriver.java:552)
	at io.appium.java_client.DefaultGenericMobileDriver.execute(DefaultGenericMobileDriver.java:42)
	at io.appium.java_client.AppiumDriver.execute(AppiumDriver.java:1)
	at io.appium.java_client.android.AndroidDriver.execute(AndroidDriver.java:1)
	at com.kms.katalon.core.appium.driver.SwipeableAndroidDriver.execute(SwipeableAndroidDriver.java:1)
	at org.openqa.selenium.remote.RemoteWebDriver.findElement(RemoteWebDriver.java:323)
	at io.appium.java_client.DefaultGenericMobileDriver.findElement(DefaultGenericMobileDriver.java:62)
	at io.appium.java_client.AppiumDriver.findElement(AppiumDriver.java:1)
	at io.appium.java_client.android.AndroidDriver.findElement(AndroidDriver.java:1)
	at com.kms.katalon.core.appium.driver.SwipeableAndroidDriver.findElement(SwipeableAndroidDriver.java:1)
	at org.openqa.selenium.remote.RemoteWebDriver.findElementById(RemoteWebDriver.java:372)
	at io.appium.java_client.DefaultGenericMobileDriver.findElementById(DefaultGenericMobileDriver.java:70)
	at io.appium.java_client.AppiumDriver.findElementById(AppiumDriver.java:1)
	at io.appium.java_client.android.AndroidDriver.findElementById(AndroidDriver.java:1)
	at com.kms.katalon.core.appium.driver.SwipeableAndroidDriver.findElementById(SwipeableAndroidDriver.java:1)
	at org.openqa.selenium.By$ById.findElement(By.java:188)
	at org.openqa.selenium.remote.RemoteWebDriver.findElement(RemoteWebDriver.java:315)
	at io.appium.java_client.DefaultGenericMobileDriver.findElement(DefaultGenericMobileDriver.java:58)
	at io.appium.java_client.AppiumDriver.findElement(AppiumDriver.java:1)
	at io.appium.java_client.android.AndroidDriver.findElement(AndroidDriver.java:1)
	at com.kms.katalon.core.appium.driver.SwipeableAndroidDriver.findElement(SwipeableAndroidDriver.java:1)
	at base.BaseKeyword$Trait$Helper.clickToElement(BaseKeyword.groovy:59)
	at screens.IncomingDocumentScreen.clickToElement(IncomingDocumentScreen.groovy)
	at screens.IncomingDocumentScreen.backToHome(IncomingDocumentScreen.groovy:233)
	at screens.IncomingDocumentScreen.performAction(IncomingDocumentScreen.groovy:113)
	at screens.IncomingDocumentScreen.performAction(IncomingDocumentScreen.groovy)
	at 037 LAY Y KIEN NHANH_KHONG NHAP Y KIEN.run(037 LAY Y KIEN NHANH_KHONG NHAP Y KIEN:93)
	at com.kms.katalon.core.main.ScriptEngine.run(ScriptEngine.java:194)
	at com.kms.katalon.core.main.ScriptEngine.runScriptAsRawText(ScriptEngine.java:119)
	at com.kms.katalon.core.main.TestCaseExecutor.runScript(TestCaseExecutor.java:448)
	at com.kms.katalon.core.main.TestCaseExecutor.doExecute(TestCaseExecutor.java:439)
	at com.kms.katalon.core.main.TestCaseExecutor.processExecutionPhase(TestCaseExecutor.java:418)
	at com.kms.katalon.core.main.TestCaseExecutor.accessMainPhase(TestCaseExecutor.java:410)
	at com.kms.katalon.core.main.TestCaseExecutor.execute(TestCaseExecutor.java:285)
	at com.kms.katalon.core.common.CommonExecutor.accessTestCaseMainPhase(CommonExecutor.java:65)
	at com.kms.katalon.core.main.TestSuiteExecutor.accessTestSuiteMainPhase(TestSuiteExecutor.java:150)
	at com.kms.katalon.core.main.TestSuiteExecutor.execute(TestSuiteExecutor.java:106)
	at com.kms.katalon.core.main.TestCaseMain.startTestSuite(TestCaseMain.java:180)
	at TempTestSuite1747552661021.run(TempTestSuite1747552661021.groovy:35)
	at java.base/jdk.internal.reflect.NativeMethodAccessorImpl.invoke0(Native Method)
	at java.base/jdk.internal.reflect.NativeMethodAccessorImpl.invoke(NativeMethodAccessorImpl.java:77)
	at java.base/jdk.internal.reflect.DelegatingMethodAccessorImpl.invoke(DelegatingMethodAccessorImpl.java:43)


18-05-2025T14:27:23 - [TEST_STEP][PASSED] - Start listener action : afterTest: null

18-05-2025T14:27:23 - [TEST_STEP][PASSED] - if (testCaseStatus != "PASSED"): Screenshot is taken

18-05-2025T14:27:23 - [TEST_STEP][PASSED] - takeScreenshot(ErrorScreen/$GlobalVariable.PLATFORM/$testCaseContext.getTestCaseId().png): Screenshot is taken

18-05-2025T14:27:26 - [MESSAGE][PASSED] - Screenshot is taken
[[ATTACHMENT|ErrorScreen/Android/Test Cases/IPAPER APP/037 LAY Y KIEN NHANH_KHONG NHAP Y KIEN.png]]

18-05-2025T14:27:26 - [TEST_STEP][PASSED] - drivers.Driver.closeApp(): drivers.Driver.closeApp is PASSED

18-05-2025T14:27:26 - [MESSAGE][PASSED] - drivers.Driver.closeApp is PASSED

18-05-2025T14:27:26 - [TEST_STEP][PASSED] - if (tsContext == null): null]]></system-out>
         <system-err><![CDATA[18-05-2025T14:25:33 - [TEST_CASE][ERROR] - Test Cases/IPAPER APP/037 LAY Y KIEN NHANH_KHONG NHAP Y KIEN: Test Cases/IPAPER APP/037 LAY Y KIEN NHANH_KHONG NHAP Y KIEN FAILED.
Reason:
org.openqa.selenium.NoSuchElementException: An element could not be located on the page using the given search parameters.
For documentation on this error, please visit: https://www.seleniumhq.org/exceptions/no_such_element.html
Build info: version: '3.141.59', revision: 'unknown', time: 'unknown'
System info: host: '192.168.1.4.non-exists.ptr.local', ip: '2402:800:63f2:b9ce:1859:4296:77a1:a88d%en0', os.name: 'Mac OS X', os.arch: 'aarch64', os.version: '15.4.1', java.version: '17.0.7'
Driver info: com.kms.katalon.core.appium.driver.SwipeableAndroidDriver
Capabilities {automationName: UiAutomator2, databaseEnabled: false, desired: {automationName: UiAutomator2, deviceName: af0c5cf7, noReset: true, platformName: android, waitForIdleTimeout: 3000}, deviceApiLevel: 35, deviceManufacturer: OPPO, deviceModel: CPH2699, deviceName: af0c5cf7, deviceScreenDensity: 480, deviceScreenSize: 1080x2400, deviceUDID: af0c5cf7, javascriptEnabled: true, locationContextEnabled: false, networkConnectionEnabled: true, noReset: true, pixelRatio: 3, platform: LINUX, platformName: Android, platformVersion: 15, statBarHeight: 120, takesScreenshot: true, viewportRect: {height: 2280, left: 0, top: 120, width: 1080}, waitForIdleTimeout: 3000, warnings: {}, webStorageEnabled: false}
Session ID: a2ddd6f2-eda7-4b95-9f4b-0be7892e4c4b
*** Element info: {Using=id, value=com.hdbank.ipaper:id/img_home_bar}
	at java.base/jdk.internal.reflect.NativeConstructorAccessorImpl.newInstance0(Native Method)
	at java.base/jdk.internal.reflect.NativeConstructorAccessorImpl.newInstance(NativeConstructorAccessorImpl.java:77)
	at java.base/jdk.internal.reflect.DelegatingConstructorAccessorImpl.newInstance(DelegatingConstructorAccessorImpl.java:45)
	at org.openqa.selenium.remote.http.W3CHttpResponseCodec.createException(W3CHttpResponseCodec.java:187)
	at org.openqa.selenium.remote.http.W3CHttpResponseCodec.decode(W3CHttpResponseCodec.java:122)
	at org.openqa.selenium.remote.http.W3CHttpResponseCodec.decode(W3CHttpResponseCodec.java:49)
	at org.openqa.selenium.remote.HttpCommandExecutor.execute(HttpCommandExecutor.java:158)
	at io.appium.java_client.remote.AppiumCommandExecutor.execute(AppiumCommandExecutor.java:239)
	at org.openqa.selenium.remote.RemoteWebDriver.execute(RemoteWebDriver.java:552)
	at io.appium.java_client.DefaultGenericMobileDriver.execute(DefaultGenericMobileDriver.java:42)
	at io.appium.java_client.AppiumDriver.execute(AppiumDriver.java:1)
	at io.appium.java_client.android.AndroidDriver.execute(AndroidDriver.java:1)
	at com.kms.katalon.core.appium.driver.SwipeableAndroidDriver.execute(SwipeableAndroidDriver.java:1)
	at org.openqa.selenium.remote.RemoteWebDriver.findElement(RemoteWebDriver.java:323)
	at io.appium.java_client.DefaultGenericMobileDriver.findElement(DefaultGenericMobileDriver.java:62)
	at io.appium.java_client.AppiumDriver.findElement(AppiumDriver.java:1)
	at io.appium.java_client.android.AndroidDriver.findElement(AndroidDriver.java:1)
	at com.kms.katalon.core.appium.driver.SwipeableAndroidDriver.findElement(SwipeableAndroidDriver.java:1)
	at org.openqa.selenium.remote.RemoteWebDriver.findElementById(RemoteWebDriver.java:372)
	at io.appium.java_client.DefaultGenericMobileDriver.findElementById(DefaultGenericMobileDriver.java:70)
	at io.appium.java_client.AppiumDriver.findElementById(AppiumDriver.java:1)
	at io.appium.java_client.android.AndroidDriver.findElementById(AndroidDriver.java:1)
	at com.kms.katalon.core.appium.driver.SwipeableAndroidDriver.findElementById(SwipeableAndroidDriver.java:1)
	at org.openqa.selenium.By$ById.findElement(By.java:188)
	at org.openqa.selenium.remote.RemoteWebDriver.findElement(RemoteWebDriver.java:315)
	at io.appium.java_client.DefaultGenericMobileDriver.findElement(DefaultGenericMobileDriver.java:58)
	at io.appium.java_client.AppiumDriver.findElement(AppiumDriver.java:1)
	at io.appium.java_client.android.AndroidDriver.findElement(AndroidDriver.java:1)
	at com.kms.katalon.core.appium.driver.SwipeableAndroidDriver.findElement(SwipeableAndroidDriver.java:1)
	at base.BaseKeyword$Trait$Helper.clickToElement(BaseKeyword.groovy:59)
	at screens.IncomingDocumentScreen.clickToElement(IncomingDocumentScreen.groovy)
	at screens.IncomingDocumentScreen.backToHome(IncomingDocumentScreen.groovy:233)
	at screens.IncomingDocumentScreen.performAction(IncomingDocumentScreen.groovy:113)
	at screens.IncomingDocumentScreen.performAction(IncomingDocumentScreen.groovy)
	at 037 LAY Y KIEN NHANH_KHONG NHAP Y KIEN.run(037 LAY Y KIEN NHANH_KHONG NHAP Y KIEN:93)
	at com.kms.katalon.core.main.ScriptEngine.run(ScriptEngine.java:194)
	at com.kms.katalon.core.main.ScriptEngine.runScriptAsRawText(ScriptEngine.java:119)
	at com.kms.katalon.core.main.TestCaseExecutor.runScript(TestCaseExecutor.java:448)
	at com.kms.katalon.core.main.TestCaseExecutor.doExecute(TestCaseExecutor.java:439)
	at com.kms.katalon.core.main.TestCaseExecutor.processExecutionPhase(TestCaseExecutor.java:418)
	at com.kms.katalon.core.main.TestCaseExecutor.accessMainPhase(TestCaseExecutor.java:410)
	at com.kms.katalon.core.main.TestCaseExecutor.execute(TestCaseExecutor.java:285)
	at com.kms.katalon.core.common.CommonExecutor.accessTestCaseMainPhase(CommonExecutor.java:65)
	at com.kms.katalon.core.main.TestSuiteExecutor.accessTestSuiteMainPhase(TestSuiteExecutor.java:150)
	at com.kms.katalon.core.main.TestSuiteExecutor.execute(TestSuiteExecutor.java:106)
	at com.kms.katalon.core.main.TestCaseMain.startTestSuite(TestCaseMain.java:180)
	at TempTestSuite1747552661021.run(TempTestSuite1747552661021.groovy:35)
	at java.base/jdk.internal.reflect.NativeMethodAccessorImpl.invoke0(Native Method)
	at java.base/jdk.internal.reflect.NativeMethodAccessorImpl.invoke(NativeMethodAccessorImpl.java:77)
	at java.base/jdk.internal.reflect.DelegatingMethodAccessorImpl.invoke(DelegatingMethodAccessorImpl.java:43)]]></system-err>
      </testcase>
      <testcase name="Test Cases/IPAPER APP/059 TẠO QUY TRINH_2 BUOC" time="154.549" classname="Test Cases/IPAPER APP/059 TẠO QUY TRINH_2 BUOC" status="PASSED">
         <system-out><![CDATA[18-05-2025T14:27:26 - [TEST_CASE][PASSED] - Test Cases/IPAPER APP/059 TẠO QUY TRINH_2 BUOC: Test Cases/IPAPER APP/059 TẠO QUY TRINH_2 BUOC

18-05-2025T14:27:26 - [TEST_STEP][PASSED] - Start listener action : beforeTest: drivers.Driver.openApp is PASSED

18-05-2025T14:27:26 - [TEST_STEP][PASSED] - DataTest.init(): null

18-05-2025T14:27:26 - [TEST_STEP][PASSED] - testCaseId = split("/").last(): null

18-05-2025T14:27:26 - [TEST_STEP][PASSED] - if (!(drivers.Driver.isAppiumRunning())): drivers.Driver.isAppiumRunning is PASSED

18-05-2025T14:27:26 - [MESSAGE][INFO] - Appium running: true

18-05-2025T14:27:26 - [MESSAGE][PASSED] - drivers.Driver.isAppiumRunning is PASSED

18-05-2025T14:27:26 - [TEST_STEP][PASSED] - if (driver == null || driver.getSessionId() == null): null

18-05-2025T14:27:26 - [TEST_STEP][PASSED] - drivers.Driver.openApp(): drivers.Driver.openApp is PASSED

18-05-2025T14:27:29 - [MESSAGE][PASSED] - drivers.Driver.openApp is PASSED

18-05-2025T14:27:29 - [TEST_STEP][PASSED] - REQUEST_NAME = "Trình ký PDF có sẵn": null

18-05-2025T14:27:29 - [TEST_STEP][PASSED] - TO_DAY = SimpleDateFormat(dd/MM/yyyy).format(new java.util.Date()): null

18-05-2025T14:27:29 - [TEST_STEP][PASSED] - auto5 = DataTest.getUserTest("auto5"): null

18-05-2025T14:27:29 - [TEST_STEP][PASSED] - auto6 = DataTest.getUserTest("auto6"): null

18-05-2025T14:27:29 - [TEST_STEP][PASSED] - auto7 = DataTest.getUserTest("auto7"): null

18-05-2025T14:27:29 - [TEST_STEP][PASSED] - auto8 = DataTest.getUserTest("auto8"): null

18-05-2025T14:27:29 - [TEST_STEP][PASSED] - document = DataTest.createDocumentTest(auto5, auto6, auto7, "dummy.pdf", "dummy.pdf"): null

18-05-2025T14:27:29 - [TEST_STEP][PASSED] - loginScreen.login(auto5): null

18-05-2025T14:27:37 - [TEST_STEP][PASSED] - homeScreen.openRequestList(): null

18-05-2025T14:27:42 - [TEST_STEP][PASSED] - homeScreen.createRequest(REQUEST_NAME): null

18-05-2025T14:27:46 - [TEST_STEP][PASSED] - pdfSignScreen.fillInTitle(title): null

18-05-2025T14:27:48 - [TEST_STEP][PASSED] - pdfSignScreen.selectPriority(priority): null

18-05-2025T14:27:50 - [TEST_STEP][PASSED] - pdfSignScreen.selectTime(time): null

18-05-2025T14:27:53 - [TEST_STEP][PASSED] - pdfSignScreen.fillInDescription(description): null

18-05-2025T14:27:55 - [TEST_STEP][PASSED] - pdfSignScreen.openMainFileBrowser(): null

18-05-2025T14:27:56 - [TEST_STEP][PASSED] - fileBrowserScreen.attachFile(mainFileName): null

18-05-2025T14:28:02 - [TEST_STEP][PASSED] - pdfSignScreen.openSubFileBrowser(): null

18-05-2025T14:28:07 - [TEST_STEP][PASSED] - fileBrowserScreen.attachFile(subFileName): null

18-05-2025T14:28:13 - [TEST_STEP][PASSED] - pdfSignScreen.processDefinition(auto6): null

18-05-2025T14:28:21 - [TEST_STEP][PASSED] - pdfSignScreen.processDefinition(auto7, auto8): null

18-05-2025T14:28:37 - [TEST_STEP][PASSED] - pdfSignScreen.performAction(SEND_APPROVE): null

18-05-2025T14:28:40 - [TEST_STEP][PASSED] - pdfSignScreen.fillInOpinion(document.getComment()): null

18-05-2025T14:28:40 - [TEST_STEP][PASSED] - pdfSignScreen.submitRequest(): null

18-05-2025T14:28:49 - [TEST_STEP][PASSED] - document.setStatus(WAIT_APPROVE): null

18-05-2025T14:28:49 - [TEST_STEP][PASSED] - documentInformationScreen.backToHome(): null

18-05-2025T14:28:49 - [TEST_STEP][PASSED] - homeScreen.goToOutComingDocument(): null

18-05-2025T14:28:59 - [TEST_STEP][PASSED] - outComingDocument.viewInformationDocument(document): null

18-05-2025T14:29:00 - [TEST_STEP][PASSED] - documentInformationScreen.checkDocumentTitle(document): Verify equals GUI: Trình ký 1747553249549 - DATA: Trình ký 1747553249549

18-05-2025T14:29:04 - [MESSAGE][PASSED] - Verify equals GUI: Trình ký 1747553249549 - DATA: Trình ký 1747553249549

18-05-2025T14:29:04 - [TEST_STEP][PASSED] - documentInformationScreen.checkSender(document): Verify equals GUI: Auto Test User 5 - DATA: Auto Test User 5

18-05-2025T14:29:04 - [MESSAGE][PASSED] - Verify equals GUI: Auto Test User 5 - DATA: Auto Test User 5

18-05-2025T14:29:04 - [TEST_STEP][PASSED] - documentInformationScreen.checkStatus(document): Verify equals GUI: Chờ giám sát phê duyệt - DATA: Chờ giám sát phê duyệt

18-05-2025T14:29:04 - [MESSAGE][PASSED] - Verify equals GUI: Chờ giám sát phê duyệt - DATA: Chờ giám sát phê duyệt

18-05-2025T14:29:04 - [TEST_STEP][PASSED] - documentInformationScreen.checkCreateDate(): Verify equals GUI: 18/05/2025 - DATA: 18/05/2025

18-05-2025T14:29:04 - [MESSAGE][PASSED] - Verify equals GUI: 18/05/2025 - DATA: 18/05/2025

18-05-2025T14:29:04 - [TEST_STEP][PASSED] - documentInformationScreen.checkFinishDate(document): Verify equals GUI: 19/05/2025 - DATA: 19/05/2025

18-05-2025T14:29:05 - [MESSAGE][PASSED] - Verify equals GUI: 19/05/2025 - DATA: 19/05/2025

18-05-2025T14:29:05 - [TEST_STEP][PASSED] - documentInformationScreen.checkPriority(document): Verify equals GUI: Bình thường - DATA: Bình thường

18-05-2025T14:29:05 - [MESSAGE][PASSED] - Verify equals GUI: Bình thường - DATA: Bình thường

18-05-2025T14:29:05 - [TEST_STEP][PASSED] - documentInformationScreen.checkDescription(document): Verify equals GUI: 059 TẠO QUY TRINH_2 BUOC - DATA: 059 TẠO QUY TRINH_2 BUOC

18-05-2025T14:29:05 - [MESSAGE][PASSED] - Verify equals GUI: 059 TẠO QUY TRINH_2 BUOC - DATA: 059 TẠO QUY TRINH_2 BUOC

18-05-2025T14:29:05 - [TEST_STEP][PASSED] - documentInformationScreen.checkPresentFileName(document): Verify contains GUI: dummy_20250518142838.ozd - DATA: dummy

18-05-2025T14:29:06 - [MESSAGE][PASSED] - Verify contains GUI: dummy_20250518142838.ozd - DATA: dummy

18-05-2025T14:29:06 - [TEST_STEP][PASSED] - documentInformationScreen.checkAttachFileName(document): Expected true condition

18-05-2025T14:29:07 - [MESSAGE][PASSED] - Expected true condition

18-05-2025T14:29:07 - [TEST_STEP][PASSED] - documentInformationScreen.checkAssigners(auto6, auto7, auto8): Checking if all user emails are present in the list

18-05-2025T14:29:16 - [MESSAGE][PASSED] - Checking if all user emails are present in the list

18-05-2025T14:29:16 - [TEST_STEP][PASSED] - documentInformationScreen.backToHome(): null

18-05-2025T14:29:20 - [TEST_STEP][PASSED] - homeScreen.logout(): null

18-05-2025T14:29:29 - [TEST_STEP][PASSED] - loginScreen.login(auto6): null

18-05-2025T14:29:37 - [TEST_STEP][PASSED] - document.setAssigner(auto5): null

18-05-2025T14:29:37 - [TEST_STEP][PASSED] - homeScreen.goToIncomingDocument(): null

18-05-2025T14:29:37 - [TEST_STEP][PASSED] - inComingDocument.viewInformationDocument(document): View document Trình ký 1747553249549

18-05-2025T14:29:37 - [MESSAGE][INFO] - View document Trình ký 1747553249549

18-05-2025T14:29:43 - [TEST_STEP][PASSED] - documentInformationScreen.checkDocumentTitle(document): Verify equals GUI: Trình ký 1747553249549 - DATA: Trình ký 1747553249549

18-05-2025T14:29:44 - [MESSAGE][PASSED] - Verify equals GUI: Trình ký 1747553249549 - DATA: Trình ký 1747553249549

[...]

18-05-2025T15:18:13 - [MESSAGE][PASSED] - Verify equals GUI: Khẩn cấp - DATA: Khẩn cấp

18-05-2025T15:18:13 - [TEST_STEP][PASSED] - documentInformationScreen.checkDescription(document): Verify equals GUI: 012 DUYET CHI TIET_NHAP Y KIEN - DATA: 012 DUYET CHI TIET_NHAP Y KIEN

18-05-2025T15:18:13 - [MESSAGE][PASSED] - Verify equals GUI: 012 DUYET CHI TIET_NHAP Y KIEN - DATA: 012 DUYET CHI TIET_NHAP Y KIEN

18-05-2025T15:18:13 - [TEST_STEP][PASSED] - documentInformationScreen.checkAssigner(document): Verify contains GUI: auto5@hdbank.com.vn - DATA: auto5@hdbank.com.vn

18-05-2025T15:18:14 - [MESSAGE][PASSED] - Verify contains GUI: auto5@hdbank.com.vn - DATA: auto5@hdbank.com.vn

18-05-2025T15:18:14 - [TEST_STEP][PASSED] - documentInformationScreen.checkPresentFileName(document): Verify contains GUI: dummy_20250518151738.ozd - DATA: dummy

18-05-2025T15:18:15 - [MESSAGE][PASSED] - Verify contains GUI: dummy_20250518151738.ozd - DATA: dummy

18-05-2025T15:18:15 - [TEST_STEP][PASSED] - documentInformationScreen.checkAttachFileName(document): Expected true condition

18-05-2025T15:18:17 - [MESSAGE][PASSED] - Expected true condition

18-05-2025T15:18:17 - [TEST_STEP][PASSED] - documentInformationScreen.checkComment(auto6, COMMENT): Check comment of Auto Test User 6 is Automation approve

18-05-2025T15:18:18 - [MESSAGE][INFO] - GUI COMMENT: Automation approve - DATA COMMENT: Automation approve

18-05-2025T15:18:18 - [MESSAGE][PASSED] - Check comment of Auto Test User 6 is Automation approve

18-05-2025T15:18:18 - [TEST_STEP][PASSED] - documentInformationScreen.backToHome(): null

18-05-2025T15:18:23 - [TEST_STEP][PASSED] - inComingDocument.checkItemInDocument(): null

18-05-2025T15:18:23 - [TEST_STEP][PASSED] - Start listener action : afterTest: null

18-05-2025T15:18:23 - [TEST_STEP][PASSED] - if (testCaseStatus != "PASSED"): null

18-05-2025T15:18:23 - [TEST_STEP][PASSED] - drivers.Driver.closeApp(): drivers.Driver.closeApp is PASSED

18-05-2025T15:18:23 - [MESSAGE][PASSED] - drivers.Driver.closeApp is PASSED

18-05-2025T15:18:23 - [TEST_STEP][PASSED] - if (tsContext == null): null]]></system-out>
         <system-err><![CDATA[]]></system-err>
      </testcase>
      <testcase name="Test Cases/IPAPER APP/018 TU CHOI NHANH" time="132.212" classname="Test Cases/IPAPER APP/018 TU CHOI NHANH" status="PASSED">
         <system-out><![CDATA[18-05-2025T15:18:23 - [TEST_CASE][PASSED] - Test Cases/IPAPER APP/018 TU CHOI NHANH: Test Cases/IPAPER APP/018 TU CHOI NHANH

18-05-2025T15:18:23 - [TEST_STEP][PASSED] - Start listener action : beforeTest: drivers.Driver.openApp is PASSED

18-05-2025T15:18:23 - [TEST_STEP][PASSED] - DataTest.init(): null

18-05-2025T15:18:23 - [TEST_STEP][PASSED] - testCaseId = split("/").last(): null

18-05-2025T15:18:23 - [TEST_STEP][PASSED] - if (!(drivers.Driver.isAppiumRunning())): drivers.Driver.isAppiumRunning is PASSED

18-05-2025T15:18:23 - [MESSAGE][INFO] - Appium running: true

18-05-2025T15:18:23 - [MESSAGE][PASSED] - drivers.Driver.isAppiumRunning is PASSED

18-05-2025T15:18:23 - [TEST_STEP][PASSED] - if (driver == null || driver.getSessionId() == null): null

18-05-2025T15:18:23 - [TEST_STEP][PASSED] - drivers.Driver.openApp(): drivers.Driver.openApp is PASSED

18-05-2025T15:18:25 - [MESSAGE][PASSED] - drivers.Driver.openApp is PASSED

18-05-2025T15:18:25 - [TEST_STEP][PASSED] - REQUEST_NAME = "Trình ký PDF có sẵn": null

18-05-2025T15:18:25 - [TEST_STEP][PASSED] - COMMENT = "Commented by automation team in case 18": null

18-05-2025T15:18:25 - [TEST_STEP][PASSED] - auto5 = DataTest.getUserTest("auto5"): null

18-05-2025T15:18:25 - [TEST_STEP][PASSED] - auto6 = DataTest.getUserTest("auto6"): null

18-05-2025T15:18:25 - [TEST_STEP][PASSED] - document = DataTest.createDocumentTest(auto5, auto6, null, "dummy.pdf", "dummy.pdf"): null

18-05-2025T15:18:25 - [TEST_STEP][PASSED] - loginScreen.login(auto5): null

18-05-2025T15:18:34 - [TEST_STEP][PASSED] - homeScreen.openRequestList(): null

18-05-2025T15:18:39 - [TEST_STEP][PASSED] - homeScreen.createRequest(REQUEST_NAME): null

18-05-2025T15:18:42 - [TEST_STEP][PASSED] - pdfSignScreen.fillInTitle(document.getTitle()): null

18-05-2025T15:18:45 - [TEST_STEP][PASSED] - pdfSignScreen.selectPriority(document.getPriority()): null

18-05-2025T15:18:47 - [TEST_STEP][PASSED] - pdfSignScreen.selectTime(document.getTime()): null

18-05-2025T15:18:50 - [TEST_STEP][PASSED] - pdfSignScreen.fillInDescription(document.getDescription()): null

18-05-2025T15:18:52 - [TEST_STEP][PASSED] - pdfSignScreen.selectAssigner(getAssigner().getEmail()): null

18-05-2025T15:18:58 - [TEST_STEP][PASSED] - pdfSignScreen.openMainFileBrowser(): null

18-05-2025T15:19:03 - [TEST_STEP][PASSED] - fileBrowserScreen.attachFile(document.getMainFileName()): null

18-05-2025T15:19:09 - [TEST_STEP][PASSED] - pdfSignScreen.openSubFileBrowser(): null

18-05-2025T15:19:10 - [TEST_STEP][PASSED] - fileBrowserScreen.attachFile(document.getSubFileName()): null

18-05-2025T15:19:17 - [TEST_STEP][PASSED] - pdfSignScreen.performAction(SEND_APPROVE): null

18-05-2025T15:19:21 - [TEST_STEP][PASSED] - pdfSignScreen.fillInOpinion(document.getComment()): null

18-05-2025T15:19:21 - [TEST_STEP][PASSED] - pdfSignScreen.submitRequest(): null

18-05-2025T15:19:28 - [TEST_STEP][PASSED] - documentInformationScreen.backToHome(): null

18-05-2025T15:19:28 - [TEST_STEP][PASSED] - homeScreen.logout(): null

18-05-2025T15:19:37 - [TEST_STEP][PASSED] - document.setStatus(WAIT_APPROVE): null

18-05-2025T15:19:37 - [TEST_STEP][PASSED] - document.setAssigner(auto5): null

18-05-2025T15:19:37 - [TEST_STEP][PASSED] - loginScreen.login(auto6): null

18-05-2025T15:19:46 - [TEST_STEP][PASSED] - homeScreen.goToIncomingDocument(): null

18-05-2025T15:19:46 - [TEST_STEP][PASSED] - inComingDocument.viewInformationDocument(document): View document Trình ký 1747556305866

18-05-2025T15:19:46 - [MESSAGE][INFO] - View document Trình ký 1747556305866

18-05-2025T15:19:51 - [TEST_STEP][PASSED] - documentInformationScreen.checkDocumentTitle(document): Verify equals GUI: Trình ký 1747556305866 - DATA: Trình ký 1747556305866

18-05-2025T15:19:52 - [MESSAGE][PASSED] - Verify equals GUI: Trình ký 1747556305866 - DATA: Trình ký 1747556305866

18-05-2025T15:19:52 - [TEST_STEP][PASSED] - documentInformationScreen.checkSender(document): Verify equals GUI: Auto Test User 5 - DATA: Auto Test User 5

18-05-2025T15:19:52 - [MESSAGE][PASSED] - Verify equals GUI: Auto Test User 5 - DATA: Auto Test User 5

18-05-2025T15:19:52 - [TEST_STEP][PASSED] - documentInformationScreen.checkStatus(document): Verify equals GUI: Chờ giám sát phê duyệt - DATA: Chờ giám sát phê duyệt

18-05-2025T15:19:52 - [MESSAGE][PASSED] - Verify equals GUI: Chờ giám sát phê duyệt - DATA: Chờ giám sát phê duyệt

18-05-2025T15:19:52 - [TEST_STEP][PASSED] - documentInformationScreen.checkCreateDate(): Verify equals GUI: 18/05/2025 - DATA: 18/05/2025

18-05-2025T15:19:52 - [MESSAGE][PASSED] - Verify equals GUI: 18/05/2025 - DATA: 18/05/2025

18-05-2025T15:19:52 - [TEST_STEP][PASSED] - documentInformationScreen.checkFinishDate(document): Verify equals GUI: 19/05/2025 - DATA: 19/05/2025

18-05-2025T15:19:52 - [MESSAGE][PASSED] - Verify equals GUI: 19/05/2025 - DATA: 19/05/2025

18-05-2025T15:19:52 - [TEST_STEP][PASSED] - documentInformationScreen.checkPriority(document): Verify equals GUI: Bình thường - DATA: Bình thường

18-05-2025T15:19:52 - [MESSAGE][PASSED] - Verify equals GUI: Bình thường - DATA: Bình thường

18-05-2025T15:19:52 - [TEST_STEP][PASSED] - documentInformationScreen.checkDescription(document): Verify equals GUI: 018 TU CHOI NHANH - DATA: 018 TU CHOI NHANH

18-05-2025T15:19:52 - [MESSAGE][PASSED] - Verify equals GUI: 018 TU CHOI NHANH - DATA: 018 TU CHOI NHANH

18-05-2025T15:19:52 - [TEST_STEP][PASSED] - documentInformationScreen.checkAssigner(document): Verify contains GUI: auto5@hdbank.com.vn - DATA: auto5@hdbank.com.vn

18-05-2025T15:19:54 - [MESSAGE][PASSED] - Verify contains GUI: auto5@hdbank.com.vn - DATA: auto5@hdbank.com.vn

18-05-2025T15:19:54 - [TEST_STEP][PASSED] - documentInformationScreen.checkPresentFileName(document): Verify contains GUI: dummy_20250518151945.ozd - DATA: dummy

18-05-2025T15:19:54 - [MESSAGE][PASSED] - Verify contains GUI: dummy_20250518151945.ozd - DATA: dummy

18-05-2025T15:19:54 - [TEST_STEP][PASSED] - documentInformationScreen.checkAttachFileName(document): Expected true condition

18-05-2025T15:19:56 - [MESSAGE][PASSED] - Expected true condition

18-05-2025T15:19:56 - [TEST_STEP][PASSED] - documentInformationScreen.backToHome(): null

18-05-2025T15:20:00 - [TEST_STEP][PASSED] - inComingDocument.performAction(document, REJECT): null

18-05-2025T15:20:06 - [TEST_STEP][PASSED] - inComingDocument.checkItemInDocument(): null

18-05-2025T15:20:06 - [TEST_STEP][PASSED] - homeScreen.goToOutComingDocument(): null

18-05-2025T15:20:16 - [TEST_STEP][PASSED] - outComingDocument.viewInformationDocument(document): null

18-05-2025T15:20:17 - [TEST_STEP][PASSED] - documentInformationScreen.checkDocumentTitle(document): Verify equals GUI: Trình ký 1747556305866 - DATA: Trình ký 1747556305866

18-05-2025T15:20:20 - [MESSAGE][PASSED] - Verify equals GUI: Trình ký 1747556305866 - DATA: Trình ký 1747556305866

18-05-2025T15:20:20 - [TEST_STEP][PASSED] - documentInformationScreen.checkSender(document): Verify equals GUI: Auto Test User 5 - DATA: Auto Test User 5

18-05-2025T15:20:20 - [MESSAGE][PASSED] - Verify equals GUI: Auto Test User 5 - DATA: Auto Test User 5

18-05-2025T15:20:20 - [TEST_STEP][PASSED] - documentInformationScreen.checkStatus(document): Verify equals GUI: Từ chối - DATA: Từ chối

18-05-2025T15:20:20 - [MESSAGE][PASSED] - Verify equals GUI: Từ chối - DATA: Từ chối

18-05-2025T15:20:20 - [TEST_STEP][PASSED] - documentInformationScreen.checkCreateDate(): Verify equals GUI: 18/05/2025 - DATA: 18/05/2025

18-05-2025T15:20:20 - [MESSAGE][PASSED] - Verify equals GUI: 18/05/2025 - DATA: 18/05/2025

18-05-2025T15:20:20 - [TEST_STEP][PASSED] - documentInformationScreen.checkFinishDate(document): Verify equals GUI: 19/05/2025 - DATA: 19/05/2025

18-05-2025T15:20:20 - [MESSAGE][PASSED] - Verify equals GUI: 19/05/2025 - DATA: 19/05/2025

18-05-2025T15:20:20 - [TEST_STEP][PASSED] - documentInformationScreen.checkPriority(document): Verify equals GUI: Bình thường - DATA: Bình thường

18-05-2025T15:20:20 - [MESSAGE][PASSED] - Verify equals GUI: Bình thường - DATA: Bình thường

18-05-2025T15:20:20 - [TEST_STEP][PASSED] - documentInformationScreen.checkDescription(document): Verify equals GUI: 018 TU CHOI NHANH - DATA: 018 TU CHOI NHANH

18-05-2025T15:20:20 - [MESSAGE][PASSED] - Verify equals GUI: 018 TU CHOI NHANH - DATA: 018 TU CHOI NHANH

18-05-2025T15:20:20 - [TEST_STEP][PASSED] - documentInformationScreen.isAssignerDisplayed(): Check sender not displayed

18-05-2025T15:20:24 - [MESSAGE][PASSED] - Check sender not displayed

18-05-2025T15:20:24 - [TEST_STEP][PASSED] - documentInformationScreen.checkPresentFileName(document): Verify contains GUI: dummy_20250518151945.ozd - DATA: dummy

18-05-2025T15:20:29 - [MESSAGE][PASSED] - Verify contains GUI: dummy_20250518151945.ozd - DATA: dummy

18-05-2025T15:20:29 - [TEST_STEP][PASSED] - documentInformationScreen.checkAttachFileName(document): Expected true condition

18-05-2025T15:20:31 - [MESSAGE][PASSED] - Expected true condition

18-05-2025T15:20:31 - [TEST_STEP][PASSED] - documentInformationScreen.backToHome(): null

18-05-2025T15:20:35 - [TEST_STEP][PASSED] - outComingDocument.checkItemInDocument(): null

18-05-2025T15:20:35 - [TEST_STEP][PASSED] - Start listener action : afterTest: null

18-05-2025T15:20:35 - [TEST_STEP][PASSED] - if (testCaseStatus != "PASSED"): null

18-05-2025T15:20:35 - [TEST_STEP][PASSED] - drivers.Driver.closeApp(): drivers.Driver.closeApp is PASSED

18-05-2025T15:20:36 - [MESSAGE][PASSED] - drivers.Driver.closeApp is PASSED

18-05-2025T15:20:36 - [TEST_STEP][PASSED] - if (tsContext == null): null]]></system-out>
         <system-err><![CDATA[]]></system-err>
      </testcase>
      <testcase name="Test Cases/IPAPER APP/026 TRA VE TAI MAIN FILE_KHONG NHAP Y KIEN" time="118.627" classname="Test Cases/IPAPER APP/026 TRA VE TAI MAIN FILE_KHONG NHAP Y KIEN" status="PASSED">
         <system-out><![CDATA[18-05-2025T15:20:36 - [TEST_CASE][PASSED] - Test Cases/IPAPER APP/026 TRA VE TAI MAIN FILE_KHONG NHAP Y KIEN: Test Cases/IPAPER APP/026 TRA VE TAI MAIN FILE_KHONG NHAP Y KIEN

18-05-2025T15:20:36 - [TEST_STEP][PASSED] - Start listener action : beforeTest: drivers.Driver.openApp is PASSED

18-05-2025T15:20:36 - [TEST_STEP][PASSED] - DataTest.init(): null

18-05-2025T15:20:36 - [TEST_STEP][PASSED] - testCaseId = split("/").last(): null

18-05-2025T15:20:36 - [TEST_STEP][PASSED] - if (!(drivers.Driver.isAppiumRunning())): drivers.Driver.isAppiumRunning is PASSED

18-05-2025T15:20:36 - [MESSAGE][INFO] - Appium running: true

18-05-2025T15:20:36 - [MESSAGE][PASSED] - drivers.Driver.isAppiumRunning is PASSED

18-05-2025T15:20:36 - [TEST_STEP][PASSED] - if (driver == null || driver.getSessionId() == null): null

18-05-2025T15:20:36 - [TEST_STEP][PASSED] - drivers.Driver.openApp(): drivers.Driver.openApp is PASSED

18-05-2025T15:20:38 - [MESSAGE][PASSED] - drivers.Driver.openApp is PASSED

18-05-2025T15:20:38 - [TEST_STEP][PASSED] - REQUEST_NAME = "Trình ký PDF có sẵn": null

18-05-2025T15:20:38 - [TEST_STEP][PASSED] - COMMENT = " ": null

18-05-2025T15:20:38 - [TEST_STEP][PASSED] - auto5 = DataTest.getUserTest("auto5"): null

18-05-2025T15:20:38 - [TEST_STEP][PASSED] - auto6 = DataTest.getUserTest("auto6"): null

18-05-2025T15:20:38 - [TEST_STEP][PASSED] - document = DataTest.createDocumentTest(auto5, auto6, null, "dummy.pdf", "dummy.pdf"): null

18-05-2025T15:20:38 - [TEST_STEP][PASSED] - loginScreen.login(auto5): null

18-05-2025T15:20:45 - [TEST_STEP][PASSED] - homeScreen.openRequestList(): null

18-05-2025T15:20:51 - [TEST_STEP][PASSED] - homeScreen.createRequest(REQUEST_NAME): null

18-05-2025T15:20:54 - [TEST_STEP][PASSED] - pdfSignScreen.fillInTitle(document.getTitle()): null

18-05-2025T15:20:57 - [TEST_STEP][PASSED] - pdfSignScreen.selectPriority(document.getPriority()): null

18-05-2025T15:20:59 - [TEST_STEP][PASSED] - pdfSignScreen.selectTime(document.getTime()): null

18-05-2025T15:21:02 - [TEST_STEP][PASSED] - pdfSignScreen.fillInDescription(document.getDescription()): null

18-05-2025T15:21:03 - [TEST_STEP][PASSED] - pdfSignScreen.selectAssigner(getAssigner().getEmail()): null

18-05-2025T15:21:10 - [TEST_STEP][PASSED] - pdfSignScreen.openMainFileBrowser(): null

18-05-2025T15:21:14 - [TEST_STEP][PASSED] - fileBrowserScreen.attachFile(document.getMainFileName()): null

18-05-2025T15:21:21 - [TEST_STEP][PASSED] - pdfSignScreen.openSubFileBrowser(): null

18-05-2025T15:21:22 - [TEST_STEP][PASSED] - fileBrowserScreen.attachFile(document.getSubFileName()): null

18-05-2025T15:21:28 - [TEST_STEP][PASSED] - pdfSignScreen.performAction(SEND_APPROVE): null

18-05-2025T15:21:32 - [TEST_STEP][PASSED] - pdfSignScreen.fillInOpinion(document.getComment()): null

18-05-2025T15:21:33 - [TEST_STEP][PASSED] - pdfSignScreen.submitRequest(): null

18-05-2025T15:21:41 - [TEST_STEP][PASSED] - documentInformationScreen.backToHome(): null

18-05-2025T15:21:41 - [TEST_STEP][PASSED] - homeScreen.logout(): null

18-05-2025T15:21:49 - [TEST_STEP][PASSED] - document.setStatus(WAIT_APPROVE): null

18-05-2025T15:21:49 - [TEST_STEP][PASSED] - loginScreen.login(auto6): null

18-05-2025T15:21:58 - [TEST_STEP][PASSED] - homeScreen.goToIncomingDocument(): null

18-05-2025T15:21:58 - [TEST_STEP][PASSED] - inComingDocument.viewMainFile(document): null

18-05-2025T15:21:59 - [TEST_STEP][PASSED] - documentInformationScreen.performAction(document, RETURN): null

18-05-2025T15:22:05 - [TEST_STEP][PASSED] - document.setSender(auto6): null

18-05-2025T15:22:05 - [TEST_STEP][PASSED] - documentInformationScreen.backToHome(): null

18-05-2025T15:22:06 - [TEST_STEP][PASSED] - inComingDocument.checkItemInDocument(): null

18-05-2025T15:22:06 - [TEST_STEP][PASSED] - homeScreen.goToOutComingDocument(): null

18-05-2025T15:22:16 - [TEST_STEP][PASSED] - outComingDocument.viewInformationDocument(document): null

18-05-2025T15:22:17 - [TEST_STEP][PASSED] - documentInformationScreen.checkDocumentTitle(document): Verify equals GUI: Trình ký 1747556438099 - DATA: Trình ký 1747556438099

18-05-2025T15:22:21 - [MESSAGE][PASSED] - Verify equals GUI: Trình ký 1747556438099 - DATA: Trình ký 1747556438099

18-05-2025T15:22:21 - [TEST_STEP][PASSED] - documentInformationScreen.checkSender(document): Verify equals GUI: Auto Test User 6 - DATA: Auto Test User 6

18-05-2025T15:22:21 - [MESSAGE][PASSED] - Verify equals GUI: Auto Test User 6 - DATA: Auto Test User 6

18-05-2025T15:22:21 - [TEST_STEP][PASSED] - documentInformationScreen.checkStatus(document): Verify equals GUI: Chờ bổ sung hồ sơ - DATA: Chờ bổ sung hồ sơ

18-05-2025T15:22:22 - [MESSAGE][PASSED] - Verify equals GUI: Chờ bổ sung hồ sơ - DATA: Chờ bổ sung hồ sơ

18-05-2025T15:22:22 - [TEST_STEP][PASSED] - documentInformationScreen.checkCreateDate(): Verify equals GUI: 18/05/2025 - DATA: 18/05/2025

18-05-2025T15:22:22 - [MESSAGE][PASSED] - Verify equals GUI: 18/05/2025 - DATA: 18/05/2025

18-05-2025T15:22:22 - [TEST_STEP][PASSED] - documentInformationScreen.checkFinishDate(document): Verify equals GUI: 19/05/2025 - DATA: 19/05/2025

18-05-2025T15:22:22 - [MESSAGE][PASSED] - Verify equals GUI: 19/05/2025 - DATA: 19/05/2025

18-05-2025T15:22:22 - [TEST_STEP][PASSED] - documentInformationScreen.checkPriority(document): Verify equals GUI: Bình thường - DATA: Bình thường

18-05-2025T15:22:22 - [MESSAGE][PASSED] - Verify equals GUI: Bình thường - DATA: Bình thường

18-05-2025T15:22:22 - [TEST_STEP][PASSED] - documentInformationScreen.isAssignerDisplayed(): Check sender not displayed

18-05-2025T15:22:25 - [MESSAGE][PASSED] - Check sender not displayed

18-05-2025T15:22:25 - [TEST_STEP][PASSED] - documentInformationScreen.checkDescription(document): Verify equals GUI: 026 TRA VE TAI MAIN FILE_KHONG NHAP Y KIEN - DATA: 026 TRA VE TAI MAIN FILE_KHONG NHAP Y KIEN

18-05-2025T15:22:25 - [MESSAGE][PASSED] - Verify equals GUI: 026 TRA VE TAI MAIN FILE_KHONG NHAP Y KIEN - DATA: 026 TRA VE TAI MAIN FILE_KHONG NHAP Y KIEN

18-05-2025T15:22:25 - [TEST_STEP][PASSED] - documentInformationScreen.checkPresentFileName(document): Verify contains GUI: dummy_20250518152156.ozd - DATA: dummy

18-05-2025T15:22:26 - [MESSAGE][PASSED] - Verify contains GUI: dummy_20250518152156.ozd - DATA: dummy

18-05-2025T15:22:26 - [TEST_STEP][PASSED] - documentInformationScreen.checkAttachFileName(document): Expected true condition

18-05-2025T15:22:28 - [MESSAGE][PASSED] - Expected true condition

18-05-2025T15:22:28 - [TEST_STEP][PASSED] - documentInformationScreen.checkComment(auto6, COMMENT): Check comment of Auto Test User 6 is  

18-05-2025T15:22:29 - [MESSAGE][INFO] - GUI COMMENT: Không có bình luận - DATA COMMENT:  

18-05-2025T15:22:29 - [MESSAGE][PASSED] - Check comment of Auto Test User 6 is  

18-05-2025T15:22:29 - [TEST_STEP][PASSED] - documentInformationScreen.backToHome(): null

18-05-2025T15:22:34 - [TEST_STEP][PASSED] - inComingDocument.checkItemInDocument(): null

18-05-2025T15:22:34 - [TEST_STEP][PASSED] - Start listener action : afterTest: null

18-05-2025T15:22:34 - [TEST_STEP][PASSED] - if (testCaseStatus != "PASSED"): null

18-05-2025T15:22:34 - [TEST_STEP][PASSED] - drivers.Driver.closeApp(): drivers.Driver.closeApp is PASSED

18-05-2025T15:22:34 - [MESSAGE][PASSED] - drivers.Driver.closeApp is PASSED

18-05-2025T15:22:34 - [TEST_STEP][PASSED] - if (tsContext == null): null]]></system-out>
         <system-err><![CDATA[]]></system-err>
      </testcase>
      <system-out><![CDATA[18-05-2025T14:17:42 - [TEST_SUITE][INCOMPLETE] - Demo: null]]></system-out>
      <system-err><![CDATA[18-05-2025T14:17:42 - [TEST_SUITE][INCOMPLETE] - Demo: null]]></system-err>
   </testsuite>
</testsuites>
