<?xml version="1.0" encoding="UTF-8"?>
<testsuites name="Demo" time="2239.324" tests="18" failures="1" errors="4">
   <testsuite name="Demo" tests="18" failures="1" errors="4" time="2239.324" skipped="0" timestamp="18-05-2025T10:35:57" hostname="cuongvo - 125.235.4.59.adsl.viettel.vn" id="Test Suites/Demo">
      <properties>
         <property name="deviceName" value="null"/>
         <property name="devicePlatform" value="null"/>
         <property name="logFolder" value="/Users/cuongvo/hdb_katalon/IPaper/Reports/20250518_103554/Demo/20250518_103555"/>
         <property name="logFiles" value="/Users/cuongvo/hdb_katalon/IPaper/Reports/20250518_103554/Demo/20250518_103555/execution0.log"/>
         <property name="attachments" value="ErrorScreen/Android/Test Cases/IPAPER APP/044 TAI FILE TAI MAIN FILE_HO SO DEN.png, ErrorScreen/Android/Test Cases/IPAPER APP/043 TAI FILE TAI CHI TIET HO SO_HO SO DEN.png, ErrorScreen/Android/Test Cases/IPAPER APP/037 LAY Y KIEN NHANH_KHONG NHAP Y KIEN.png, ErrorScreen/Android/Test Cases/IPAPER APP/049 TIM KIEM HO SO THEO BO LOC.png, ErrorScreen/Android/Test Cases/IPAPER APP/045 TAI FILE TAI CHI TIET HO SO_HO SO DI.png"/>
         <property name="hostName" value="cuongvo - 125.235.4.59.adsl.viettel.vn"/>
         <property name="os" value="Mac OS X 64bit"/>
         <property name="appiumServerStatus" value="{&quot;value&quot;:{&quot;ready&quot;:true,&quot;message&quot;:&quot;The server is ready to accept new connections&quot;,&quot;build&quot;:{&quot;version&quot;:&quot;2.17.1&quot;}}}"/>
         <property name="katalonVersion" value="9.7.5.223"/>
         <property name="deviceOS" value="null"/>
         <property name="appiumVersion" value="2.17.1"/>
         <property name="deviceModel" value="null"/>
         <property name="hostAddress" value="125.235.4.59"/>
         <property name="deviceManufacturer" value="null"/>
         <property name="deviceId" value="null"/>
         <property name="deviceName" value="null"/>
         <property name="deviceOSVersion" value="null"/>
      </properties>
      <testcase name="Test Cases/IPAPER APP/060 DINH NGHIA QUY TRINH CO SAN" time="131.12" classname="Test Cases/IPAPER APP/060 DINH NGHIA QUY TRINH CO SAN" status="PASSED">
         <system-out><![CDATA[18-05-2025T10:36:04 - [TEST_CASE][PASSED] - Test Cases/IPAPER APP/060 DINH NGHIA QUY TRINH CO SAN: Test Cases/IPAPER APP/060 DINH NGHIA QUY TRINH CO SAN

18-05-2025T10:36:04 - [TEST_STEP][PASSED] - Start listener action : beforeTest: drivers.Driver.openApp is PASSED

18-05-2025T10:36:04 - [TEST_STEP][PASSED] - DataTest.init(): null

18-05-2025T10:36:04 - [TEST_STEP][PASSED] - testCaseId = split("/").last(): null

18-05-2025T10:36:04 - [TEST_STEP][PASSED] - if (!(drivers.Driver.isAppiumRunning())): drivers.Driver.isAppiumRunning is PASSED

18-05-2025T10:36:04 - [MESSAGE][INFO] - Appium running: true

18-05-2025T10:36:04 - [MESSAGE][PASSED] - drivers.Driver.isAppiumRunning is PASSED

18-05-2025T10:36:04 - [TEST_STEP][PASSED] - if (driver == null || driver.getSessionId() == null): null

18-05-2025T10:36:05 - [TEST_STEP][PASSED] - drivers.Driver.openApp(): drivers.Driver.openApp is PASSED

18-05-2025T10:36:05 - [MESSAGE][PASSED] - drivers.Driver.openApp is PASSED

18-05-2025T10:36:05 - [TEST_STEP][PASSED] - REQUEST_NAME = "Trình ký PDF có sẵn": null

18-05-2025T10:36:05 - [TEST_STEP][PASSED] - PROCESS_NAME = "Automation Test": null

18-05-2025T10:36:05 - [TEST_STEP][PASSED] - TO_DAY = SimpleDateFormat(dd/MM/yyyy).format(new java.util.Date()): null

18-05-2025T10:36:05 - [TEST_STEP][PASSED] - auto5 = DataTest.getUserTest("auto5"): null

18-05-2025T10:36:05 - [TEST_STEP][PASSED] - auto6 = DataTest.getUserTest("auto6"): null

18-05-2025T10:36:05 - [TEST_STEP][PASSED] - auto7 = DataTest.getUserTest("auto7"): null

18-05-2025T10:36:05 - [TEST_STEP][PASSED] - auto8 = DataTest.getUserTest("auto8"): null

18-05-2025T10:36:05 - [TEST_STEP][PASSED] - document = DataTest.createDocumentTest(auto5, auto6, auto7, "dummy.pdf", "dummy.pdf"): null

18-05-2025T10:36:05 - [TEST_STEP][PASSED] - loginScreen.login(auto5): null

18-05-2025T10:36:13 - [TEST_STEP][PASSED] - homeScreen.openRequestList(): null

18-05-2025T10:36:19 - [TEST_STEP][PASSED] - homeScreen.createRequest(REQUEST_NAME): null

18-05-2025T10:36:22 - [TEST_STEP][PASSED] - pdfSignScreen.fillInTitle(title): null

18-05-2025T10:36:24 - [TEST_STEP][PASSED] - pdfSignScreen.selectPriority(priority): null

18-05-2025T10:36:26 - [TEST_STEP][PASSED] - pdfSignScreen.selectTime(time): null

18-05-2025T10:36:30 - [TEST_STEP][PASSED] - pdfSignScreen.fillInDescription(description): null

18-05-2025T10:36:31 - [TEST_STEP][PASSED] - pdfSignScreen.openMainFileBrowser(): null

18-05-2025T10:36:33 - [TEST_STEP][PASSED] - fileBrowserScreen.attachFile(mainFileName): null

18-05-2025T10:36:39 - [TEST_STEP][PASSED] - pdfSignScreen.openSubFileBrowser(): null

18-05-2025T10:36:45 - [TEST_STEP][PASSED] - fileBrowserScreen.attachFile(subFileName): null

18-05-2025T10:36:51 - [TEST_STEP][PASSED] - pdfSignScreen.selectProcessDefined(PROCESS_NAME): null

18-05-2025T10:36:56 - [TEST_STEP][PASSED] - pdfSignScreen.performAction(SEND_APPROVE): null

18-05-2025T10:36:59 - [TEST_STEP][PASSED] - pdfSignScreen.fillInOpinion(document.getComment()): null

18-05-2025T10:37:00 - [TEST_STEP][PASSED] - pdfSignScreen.submitRequest(): null

18-05-2025T10:37:10 - [TEST_STEP][PASSED] - document.setStatus(WAIT_APPROVE): null

18-05-2025T10:37:10 - [TEST_STEP][PASSED] - documentInformationScreen.backToHome(): null

18-05-2025T10:37:10 - [TEST_STEP][PASSED] - homeScreen.goToOutComingDocument(): null

18-05-2025T10:37:20 - [TEST_STEP][PASSED] - outComingDocument.viewInformationDocument(document): null

18-05-2025T10:37:21 - [TEST_STEP][PASSED] - documentInformationScreen.checkDocumentTitle(document): Verify equals GUI: Trình ký 1747539365410 - DATA: Trình ký 1747539365410

18-05-2025T10:37:26 - [MESSAGE][PASSED] - Verify equals GUI: Trình ký 1747539365410 - DATA: Trình ký 1747539365410

18-05-2025T10:37:26 - [TEST_STEP][PASSED] - documentInformationScreen.checkSender(document): Verify equals GUI: Auto Test User 5 - DATA: Auto Test User 5

18-05-2025T10:37:26 - [MESSAGE][PASSED] - Verify equals GUI: Auto Test User 5 - DATA: Auto Test User 5

18-05-2025T10:37:26 - [TEST_STEP][PASSED] - documentInformationScreen.checkStatus(document): Verify equals GUI: Chờ giám sát phê duyệt - DATA: Chờ giám sát phê duyệt

18-05-2025T10:37:26 - [MESSAGE][PASSED] - Verify equals GUI: Chờ giám sát phê duyệt - DATA: Chờ giám sát phê duyệt

18-05-2025T10:37:26 - [TEST_STEP][PASSED] - documentInformationScreen.checkCreateDate(): Verify equals GUI: 18/05/2025 - DATA: 18/05/2025

18-05-2025T10:37:26 - [MESSAGE][PASSED] - Verify equals GUI: 18/05/2025 - DATA: 18/05/2025

18-05-2025T10:37:26 - [TEST_STEP][PASSED] - documentInformationScreen.checkFinishDate(document): Verify equals GUI: 19/05/2025 - DATA: 19/05/2025

18-05-2025T10:37:26 - [MESSAGE][PASSED] - Verify equals GUI: 19/05/2025 - DATA: 19/05/2025

18-05-2025T10:37:26 - [TEST_STEP][PASSED] - documentInformationScreen.checkPriority(document): Verify equals GUI: Cao - DATA: Cao

18-05-2025T10:37:27 - [MESSAGE][PASSED] - Verify equals GUI: Cao - DATA: Cao

18-05-2025T10:37:27 - [TEST_STEP][PASSED] - documentInformationScreen.checkDescription(document): Verify equals GUI: 060 DINH NGHIA QUY TRINH CO SAN - DATA: 060 DINH NGHIA QUY TRINH CO SAN

18-05-2025T10:37:27 - [MESSAGE][PASSED] - Verify equals GUI: 060 DINH NGHIA QUY TRINH CO SAN - DATA: 060 DINH NGHIA QUY TRINH CO SAN

18-05-2025T10:37:27 - [TEST_STEP][PASSED] - documentInformationScreen.checkPresentFileName(document): Verify contains GUI: dummy_20250518103715.ozd - DATA: dummy

18-05-2025T10:37:27 - [MESSAGE][PASSED] - Verify contains GUI: dummy_20250518103715.ozd - DATA: dummy

18-05-2025T10:37:27 - [TEST_STEP][PASSED] - documentInformationScreen.checkAttachFileName(document): Expected true condition

18-05-2025T10:37:29 - [MESSAGE][PASSED] - Expected true condition

18-05-2025T10:37:29 - [TEST_STEP][PASSED] - documentInformationScreen.checkAssigners(auto6, auto7, auto8): Checking if all user emails are present in the list

18-05-2025T10:37:37 - [MESSAGE][PASSED] - Checking if all user emails are present in the list

18-05-2025T10:37:37 - [TEST_STEP][PASSED] - documentInformationScreen.backToHome(): null

18-05-2025T10:37:41 - [TEST_STEP][PASSED] - homeScreen.logout(): null

18-05-2025T10:37:49 - [TEST_STEP][PASSED] - loginScreen.login(auto6): null

18-05-2025T10:37:58 - [TEST_STEP][PASSED] - document.setAssigner(auto5): null

18-05-2025T10:37:58 - [TEST_STEP][PASSED] - homeScreen.goToIncomingDocument(): null

18-05-2025T10:37:58 - [TEST_STEP][PASSED] - inComingDocument.viewInformationDocument(document): View document Trình ký 1747539365410

18-05-2025T10:37:58 - [MESSAGE][INFO] - View document Trình ký 1747539365410

18-05-2025T10:38:03 - [TEST_STEP][PASSED] - documentInformationScreen.checkDocumentTitle(document): Verify equals GUI: Trình ký 1747539365410 - DATA: Trình ký 1747539365410

18-05-2025T10:38:04 - [MESSAGE][PASSED] - Verify equals GUI: Trình ký 1747539365410 - DATA: Trình ký 1747539365410

18-05-2025T10:38:04 - [TEST_STEP][PASSED] - documentInformationScreen.checkSender(document): Verify equals GUI: Auto Test User 5 - DATA: Auto Test User 5

18-05-2025T10:38:04 - [MESSAGE][PASSED] - Verify equals GUI: Auto Test User 5 - DATA: Auto Test User 5

18-05-2025T10:38:04 - [TEST_STEP][PASSED] - documentInformationScreen.checkStatus(document): Verify equals GUI: Chờ giám sát phê duyệt - DATA: Chờ giám sát phê duyệt

18-05-2025T10:38:04 - [MESSAGE][PASSED] - Verify equals GUI: Chờ giám sát phê duyệt - DATA: Chờ giám sát phê duyệt

18-05-2025T10:38:04 - [TEST_STEP][PASSED] - documentInformationScreen.checkCreateDate(): Verify equals GUI: 18/05/2025 - DATA: 18/05/2025

18-05-2025T10:38:04 - [MESSAGE][PASSED] - Verify equals GUI: 18/05/2025 - DATA: 18/05/2025

18-05-2025T10:38:04 - [TEST_STEP][PASSED] - documentInformationScreen.checkFinishDate(document): Verify equals GUI: 19/05/2025 - DATA: 19/05/2025

18-05-2025T10:38:04 - [MESSAGE][PASSED] - Verify equals GUI: 19/05/2025 - DATA: 19/05/2025

18-05-2025T10:38:04 - [TEST_STEP][PASSED] - documentInformationScreen.checkPriority(document): Verify equals GUI: Cao - DATA: Cao

18-05-2025T10:38:04 - [MESSAGE][PASSED] - Verify equals GUI: Cao - DATA: Cao

18-05-2025T10:38:04 - [TEST_STEP][PASSED] - documentInformationScreen.checkDescription(document): Verify equals GUI: 060 DINH NGHIA QUY TRINH CO SAN - DATA: 060 DINH NGHIA QUY TRINH CO SAN

18-05-2025T10:38:04 - [MESSAGE][PASSED] - Verify equals GUI: 060 DINH NGHIA QUY TRINH CO SAN - DATA: 060 DINH NGHIA QUY TRINH CO SAN

18-05-2025T10:38:04 - [TEST_STEP][PASSED] - documentInformationScreen.checkPresentFileName(document): Verify contains GUI: dummy_20250518103715.ozd - DATA: dummy

18-05-2025T10:38:09 - [MESSAGE][PASSED] - Verify contains GUI: dummy_20250518103715.ozd - DATA: dummy

18-05-2025T10:38:09 - [TEST_STEP][PASSED] - documentInformationScreen.checkAttachFileName(document): Expected true condition

18-05-2025T10:38:11 - [MESSAGE][PASSED] - Expected true condition

18-05-2025T10:38:11 - [TEST_STEP][PASSED] - documentInformationScreen.checkAssigners(auto6, auto7, auto8): Checking if all user emails are present in the list

18-05-2025T10:38:15 - [MESSAGE][PASSED] - Checking if all user emails are present in the list

18-05-2025T10:38:15 - [TEST_STEP][PASSED] - Start listener action : afterTest: null

18-05-2025T10:38:15 - [TEST_STEP][PASSED] - if (testCaseStatus != "PASSED"): null

18-05-2025T10:38:15 - [TEST_STEP][PASSED] - drivers.Driver.closeApp(): drivers.Driver.closeApp is PASSED

18-05-2025T10:38:16 - [MESSAGE][PASSED] - drivers.Driver.closeApp is PASSED

18-05-2025T10:38:16 - [TEST_STEP][PASSED] - if (tsContext == null): null]]></system-out>
         <system-err><![CDATA[]]></system-err>
      </testcase>
      <testcase name="Test Cases/IPAPER APP/044 TAI FILE TAI MAIN FILE_HO SO DEN" time="118.451" classname="Test Cases/IPAPER APP/044 TAI FILE TAI MAIN FILE_HO SO DEN" status="ERROR">
         <error type="ERROR" message="Test Cases/IPAPER APP/044 TAI FILE TAI MAIN FILE_HO SO DEN FAILED.&#xa;Reason:&#xa;org.openqa.selenium.WebDriverException: An unknown server-side error occurred while processing the command. Original error: Timed out after 15552ms waiting for the root AccessibilityNodeInfo in the active window. Make sure the active window is not constantly hogging the main UI thread (e.g. the application is being idle long enough), so the accessibility manager could do its work&#xa;Build info: version: '3.141.59', revision: 'unknown', time: 'unknown'&#xa;System info: host: '192.168.1.4.non-exists.ptr.local', ip: '2402:800:63f2:b9ce:1859:4296:77a1:a88d%en0', os.name: 'Mac OS X', os.arch: 'aarch64', os.version: '15.4.1', java.version: '17.0.7'&#xa;Driver info: com.kms.katalon.core.appium.driver.SwipeableAndroidDriver&#xa;Capabilities {automationName: UiAutomator2, databaseEnabled: false, desired: {automationName: UiAutomator2, deviceName: af0c5cf7, noReset: true, platformName: android, waitForIdleTimeout: 3000}, deviceApiLevel: 35, deviceManufacturer: OPPO, deviceModel: CPH2699, deviceName: af0c5cf7, deviceScreenDensity: 480, deviceScreenSize: 1080x2400, deviceUDID: af0c5cf7, javascriptEnabled: true, locationContextEnabled: false, networkConnectionEnabled: true, noReset: true, pixelRatio: 3, platform: LINUX, platformName: Android, platformVersion: 15, statBarHeight: 120, takesScreenshot: true, viewportRect: {height: 2280, left: 0, top: 120, width: 1080}, waitForIdleTimeout: 3000, warnings: {}, webStorageEnabled: false}&#xa;Session ID: 3304c37f-648b-4099-8110-a9bd3d735cc7&#xa;*** Element info: {Using=id, value=com.hdbank.ipaper:id/layout_menu_attach}&#xa;	at java.base/jdk.internal.reflect.NativeConstructorAccessorImpl.newInstance0(Native Method)&#xa;	at java.base/jdk.internal.reflect.NativeConstructorAccessorImpl.newInstance(NativeConstructorAccessorImpl.java:77)&#xa;	at java.base/jdk.internal.reflect.DelegatingConstructorAccessorImpl.newInstance(DelegatingConstructorAccessorImpl.java:45)&#xa;	at org.openqa.selenium.remote.http.W3CHttpResponseCodec.createException(W3CHttpResponseCodec.java:187)&#xa;	at org.openqa.selenium.remote.http.W3CHttpResponseCodec.decode(W3CHttpResponseCodec.java:122)&#xa;	at org.openqa.selenium.remote.http.W3CHttpResponseCodec.decode(W3CHttpResponseCodec.java:49)&#xa;	at org.openqa.selenium.remote.HttpCommandExecutor.execute(HttpCommandExecutor.java:158)&#xa;	at io.appium.java_client.remote.AppiumCommandExecutor.execute(AppiumCommandExecutor.java:239)&#xa;	at org.openqa.selenium.remote.RemoteWebDriver.execute(RemoteWebDriver.java:552)&#xa;	at io.appium.java_client.DefaultGenericMobileDriver.execute(DefaultGenericMobileDriver.java:42)&#xa;	at io.appium.java_client.AppiumDriver.execute(AppiumDriver.java:1)&#xa;	at io.appium.java_client.android.AndroidDriver.execute(AndroidDriver.java:1)&#xa;	at com.kms.katalon.core.appium.driver.SwipeableAndroidDriver.execute(SwipeableAndroidDriver.java:1)&#xa;	at org.openqa.selenium.remote.RemoteWebDriver.findElements(RemoteWebDriver.java:353)&#xa;	at io.appium.java_client.DefaultGenericMobileDriver.findElements(DefaultGenericMobileDriver.java:54)&#xa;	at io.appium.java_client.AppiumDriver.findElements(AppiumDriver.java:152)&#xa;	at org.openqa.selenium.remote.RemoteWebDriver.findElementsById(RemoteWebDriver.java:376)&#xa;	at io.appium.java_client.DefaultGenericMobileDriver.findElementsById(DefaultGenericMobileDriver.java:66)&#xa;	at io.appium.java_client.AppiumDriver.findElementsById(AppiumDriver.java:156)&#xa;	at org.openqa.selenium.By$ById.findElements(By.java:180)&#xa;	at org.openqa.selenium.remote.RemoteWebDriver.findElements(RemoteWebDriver.java:311)&#xa;	at io.appium.java_client.DefaultGenericMobileDriver.findElements(DefaultGenericMobileDriver.java:50)&#xa;	at io.appium.java_client.AppiumDriver.findElements(AppiumDriver.java:148)&#xa;	at base.BaseKeyword$Trait$Helper$_waitForPresentOf_closure1.doCall(BaseKeyword.groovy:253)&#xa;	at jdk.internal.reflect.GeneratedMethodAccessor8.invoke(Unknown Source)&#xa;	at java.base/jdk.internal.reflect.DelegatingMethodAccessorImpl.invoke(DelegatingMethodAccessorImpl.java:43)&#xa;	at jdk.proxy2/jdk.proxy2.$Proxy34.apply(Unknown Source)&#xa;	at org.openqa.selenium.support.ui.FluentWait.until(FluentWait.java:249)&#xa;	at base.BaseKeyword$Trait$Helper.waitForPresentOf(BaseKeyword.groovy:252)&#xa;	at screens.DocumentInformationScreen.waitForPresentOf(DocumentInformationScreen.groovy)&#xa;	at screens.DocumentInformationScreen.downloadFileAtmainFile(DocumentInformationScreen.groovy:302)&#xa;	at 044 TAI FILE TAI MAIN FILE_HO SO DEN.run(044 TAI FILE TAI MAIN FILE_HO SO DEN:57)&#xa;	at com.kms.katalon.core.main.ScriptEngine.run(ScriptEngine.java:194)&#xa;	at com.kms.katalon.core.main.ScriptEngine.runScriptAsRawText(ScriptEngine.java:119)&#xa;	at com.kms.katalon.core.main.TestCaseExecutor.runScript(TestCaseExecutor.java:448)&#xa;	at com.kms.katalon.core.main.TestCaseExecutor.doExecute(TestCaseExecutor.java:439)&#xa;	at com.kms.katalon.core.main.TestCaseExecutor.processExecutionPhase(TestCaseExecutor.java:418)&#xa;	at com.kms.katalon.core.main.TestCaseExecutor.accessMainPhase(TestCaseExecutor.java:410)&#xa;	at com.kms.katalon.core.main.TestCaseExecutor.execute(TestCaseExecutor.java:285)&#xa;	at com.kms.katalon.core.common.CommonExecutor.accessTestCaseMainPhase(CommonExecutor.java:65)&#xa;	at com.kms.katalon.core.main.TestSuiteExecutor.accessTestSuiteMainPhase(TestSuiteExecutor.java:150)&#xa;	at com.kms.katalon.core.main.TestSuiteExecutor.execute(TestSuiteExecutor.java:106)&#xa;	at com.kms.katalon.core.main.TestCaseMain.startTestSuite(TestCaseMain.java:180)&#xa;	at TempTestSuite1747539355497.run(TempTestSuite1747539355497.groovy:35)&#xa;	at java.base/jdk.internal.reflect.NativeMethodAccessorImpl.invoke0(Native Method)&#xa;	at java.base/jdk.internal.reflect.NativeMethodAccessorImpl.invoke(NativeMethodAccessorImpl.java:77)&#xa;	at java.base/jdk.internal.reflect.DelegatingMethodAccessorImpl.invoke(DelegatingMethodAccessorImpl.java:43)&#xa;"/>
         <system-out><![CDATA[18-05-2025T10:38:16 - [TEST_CASE][ERROR] - Test Cases/IPAPER APP/044 TAI FILE TAI MAIN FILE_HO SO DEN: Test Cases/IPAPER APP/044 TAI FILE TAI MAIN FILE_HO SO DEN FAILED.
Reason:
org.openqa.selenium.WebDriverException: An unknown server-side error occurred while processing the command. Original error: Timed out after 15552ms waiting for the root AccessibilityNodeInfo in the active window. Make sure the active window is not constantly hogging the main UI thread (e.g. the application is being idle long enough), so the accessibility manager could do its work
Build info: version: '3.141.59', revision: 'unknown', time: 'unknown'
System info: host: '192.168.1.4.non-exists.ptr.local', ip: '2402:800:63f2:b9ce:1859:4296:77a1:a88d%en0', os.name: 'Mac OS X', os.arch: 'aarch64', os.version: '15.4.1', java.version: '17.0.7'
Driver info: com.kms.katalon.core.appium.driver.SwipeableAndroidDriver
Capabilities {automationName: UiAutomator2, databaseEnabled: false, desired: {automationName: UiAutomator2, deviceName: af0c5cf7, noReset: true, platformName: android, waitForIdleTimeout: 3000}, deviceApiLevel: 35, deviceManufacturer: OPPO, deviceModel: CPH2699, deviceName: af0c5cf7, deviceScreenDensity: 480, deviceScreenSize: 1080x2400, deviceUDID: af0c5cf7, javascriptEnabled: true, locationContextEnabled: false, networkConnectionEnabled: true, noReset: true, pixelRatio: 3, platform: LINUX, platformName: Android, platformVersion: 15, statBarHeight: 120, takesScreenshot: true, viewportRect: {height: 2280, left: 0, top: 120, width: 1080}, waitForIdleTimeout: 3000, warnings: {}, webStorageEnabled: false}
Session ID: 3304c37f-648b-4099-8110-a9bd3d735cc7
*** Element info: {Using=id, value=com.hdbank.ipaper:id/layout_menu_attach}
	at java.base/jdk.internal.reflect.NativeConstructorAccessorImpl.newInstance0(Native Method)
	at java.base/jdk.internal.reflect.NativeConstructorAccessorImpl.newInstance(NativeConstructorAccessorImpl.java:77)
	at java.base/jdk.internal.reflect.DelegatingConstructorAccessorImpl.newInstance(DelegatingConstructorAccessorImpl.java:45)
	at org.openqa.selenium.remote.http.W3CHttpResponseCodec.createException(W3CHttpResponseCodec.java:187)
	at org.openqa.selenium.remote.http.W3CHttpResponseCodec.decode(W3CHttpResponseCodec.java:122)
	at org.openqa.selenium.remote.http.W3CHttpResponseCodec.decode(W3CHttpResponseCodec.java:49)
	at org.openqa.selenium.remote.HttpCommandExecutor.execute(HttpCommandExecutor.java:158)
	at io.appium.java_client.remote.AppiumCommandExecutor.execute(AppiumCommandExecutor.java:239)
	at org.openqa.selenium.remote.RemoteWebDriver.execute(RemoteWebDriver.java:552)
	at io.appium.java_client.DefaultGenericMobileDriver.execute(DefaultGenericMobileDriver.java:42)
	at io.appium.java_client.AppiumDriver.execute(AppiumDriver.java:1)
	at io.appium.java_client.android.AndroidDriver.execute(AndroidDriver.java:1)
	at com.kms.katalon.core.appium.driver.SwipeableAndroidDriver.execute(SwipeableAndroidDriver.java:1)
	at org.openqa.selenium.remote.RemoteWebDriver.findElements(RemoteWebDriver.java:353)
	at io.appium.java_client.DefaultGenericMobileDriver.findElements(DefaultGenericMobileDriver.java:54)
	at io.appium.java_client.AppiumDriver.findElements(AppiumDriver.java:152)
	at org.openqa.selenium.remote.RemoteWebDriver.findElementsById(RemoteWebDriver.java:376)
	at io.appium.java_client.DefaultGenericMobileDriver.findElementsById(DefaultGenericMobileDriver.java:66)
	at io.appium.java_client.AppiumDriver.findElementsById(AppiumDriver.java:156)
	at org.openqa.selenium.By$ById.findElements(By.java:180)
	at org.openqa.selenium.remote.RemoteWebDriver.findElements(RemoteWebDriver.java:311)
	at io.appium.java_client.DefaultGenericMobileDriver.findElements(DefaultGenericMobileDriver.java:50)
	at io.appium.java_client.AppiumDriver.findElements(AppiumDriver.java:148)
	at base.BaseKeyword$Trait$Helper$_waitForPresentOf_closure1.doCall(BaseKeyword.groovy:253)
	at jdk.internal.reflect.GeneratedMethodAccessor8.invoke(Unknown Source)
	at java.base/jdk.internal.reflect.DelegatingMethodAccessorImpl.invoke(DelegatingMethodAccessorImpl.java:43)
	at jdk.proxy2/jdk.proxy2.$Proxy34.apply(Unknown Source)
	at org.openqa.selenium.support.ui.FluentWait.until(FluentWait.java:249)
	at base.BaseKeyword$Trait$Helper.waitForPresentOf(BaseKeyword.groovy:252)
	at screens.DocumentInformationScreen.waitForPresentOf(DocumentInformationScreen.groovy)
	at screens.DocumentInformationScreen.downloadFileAtmainFile(DocumentInformationScreen.groovy:302)
	at 044 TAI FILE TAI MAIN FILE_HO SO DEN.run(044 TAI FILE TAI MAIN FILE_HO SO DEN:57)
	at com.kms.katalon.core.main.ScriptEngine.run(ScriptEngine.java:194)
	at com.kms.katalon.core.main.ScriptEngine.runScriptAsRawText(ScriptEngine.java:119)
	at com.kms.katalon.core.main.TestCaseExecutor.runScript(TestCaseExecutor.java:448)
	at com.kms.katalon.core.main.TestCaseExecutor.doExecute(TestCaseExecutor.java:439)
	at com.kms.katalon.core.main.TestCaseExecutor.processExecutionPhase(TestCaseExecutor.java:418)
	at com.kms.katalon.core.main.TestCaseExecutor.accessMainPhase(TestCaseExecutor.java:410)
	at com.kms.katalon.core.main.TestCaseExecutor.execute(TestCaseExecutor.java:285)
	at com.kms.katalon.core.common.CommonExecutor.accessTestCaseMainPhase(CommonExecutor.java:65)
	at com.kms.katalon.core.main.TestSuiteExecutor.accessTestSuiteMainPhase(TestSuiteExecutor.java:150)
	at com.kms.katalon.core.main.TestSuiteExecutor.execute(TestSuiteExecutor.java:106)
	at com.kms.katalon.core.main.TestCaseMain.startTestSuite(TestCaseMain.java:180)
	at TempTestSuite1747539355497.run(TempTestSuite1747539355497.groovy:35)
	at java.base/jdk.internal.reflect.NativeMethodAccessorImpl.invoke0(Native Method)
	at java.base/jdk.internal.reflect.NativeMethodAccessorImpl.invoke(NativeMethodAccessorImpl.java:77)
	at java.base/jdk.internal.reflect.DelegatingMethodAccessorImpl.invoke(DelegatingMethodAccessorImpl.java:43)


18-05-2025T10:38:16 - [TEST_STEP][PASSED] - Start listener action : beforeTest: drivers.Driver.openApp is PASSED

18-05-2025T10:38:16 - [TEST_STEP][PASSED] - DataTest.init(): null

18-05-2025T10:38:16 - [TEST_STEP][PASSED] - testCaseId = split("/").last(): null

18-05-2025T10:38:16 - [TEST_STEP][PASSED] - if (!(drivers.Driver.isAppiumRunning())): drivers.Driver.isAppiumRunning is PASSED

18-05-2025T10:38:16 - [MESSAGE][INFO] - Appium running: true

18-05-2025T10:38:16 - [MESSAGE][PASSED] - drivers.Driver.isAppiumRunning is PASSED

18-05-2025T10:38:16 - [TEST_STEP][PASSED] - if (driver == null || driver.getSessionId() == null): null

18-05-2025T10:38:16 - [TEST_STEP][PASSED] - drivers.Driver.openApp(): drivers.Driver.openApp is PASSED

18-05-2025T10:38:18 - [MESSAGE][PASSED] - drivers.Driver.openApp is PASSED

18-05-2025T10:38:18 - [TEST_STEP][PASSED] - FOLDER_NAME = "IPaperDownloads": null

18-05-2025T10:38:18 - [TEST_STEP][PASSED] - REQUEST_NAME = "Trình ký PDF có sẵn": null

18-05-2025T10:38:18 - [TEST_STEP][PASSED] - auto5 = DataTest.getUserTest("auto5"): null

18-05-2025T10:38:18 - [TEST_STEP][PASSED] - auto6 = DataTest.getUserTest("auto6"): null

18-05-2025T10:38:18 - [TEST_STEP][PASSED] - document = DataTest.createDocumentTest(auto5, auto6, null, "dummy.pdf", "dummy.pdf"): null

18-05-2025T10:38:18 - [TEST_STEP][PASSED] - loginScreen.login(auto5): null

18-05-2025T10:38:25 - [TEST_STEP][PASSED] - homeScreen.openRequestList(): null

18-05-2025T10:38:30 - [TEST_STEP][PASSED] - homeScreen.createRequest(REQUEST_NAME): null

18-05-2025T10:38:34 - [TEST_STEP][PASSED] - pdfSignScreen.fillInTitle(title): null

18-05-2025T10:38:36 - [TEST_STEP][PASSED] - pdfSignScreen.selectPriority(priority): null

18-05-2025T10:38:38 - [TEST_STEP][PASSED] - pdfSignScreen.selectTime(time): null

18-05-2025T10:38:41 - [TEST_STEP][PASSED] - pdfSignScreen.fillInDescription(description): null

18-05-2025T10:38:43 - [TEST_STEP][PASSED] - pdfSignScreen.selectAssigner(getAssigner().getEmail()): null

18-05-2025T10:38:50 - [TEST_STEP][PASSED] - pdfSignScreen.openMainFileBrowser(): null

18-05-2025T10:38:55 - [TEST_STEP][PASSED] - fileBrowserScreen.attachFile(mainFileName): null

18-05-2025T10:39:01 - [TEST_STEP][PASSED] - pdfSignScreen.openSubFileBrowser(): null

18-05-2025T10:39:03 - [TEST_STEP][PASSED] - fileBrowserScreen.attachFile(subFileName): null

18-05-2025T10:39:09 - [TEST_STEP][PASSED] - pdfSignScreen.performAction(SEND_APPROVE): null

18-05-2025T10:39:13 - [TEST_STEP][PASSED] - pdfSignScreen.fillInOpinion(document.getComment()): null

18-05-2025T10:39:14 - [TEST_STEP][PASSED] - pdfSignScreen.submitRequest(): null

18-05-2025T10:39:22 - [TEST_STEP][PASSED] - documentInformationScreen.backToHome(): null

18-05-2025T10:39:22 - [TEST_STEP][PASSED] - homeScreen.logout(): null

18-05-2025T10:39:31 - [TEST_STEP][PASSED] - loginScreen.login(auto6): null

18-05-2025T10:39:39 - [TEST_STEP][PASSED] - homeScreen.goToIncomingDocument(): null

18-05-2025T10:39:40 - [TEST_STEP][PASSED] - inComingDocument.viewMainFile(document): null

18-05-2025T10:39:41 - [TEST_STEP][ERROR] - documentInformationScreen.downloadFileAtmainFile(): Test Cases/IPAPER APP/044 TAI FILE TAI MAIN FILE_HO SO DEN FAILED.
Reason:
org.openqa.selenium.WebDriverException: An unknown server-side error occurred while processing the command. Original error: Timed out after 15552ms waiting for the root AccessibilityNodeInfo in the active window. Make sure the active window is not constantly hogging the main UI thread (e.g. the application is being idle long enough), so the accessibility manager could do its work
Build info: version: '3.141.59', revision: 'unknown', time: 'unknown'
System info: host: '192.168.1.4.non-exists.ptr.local', ip: '2402:800:63f2:b9ce:1859:4296:77a1:a88d%en0', os.name: 'Mac OS X', os.arch: 'aarch64', os.version: '15.4.1', java.version: '17.0.7'
Driver info: com.kms.katalon.core.appium.driver.SwipeableAndroidDriver
Capabilities {automationName: UiAutomator2, databaseEnabled: false, desired: {automationName: UiAutomator2, deviceName: af0c5cf7, noReset: true, platformName: android, waitForIdleTimeout: 3000}, deviceApiLevel: 35, deviceManufacturer: OPPO, deviceModel: CPH2699, deviceName: af0c5cf7, deviceScreenDensity: 480, deviceScreenSize: 1080x2400, deviceUDID: af0c5cf7, javascriptEnabled: true, locationContextEnabled: false, networkConnectionEnabled: true, noReset: true, pixelRatio: 3, platform: LINUX, platformName: Android, platformVersion: 15, statBarHeight: 120, takesScreenshot: true, viewportRect: {height: 2280, left: 0, top: 120, width: 1080}, waitForIdleTimeout: 3000, warnings: {}, webStorageEnabled: false}
Session ID: 3304c37f-648b-4099-8110-a9bd3d735cc7
*** Element info: {Using=id, value=com.hdbank.ipaper:id/layout_menu_attach}
	at java.base/jdk.internal.reflect.NativeConstructorAccessorImpl.newInstance0(Native Method)
	at java.base/jdk.internal.reflect.NativeConstructorAccessorImpl.newInstance(NativeConstructorAccessorImpl.java:77)
	at java.base/jdk.internal.reflect.DelegatingConstructorAccessorImpl.newInstance(DelegatingConstructorAccessorImpl.java:45)
	at org.openqa.selenium.remote.http.W3CHttpResponseCodec.createException(W3CHttpResponseCodec.java:187)
	at org.openqa.selenium.remote.http.W3CHttpResponseCodec.decode(W3CHttpResponseCodec.java:122)
	at org.openqa.selenium.remote.http.W3CHttpResponseCodec.decode(W3CHttpResponseCodec.java:49)
	at org.openqa.selenium.remote.HttpCommandExecutor.execute(HttpCommandExecutor.java:158)
	at io.appium.java_client.remote.AppiumCommandExecutor.execute(AppiumCommandExecutor.java:239)
	at org.openqa.selenium.remote.RemoteWebDriver.execute(RemoteWebDriver.java:552)
	at io.appium.java_client.DefaultGenericMobileDriver.execute(DefaultGenericMobileDriver.java:42)
	at io.appium.java_client.AppiumDriver.execute(AppiumDriver.java:1)
	at io.appium.java_client.android.AndroidDriver.execute(AndroidDriver.java:1)
	at com.kms.katalon.core.appium.driver.SwipeableAndroidDriver.execute(SwipeableAndroidDriver.java:1)
	at org.openqa.selenium.remote.RemoteWebDriver.findElements(RemoteWebDriver.java:353)
	at io.appium.java_client.DefaultGenericMobileDriver.findElements(DefaultGenericMobileDriver.java:54)
	at io.appium.java_client.AppiumDriver.findElements(AppiumDriver.java:152)
	at org.openqa.selenium.remote.RemoteWebDriver.findElementsById(RemoteWebDriver.java:376)
	at io.appium.java_client.DefaultGenericMobileDriver.findElementsById(DefaultGenericMobileDriver.java:66)
	at io.appium.java_client.AppiumDriver.findElementsById(AppiumDriver.java:156)
	at org.openqa.selenium.By$ById.findElements(By.java:180)
	at org.openqa.selenium.remote.RemoteWebDriver.findElements(RemoteWebDriver.java:311)
	at io.appium.java_client.DefaultGenericMobileDriver.findElements(DefaultGenericMobileDriver.java:50)
	at io.appium.java_client.AppiumDriver.findElements(AppiumDriver.java:148)
	at base.BaseKeyword$Trait$Helper$_waitForPresentOf_closure1.doCall(BaseKeyword.groovy:253)
	at jdk.internal.reflect.GeneratedMethodAccessor8.invoke(Unknown Source)
	at java.base/jdk.internal.reflect.DelegatingMethodAccessorImpl.invoke(DelegatingMethodAccessorImpl.java:43)
	at jdk.proxy2/jdk.proxy2.$Proxy34.apply(Unknown Source)
	at org.openqa.selenium.support.ui.FluentWait.until(FluentWait.java:249)
	at base.BaseKeyword$Trait$Helper.waitForPresentOf(BaseKeyword.groovy:252)
	at screens.DocumentInformationScreen.waitForPresentOf(DocumentInformationScreen.groovy)
	at screens.DocumentInformationScreen.downloadFileAtmainFile(DocumentInformationScreen.groovy:302)
	at 044 TAI FILE TAI MAIN FILE_HO SO DEN.run(044 TAI FILE TAI MAIN FILE_HO SO DEN:57)
	at com.kms.katalon.core.main.ScriptEngine.run(ScriptEngine.java:194)
	at com.kms.katalon.core.main.ScriptEngine.runScriptAsRawText(ScriptEngine.java:119)
	at com.kms.katalon.core.main.TestCaseExecutor.runScript(TestCaseExecutor.java:448)
	at com.kms.katalon.core.main.TestCaseExecutor.doExecute(TestCaseExecutor.java:439)
	at com.kms.katalon.core.main.TestCaseExecutor.processExecutionPhase(TestCaseExecutor.java:418)
	at com.kms.katalon.core.main.TestCaseExecutor.accessMainPhase(TestCaseExecutor.java:410)
	at com.kms.katalon.core.main.TestCaseExecutor.execute(TestCaseExecutor.java:285)
	at com.kms.katalon.core.common.CommonExecutor.accessTestCaseMainPhase(CommonExecutor.java:65)
	at com.kms.katalon.core.main.TestSuiteExecutor.accessTestSuiteMainPhase(TestSuiteExecutor.java:150)
	at com.kms.katalon.core.main.TestSuiteExecutor.execute(TestSuiteExecutor.java:106)
	at com.kms.katalon.core.main.TestCaseMain.startTestSuite(TestCaseMain.java:180)
	at TempTestSuite1747539355497.run(TempTestSuite1747539355497.groovy:35)
	at java.base/jdk.internal.reflect.NativeMethodAccessorImpl.invoke0(Native Method)
	at java.base/jdk.internal.reflect.NativeMethodAccessorImpl.invoke(NativeMethodAccessorImpl.java:77)
	at java.base/jdk.internal.reflect.DelegatingMethodAccessorImpl.invoke(DelegatingMethodAccessorImpl.java:43)


18-05-2025T10:40:11 - [MESSAGE][ERROR] - Test Cases/IPAPER APP/044 TAI FILE TAI MAIN FILE_HO SO DEN FAILED.
Reason:
org.openqa.selenium.WebDriverException: An unknown server-side error occurred while processing the command. Original error: Timed out after 15552ms waiting for the root AccessibilityNodeInfo in the active window. Make sure the active window is not constantly hogging the main UI thread (e.g. the application is being idle long enough), so the accessibility manager could do its work
Build info: version: '3.141.59', revision: 'unknown', time: 'unknown'
System info: host: '192.168.1.4.non-exists.ptr.local', ip: '2402:800:63f2:b9ce:1859:4296:77a1:a88d%en0', os.name: 'Mac OS X', os.arch: 'aarch64', os.version: '15.4.1', java.version: '17.0.7'
Driver info: com.kms.katalon.core.appium.driver.SwipeableAndroidDriver
Capabilities {automationName: UiAutomator2, databaseEnabled: false, desired: {automationName: UiAutomator2, deviceName: af0c5cf7, noReset: true, platformName: android, waitForIdleTimeout: 3000}, deviceApiLevel: 35, deviceManufacturer: OPPO, deviceModel: CPH2699, deviceName: af0c5cf7, deviceScreenDensity: 480, deviceScreenSize: 1080x2400, deviceUDID: af0c5cf7, javascriptEnabled: true, locationContextEnabled: false, networkConnectionEnabled: true, noReset: true, pixelRatio: 3, platform: LINUX, platformName: Android, platformVersion: 15, statBarHeight: 120, takesScreenshot: true, viewportRect: {height: 2280, left: 0, top: 120, width: 1080}, waitForIdleTimeout: 3000, warnings: {}, webStorageEnabled: false}
Session ID: 3304c37f-648b-4099-8110-a9bd3d735cc7
*** Element info: {Using=id, value=com.hdbank.ipaper:id/layout_menu_attach}
	at java.base/jdk.internal.reflect.NativeConstructorAccessorImpl.newInstance0(Native Method)
	at java.base/jdk.internal.reflect.NativeConstructorAccessorImpl.newInstance(NativeConstructorAccessorImpl.java:77)
	at java.base/jdk.internal.reflect.DelegatingConstructorAccessorImpl.newInstance(DelegatingConstructorAccessorImpl.java:45)
	at org.openqa.selenium.remote.http.W3CHttpResponseCodec.createException(W3CHttpResponseCodec.java:187)
	at org.openqa.selenium.remote.http.W3CHttpResponseCodec.decode(W3CHttpResponseCodec.java:122)
	at org.openqa.selenium.remote.http.W3CHttpResponseCodec.decode(W3CHttpResponseCodec.java:49)
	at org.openqa.selenium.remote.HttpCommandExecutor.execute(HttpCommandExecutor.java:158)
	at io.appium.java_client.remote.AppiumCommandExecutor.execute(AppiumCommandExecutor.java:239)
	at org.openqa.selenium.remote.RemoteWebDriver.execute(RemoteWebDriver.java:552)
	at io.appium.java_client.DefaultGenericMobileDriver.execute(DefaultGenericMobileDriver.java:42)
	at io.appium.java_client.AppiumDriver.execute(AppiumDriver.java:1)
	at io.appium.java_client.android.AndroidDriver.execute(AndroidDriver.java:1)
	at com.kms.katalon.core.appium.driver.SwipeableAndroidDriver.execute(SwipeableAndroidDriver.java:1)
	at org.openqa.selenium.remote.RemoteWebDriver.findElements(RemoteWebDriver.java:353)
	at io.appium.java_client.DefaultGenericMobileDriver.findElements(DefaultGenericMobileDriver.java:54)
	at io.appium.java_client.AppiumDriver.findElements(AppiumDriver.java:152)
	at org.openqa.selenium.remote.RemoteWebDriver.findElementsById(RemoteWebDriver.java:376)
	at io.appium.java_client.DefaultGenericMobileDriver.findElementsById(DefaultGenericMobileDriver.java:66)
	at io.appium.java_client.AppiumDriver.findElementsById(AppiumDriver.java:156)
	at org.openqa.selenium.By$ById.findElements(By.java:180)
	at org.openqa.selenium.remote.RemoteWebDriver.findElements(RemoteWebDriver.java:311)
	at io.appium.java_client.DefaultGenericMobileDriver.findElements(DefaultGenericMobileDriver.java:50)
	at io.appium.java_client.AppiumDriver.findElements(AppiumDriver.java:148)
	at base.BaseKeyword$Trait$Helper$_waitForPresentOf_closure1.doCall(BaseKeyword.groovy:253)
	at jdk.internal.reflect.GeneratedMethodAccessor8.invoke(Unknown Source)
	at java.base/jdk.internal.reflect.DelegatingMethodAccessorImpl.invoke(DelegatingMethodAccessorImpl.java:43)
	at jdk.proxy2/jdk.proxy2.$Proxy34.apply(Unknown Source)
	at org.openqa.selenium.support.ui.FluentWait.until(FluentWait.java:249)
	at base.BaseKeyword$Trait$Helper.waitForPresentOf(BaseKeyword.groovy:252)
	at screens.DocumentInformationScreen.waitForPresentOf(DocumentInformationScreen.groovy)
	at screens.DocumentInformationScreen.downloadFileAtmainFile(DocumentInformationScreen.groovy:302)
	at 044 TAI FILE TAI MAIN FILE_HO SO DEN.run(044 TAI FILE TAI MAIN FILE_HO SO DEN:57)
	at com.kms.katalon.core.main.ScriptEngine.run(ScriptEngine.java:194)
	at com.kms.katalon.core.main.ScriptEngine.runScriptAsRawText(ScriptEngine.java:119)
	at com.kms.katalon.core.main.TestCaseExecutor.runScript(TestCaseExecutor.java:448)
	at com.kms.katalon.core.main.TestCaseExecutor.doExecute(TestCaseExecutor.java:439)
	at com.kms.katalon.core.main.TestCaseExecutor.processExecutionPhase(TestCaseExecutor.java:418)
	at com.kms.katalon.core.main.TestCaseExecutor.accessMainPhase(TestCaseExecutor.java:410)
	at com.kms.katalon.core.main.TestCaseExecutor.execute(TestCaseExecutor.java:285)
	at com.kms.katalon.core.common.CommonExecutor.accessTestCaseMainPhase(CommonExecutor.java:65)
	at com.kms.katalon.core.main.TestSuiteExecutor.accessTestSuiteMainPhase(TestSuiteExecutor.java:150)
	at com.kms.katalon.core.main.TestSuiteExecutor.execute(TestSuiteExecutor.java:106)
	at com.kms.katalon.core.main.TestCaseMain.startTestSuite(TestCaseMain.java:180)
	at TempTestSuite1747539355497.run(TempTestSuite1747539355497.groovy:35)
	at java.base/jdk.internal.reflect.NativeMethodAccessorImpl.invoke0(Native Method)
	at java.base/jdk.internal.reflect.NativeMethodAccessorImpl.invoke(NativeMethodAccessorImpl.java:77)
	at java.base/jdk.internal.reflect.DelegatingMethodAccessorImpl.invoke(DelegatingMethodAccessorImpl.java:43)


18-05-2025T10:40:11 - [TEST_STEP][PASSED] - Start listener action : afterTest: null

18-05-2025T10:40:11 - [TEST_STEP][PASSED] - if (testCaseStatus != "PASSED"): Screenshot is taken

18-05-2025T10:40:11 - [TEST_STEP][PASSED] - takeScreenshot(ErrorScreen/$GlobalVariable.PLATFORM/$testCaseContext.getTestCaseId().png): Screenshot is taken

18-05-2025T10:40:13 - [MESSAGE][PASSED] - Screenshot is taken
[[ATTACHMENT|ErrorScreen/Android/Test Cases/IPAPER APP/044 TAI FILE TAI MAIN FILE_HO SO DEN.png]]

18-05-2025T10:40:13 - [TEST_STEP][PASSED] - drivers.Driver.closeApp(): drivers.Driver.closeApp is PASSED

18-05-2025T10:40:14 - [MESSAGE][PASSED] - drivers.Driver.closeApp is PASSED

18-05-2025T10:40:14 - [TEST_STEP][PASSED] - if (tsContext == null): null]]></system-out>
         <system-err><![CDATA[18-05-2025T10:38:16 - [TEST_CASE][ERROR] - Test Cases/IPAPER APP/044 TAI FILE TAI MAIN FILE_HO SO DEN: Test Cases/IPAPER APP/044 TAI FILE TAI MAIN FILE_HO SO DEN FAILED.
Reason:
org.openqa.selenium.WebDriverException: An unknown server-side error occurred while processing the command. Original error: Timed out after 15552ms waiting for the root AccessibilityNodeInfo in the active window. Make sure the active window is not constantly hogging the main UI thread (e.g. the application is being idle long enough), so the accessibility manager could do its work
Build info: version: '3.141.59', revision: 'unknown', time: 'unknown'
System info: host: '192.168.1.4.non-exists.ptr.local', ip: '2402:800:63f2:b9ce:1859:4296:77a1:a88d%en0', os.name: 'Mac OS X', os.arch: 'aarch64', os.version: '15.4.1', java.version: '17.0.7'
Driver info: com.kms.katalon.core.appium.driver.SwipeableAndroidDriver
Capabilities {automationName: UiAutomator2, databaseEnabled: false, desired: {automationName: UiAutomator2, deviceName: af0c5cf7, noReset: true, platformName: android, waitForIdleTimeout: 3000}, deviceApiLevel: 35, deviceManufacturer: OPPO, deviceModel: CPH2699, deviceName: af0c5cf7, deviceScreenDensity: 480, deviceScreenSize: 1080x2400, deviceUDID: af0c5cf7, javascriptEnabled: true, locationContextEnabled: false, networkConnectionEnabled: true, noReset: true, pixelRatio: 3, platform: LINUX, platformName: Android, platformVersion: 15, statBarHeight: 120, takesScreenshot: true, viewportRect: {height: 2280, left: 0, top: 120, width: 1080}, waitForIdleTimeout: 3000, warnings: {}, webStorageEnabled: false}
Session ID: 3304c37f-648b-4099-8110-a9bd3d735cc7
*** Element info: {Using=id, value=com.hdbank.ipaper:id/layout_menu_attach}
	at java.base/jdk.internal.reflect.NativeConstructorAccessorImpl.newInstance0(Native Method)
	at java.base/jdk.internal.reflect.NativeConstructorAccessorImpl.newInstance(NativeConstructorAccessorImpl.java:77)
	at java.base/jdk.internal.reflect.DelegatingConstructorAccessorImpl.newInstance(DelegatingConstructorAccessorImpl.java:45)
	at org.openqa.selenium.remote.http.W3CHttpResponseCodec.createException(W3CHttpResponseCodec.java:187)
	at org.openqa.selenium.remote.http.W3CHttpResponseCodec.decode(W3CHttpResponseCodec.java:122)
	at org.openqa.selenium.remote.http.W3CHttpResponseCodec.decode(W3CHttpResponseCodec.java:49)
	at org.openqa.selenium.remote.HttpCommandExecutor.execute(HttpCommandExecutor.java:158)
	at io.appium.java_client.remote.AppiumCommandExecutor.execute(AppiumCommandExecutor.java:239)
	at org.openqa.selenium.remote.RemoteWebDriver.execute(RemoteWebDriver.java:552)
	at io.appium.java_client.DefaultGenericMobileDriver.execute(DefaultGenericMobileDriver.java:42)
	at io.appium.java_client.AppiumDriver.execute(AppiumDriver.java:1)
	at io.appium.java_client.android.AndroidDriver.execute(AndroidDriver.java:1)
	at com.kms.katalon.core.appium.driver.SwipeableAndroidDriver.execute(SwipeableAndroidDriver.java:1)
	at org.openqa.selenium.remote.RemoteWebDriver.findElements(RemoteWebDriver.java:353)
	at io.appium.java_client.DefaultGenericMobileDriver.findElements(DefaultGenericMobileDriver.java:54)
	at io.appium.java_client.AppiumDriver.findElements(AppiumDriver.java:152)
	at org.openqa.selenium.remote.RemoteWebDriver.findElementsById(RemoteWebDriver.java:376)
	at io.appium.java_client.DefaultGenericMobileDriver.findElementsById(DefaultGenericMobileDriver.java:66)
	at io.appium.java_client.AppiumDriver.findElementsById(AppiumDriver.java:156)
	at org.openqa.selenium.By$ById.findElements(By.java:180)
	at org.openqa.selenium.remote.RemoteWebDriver.findElements(RemoteWebDriver.java:311)
	at io.appium.java_client.DefaultGenericMobileDriver.findElements(DefaultGenericMobileDriver.java:50)
	at io.appium.java_client.AppiumDriver.findElements(AppiumDriver.java:148)
	at base.BaseKeyword$Trait$Helper$_waitForPresentOf_closure1.doCall(BaseKeyword.groovy:253)
	at jdk.internal.reflect.GeneratedMethodAccessor8.invoke(Unknown Source)
	at java.base/jdk.internal.reflect.DelegatingMethodAccessorImpl.invoke(DelegatingMethodAccessorImpl.java:43)
	at jdk.proxy2/jdk.proxy2.$Proxy34.apply(Unknown Source)
	at org.openqa.selenium.support.ui.FluentWait.until(FluentWait.java:249)
	at base.BaseKeyword$Trait$Helper.waitForPresentOf(BaseKeyword.groovy:252)
	at screens.DocumentInformationScreen.waitForPresentOf(DocumentInformationScreen.groovy)
	at screens.DocumentInformationScreen.downloadFileAtmainFile(DocumentInformationScreen.groovy:302)
	at 044 TAI FILE TAI MAIN FILE_HO SO DEN.run(044 TAI FILE TAI MAIN FILE_HO SO DEN:57)
	at com.kms.katalon.core.main.ScriptEngine.run(ScriptEngine.java:194)
	at com.kms.katalon.core.main.ScriptEngine.runScriptAsRawText(ScriptEngine.java:119)
	at com.kms.katalon.core.main.TestCaseExecutor.runScript(TestCaseExecutor.java:448)
	at com.kms.katalon.core.main.TestCaseExecutor.doExecute(TestCaseExecutor.java:439)
	at com.kms.katalon.core.main.TestCaseExecutor.processExecutionPhase(TestCaseExecutor.java:418)
	at com.kms.katalon.core.main.TestCaseExecutor.accessMainPhase(TestCaseExecutor.java:410)
	at com.kms.katalon.core.main.TestCaseExecutor.execute(TestCaseExecutor.java:285)
	at com.kms.katalon.core.common.CommonExecutor.accessTestCaseMainPhase(CommonExecutor.java:65)
	at com.kms.katalon.core.main.TestSuiteExecutor.accessTestSuiteMainPhase(TestSuiteExecutor.java:150)
	at com.kms.katalon.core.main.TestSuiteExecutor.execute(TestSuiteExecutor.java:106)
	at com.kms.katalon.core.main.TestCaseMain.startTestSuite(TestCaseMain.java:180)
	at TempTestSuite1747539355497.run(TempTestSuite1747539355497.groovy:35)
	at java.base/jdk.internal.reflect.NativeMethodAccessorImpl.invoke0(Native Method)
	at java.base/jdk.internal.reflect.NativeMethodAccessorImpl.invoke(NativeMethodAccessorImpl.java:77)
	at java.base/jdk.internal.reflect.DelegatingMethodAccessorImpl.invoke(DelegatingMethodAccessorImpl.java:43)]]></system-err>
      </testcase>
      <testcase name="Test Cases/IPAPER APP/058 TẠO QUY TRINH_1 BUOC" time="135.671" classname="Test Cases/IPAPER APP/058 TẠO QUY TRINH_1 BUOC" status="PASSED">
         <system-out><![CDATA[18-05-2025T10:40:14 - [TEST_CASE][PASSED] - Test Cases/IPAPER APP/058 TẠO QUY TRINH_1 BUOC: Test Cases/IPAPER APP/058 TẠO QUY TRINH_1 BUOC

18-05-2025T10:40:14 - [TEST_STEP][PASSED] - Start listener action : beforeTest: drivers.Driver.openApp is PASSED

18-05-2025T10:40:14 - [TEST_STEP][PASSED] - DataTest.init(): null

18-05-2025T10:40:14 - [TEST_STEP][PASSED] - testCaseId = split("/").last(): null

18-05-2025T10:40:14 - [TEST_STEP][PASSED] - if (!(drivers.Driver.isAppiumRunning())): drivers.Driver.isAppiumRunning is PASSED

18-05-2025T10:40:14 - [MESSAGE][INFO] - Appium running: true

18-05-2025T10:40:14 - [MESSAGE][PASSED] - drivers.Driver.isAppiumRunning is PASSED

18-05-2025T10:40:14 - [TEST_STEP][PASSED] - if (driver == null || driver.getSessionId() == null): null

18-05-2025T10:40:14 - [TEST_STEP][PASSED] - drivers.Driver.openApp(): drivers.Driver.openApp is PASSED

18-05-2025T10:40:16 - [MESSAGE][PASSED] - drivers.Driver.openApp is PASSED

18-05-2025T10:40:16 - [TEST_STEP][PASSED] - REQUEST_NAME = "Trình ký PDF có sẵn": null

18-05-2025T10:40:16 - [TEST_STEP][PASSED] - TO_DAY = SimpleDateFormat(dd/MM/yyyy).format(new java.util.Date()): null

18-05-2025T10:40:16 - [TEST_STEP][PASSED] - auto5 = DataTest.getUserTest("auto5"): null

18-05-2025T10:40:16 - [TEST_STEP][PASSED] - auto6 = DataTest.getUserTest("auto6"): null

18-05-2025T10:40:16 - [TEST_STEP][PASSED] - auto7 = DataTest.getUserTest("auto7"): null

18-05-2025T10:40:16 - [TEST_STEP][PASSED] - document = DataTest.createDocumentTest(auto5, auto6, auto7, "dummy.pdf", "dummy.pdf"): null

18-05-2025T10:40:16 - [TEST_STEP][PASSED] - loginScreen.login(auto5): null

18-05-2025T10:40:24 - [TEST_STEP][PASSED] - homeScreen.openRequestList(): null

18-05-2025T10:40:30 - [TEST_STEP][PASSED] - homeScreen.createRequest(REQUEST_NAME): null

18-05-2025T10:40:33 - [TEST_STEP][PASSED] - pdfSignScreen.fillInTitle(title): null

18-05-2025T10:40:36 - [TEST_STEP][PASSED] - pdfSignScreen.selectPriority(priority): null

18-05-2025T10:40:38 - [TEST_STEP][PASSED] - pdfSignScreen.selectTime(time): null

18-05-2025T10:40:41 - [TEST_STEP][PASSED] - pdfSignScreen.fillInDescription(description): null

18-05-2025T10:40:43 - [TEST_STEP][PASSED] - pdfSignScreen.openMainFileBrowser(): null

18-05-2025T10:40:44 - [TEST_STEP][PASSED] - fileBrowserScreen.attachFile(mainFileName): null

18-05-2025T10:40:51 - [TEST_STEP][PASSED] - pdfSignScreen.openSubFileBrowser(): null

18-05-2025T10:40:56 - [TEST_STEP][PASSED] - fileBrowserScreen.attachFile(subFileName): null

18-05-2025T10:41:02 - [TEST_STEP][PASSED] - pdfSignScreen.processDefinition(auto6): null

18-05-2025T10:41:10 - [TEST_STEP][PASSED] - pdfSignScreen.performAction(SEND_APPROVE): null

18-05-2025T10:41:14 - [TEST_STEP][PASSED] - pdfSignScreen.fillInOpinion(document.getComment()): null

18-05-2025T10:41:15 - [TEST_STEP][PASSED] - pdfSignScreen.submitRequest(): null

18-05-2025T10:41:22 - [TEST_STEP][PASSED] - document.setStatus(WAIT_APPROVE): null

18-05-2025T10:41:22 - [TEST_STEP][PASSED] - documentInformationScreen.backToHome(): null

18-05-2025T10:41:23 - [TEST_STEP][PASSED] - homeScreen.goToOutComingDocument(): null

18-05-2025T10:41:32 - [TEST_STEP][PASSED] - outComingDocument.viewInformationDocument(document): null

18-05-2025T10:41:33 - [TEST_STEP][PASSED] - documentInformationScreen.checkDocumentTitle(document): Verify equals GUI: Trình ký 1747539616721 - DATA: Trình ký 1747539616721

18-05-2025T10:41:38 - [MESSAGE][PASSED] - Verify equals GUI: Trình ký 1747539616721 - DATA: Trình ký 1747539616721

18-05-2025T10:41:38 - [TEST_STEP][PASSED] - documentInformationScreen.checkSender(document): Verify equals GUI: Auto Test User 5 - DATA: Auto Test User 5

18-05-2025T10:41:38 - [MESSAGE][PASSED] - Verify equals GUI: Auto Test User 5 - DATA: Auto Test User 5

18-05-2025T10:41:38 - [TEST_STEP][PASSED] - documentInformationScreen.checkStatus(document): Verify equals GUI: Chờ giám sát phê duyệt - DATA: Chờ giám sát phê duyệt

18-05-2025T10:41:38 - [MESSAGE][PASSED] - Verify equals GUI: Chờ giám sát phê duyệt - DATA: Chờ giám sát phê duyệt

18-05-2025T10:41:38 - [TEST_STEP][PASSED] - documentInformationScreen.checkCreateDate(): Verify equals GUI: 18/05/2025 - DATA: 18/05/2025

18-05-2025T10:41:38 - [MESSAGE][PASSED] - Verify equals GUI: 18/05/2025 - DATA: 18/05/2025

18-05-2025T10:41:38 - [TEST_STEP][PASSED] - documentInformationScreen.checkFinishDate(document): Verify equals GUI: 19/05/2025 - DATA: 19/05/2025

18-05-2025T10:41:39 - [MESSAGE][PASSED] - Verify equals GUI: 19/05/2025 - DATA: 19/05/2025

18-05-2025T10:41:39 - [TEST_STEP][PASSED] - documentInformationScreen.checkPriority(document): Verify equals GUI: Khẩn cấp - DATA: Khẩn cấp

18-05-2025T10:41:39 - [MESSAGE][PASSED] - Verify equals GUI: Khẩn cấp - DATA: Khẩn cấp

18-05-2025T10:41:39 - [TEST_STEP][PASSED] - documentInformationScreen.checkDescription(document): Verify equals GUI: 058 TẠO QUY TRINH_1 BUOC - DATA: 058 TẠO QUY TRINH_1 BUOC

18-05-2025T10:41:39 - [MESSAGE][PASSED] - Verify equals GUI: 058 TẠO QUY TRINH_1 BUOC - DATA: 058 TẠO QUY TRINH_1 BUOC

18-05-2025T10:41:39 - [TEST_STEP][PASSED] - documentInformationScreen.checkAssigner(document): Verify contains GUI: auto6@hdbank.com.vn - DATA: auto6@hdbank.com.vn

18-05-2025T10:41:40 - [MESSAGE][PASSED] - Verify contains GUI: auto6@hdbank.com.vn - DATA: auto6@hdbank.com.vn

18-05-2025T10:41:40 - [TEST_STEP][PASSED] - documentInformationScreen.checkPresentFileName(document): Verify contains GUI: dummy_20250518104126.ozd - DATA: dummy

18-05-2025T10:41:41 - [MESSAGE][PASSED] - Verify contains GUI: dummy_20250518104126.ozd - DATA: dummy

18-05-2025T10:41:41 - [TEST_STEP][PASSED] - documentInformationScreen.checkAttachFileName(document): Expected true condition

18-05-2025T10:41:43 - [MESSAGE][PASSED] - Expected true condition

18-05-2025T10:41:43 - [TEST_STEP][PASSED] - documentInformationScreen.backToHome(): null

18-05-2025T10:41:48 - [TEST_STEP][PASSED] - homeScreen.logout(): null

18-05-2025T10:41:56 - [TEST_STEP][PASSED] - loginScreen.login(auto6): null

18-05-2025T10:42:05 - [TEST_STEP][PASSED] - document.setAssigner(auto5): null

18-05-2025T10:42:05 - [TEST_STEP][PASSED] - homeScreen.goToIncomingDocument(): null

18-05-2025T10:42:05 - [TEST_STEP][PASSED] - inComingDocument.viewInformationDocument(document): View document Trình ký 1747539616721

18-05-2025T10:42:05 - [MESSAGE][INFO] - View document Trình ký 1747539616721

18-05-2025T10:42:11 - [TEST_STEP][PASSED] - documentInformationScreen.checkDocumentTitle(document): Verify equals GUI: Trình ký 1747539616721 - DATA: Trình ký 1747539616721

18-05-2025T10:42:11 - [MESSAGE][PASSED] - Verify equals GUI: Trình ký 1747539616721 - DATA: Trình ký 1747539616721

18-05-2025T10:42:11 - [TEST_STEP][PASSED] - documentInformationScreen.checkSender(document): Verify equals GUI: Auto Test User 5 - DATA: Auto Test User 5

18-05-2025T10:42:11 - [MESSAGE][PASSED] - Verify equals GUI: Auto Test User 5 - DATA: Auto Test User 5

18-05-2025T10:42:11 - [TEST_STEP][PASSED] - documentInformationScreen.checkStatus(document): Verify equals GUI: Chờ giám sát phê duyệt - DATA: Chờ giám sát phê duyệt

18-05-2025T10:42:11 - [MESSAGE][PASSED] - Verify equals GUI: Chờ giám sát phê duyệt - DATA: Chờ giám sát phê duyệt

18-05-2025T10:42:11 - [TEST_STEP][PASSED] - documentInformationScreen.checkCreateDate(): Verify equals GUI: 18/05/2025 - DATA: 18/05/2025

18-05-2025T10:42:11 - [MESSAGE][PASSED] - Verify equals GUI: 18/05/2025 - DATA: 18/05/2025

18-05-2025T10:42:11 - [TEST_STEP][PASSED] - documentInformationScreen.checkFinishDate(document): Verify equals GUI: 19/05/2025 - DATA: 19/05/2025

18-05-2025T10:42:11 - [MESSAGE][PASSED] - Verify equals GUI: 19/05/2025 - DATA: 19/05/2025

18-05-2025T10:42:11 - [TEST_STEP][PASSED] - documentInformationScreen.checkPriority(document): Verify equals GUI: Khẩn cấp - DATA: Khẩn cấp

18-05-2025T10:42:12 - [MESSAGE][PASSED] - Verify equals GUI: Khẩn cấp - DATA: Khẩn cấp

18-05-2025T10:42:12 - [TEST_STEP][PASSED] - documentInformationScreen.checkDescription(document): Verify equals GUI: 058 TẠO QUY TRINH_1 BUOC - DATA: 058 TẠO QUY TRINH_1 BUOC

18-05-2025T10:42:12 - [MESSAGE][PASSED] - Verify equals GUI: 058 TẠO QUY TRINH_1 BUOC - DATA: 058 TẠO QUY TRINH_1 BUOC

18-05-2025T10:42:12 - [TEST_STEP][PASSED] - documentInformationScreen.checkAssigner(document): Verify contains GUI: auto5@hdbank.com.vn - DATA: auto5@hdbank.com.vn

18-05-2025T10:42:13 - [MESSAGE][PASSED] - Verify contains GUI: auto5@hdbank.com.vn - DATA: auto5@hdbank.com.vn

18-05-2025T10:42:13 - [TEST_STEP][PASSED] - documentInformationScreen.checkPresentFileName(document): Verify contains GUI: dummy_20250518104126.ozd - DATA: dummy

18-05-2025T10:42:14 - [MESSAGE][PASSED] - Verify contains GUI: dummy_20250518104126.ozd - DATA: dummy

18-05-2025T10:42:14 - [TEST_STEP][PASSED] - documentInformationScreen.checkAttachFileName(document): Expected true condition

18-05-2025T10:42:16 - [MESSAGE][PASSED] - Expected true condition

18-05-2025T10:42:16 - [TEST_STEP][PASSED] - documentInformationScreen.backToHome(): null

18-05-2025T10:42:21 - [TEST_STEP][PASSED] - homeScreen.logout(): null

18-05-2025T10:42:29 - [TEST_STEP][PASSED] - Start listener action : afterTest: null

18-05-2025T10:42:29 - [TEST_STEP][PASSED] - if (testCaseStatus != "PASSED"): null

18-05-2025T10:42:29 - [TEST_STEP][PASSED] - drivers.Driver.closeApp(): drivers.Driver.closeApp is PASSED

18-05-2025T10:42:30 - [MESSAGE][PASSED] - drivers.Driver.closeApp is PASSED

18-05-2025T10:42:30 - [TEST_STEP][PASSED] - if (tsContext == null): null]]></system-out>
         <system-err><![CDATA[]]></system-err>
      </testcase>
      <testcase name="Test Cases/IPAPER APP/002 TAO YEU CAU" time="179.641" classname="Test Cases/IPAPER APP/002 TAO YEU CAU" status="PASSED">
         <system-out><![CDATA[18-05-2025T10:42:30 - [TEST_CASE][PASSED] - Test Cases/IPAPER APP/002 TAO YEU CAU: Test Cases/IPAPER APP/002 TAO YEU CAU

18-05-2025T10:42:30 - [TEST_STEP][PASSED] - Start listener action : beforeTest: drivers.Driver.openApp is PASSED

18-05-2025T10:42:30 - [TEST_STEP][PASSED] - DataTest.init(): null

18-05-2025T10:42:30 - [TEST_STEP][PASSED] - testCaseId = split("/").last(): null

18-05-2025T10:42:30 - [TEST_STEP][PASSED] - if (!(drivers.Driver.isAppiumRunning())): drivers.Driver.isAppiumRunning is PASSED

18-05-2025T10:42:30 - [MESSAGE][INFO] - Appium running: true

18-05-2025T10:42:30 - [MESSAGE][PASSED] - drivers.Driver.isAppiumRunning is PASSED

18-05-2025T10:42:30 - [TEST_STEP][PASSED] - if (driver == null || driver.getSessionId() == null): null

18-05-2025T10:42:30 - [TEST_STEP][PASSED] - drivers.Driver.openApp(): drivers.Driver.openApp is PASSED

18-05-2025T10:42:32 - [MESSAGE][PASSED] - drivers.Driver.openApp is PASSED

18-05-2025T10:42:32 - [TEST_STEP][PASSED] - REQUEST_NAME = "Trình ký PDF có sẵn": null

18-05-2025T10:42:32 - [TEST_STEP][PASSED] - TO_DAY = SimpleDateFormat(dd/MM/yyyy).format(new java.util.Date()): null

18-05-2025T10:42:32 - [TEST_STEP][PASSED] - auto5 = DataTest.getUserTest("auto5"): null

18-05-2025T10:42:32 - [TEST_STEP][PASSED] - auto6 = DataTest.getUserTest("auto6"): null

18-05-2025T10:42:32 - [TEST_STEP][PASSED] - auto7 = DataTest.getUserTest("auto7"): null

18-05-2025T10:42:32 - [TEST_STEP][PASSED] - document = DataTest.createDocumentTest(auto5, auto6, auto7, "dummy.pdf", "dummy.pdf"): null

18-05-2025T10:42:32 - [TEST_STEP][PASSED] - loginScreen.login(auto5): null

18-05-2025T10:42:39 - [TEST_STEP][PASSED] - homeScreen.openRequestList(): null

18-05-2025T10:42:44 - [TEST_STEP][PASSED] - homeScreen.createRequest(REQUEST_NAME): null

18-05-2025T10:42:48 - [TEST_STEP][PASSED] - pdfSignScreen.fillInTitle(title): null

18-05-2025T10:42:50 - [TEST_STEP][PASSED] - pdfSignScreen.selectPriority(priority): null

18-05-2025T10:42:52 - [TEST_STEP][PASSED] - pdfSignScreen.selectTime(time): null

18-05-2025T10:42:54 - [TEST_STEP][PASSED] - pdfSignScreen.fillInDescription(description): null

18-05-2025T10:42:56 - [TEST_STEP][PASSED] - pdfSignScreen.selectAssigner(getAssigner().getEmail()): null

18-05-2025T10:43:00 - [TEST_STEP][PASSED] - pdfSignScreen.openMainFileBrowser(): null

18-05-2025T10:43:05 - [TEST_STEP][PASSED] - fileBrowserScreen.attachFile(mainFileName): null

18-05-2025T10:43:11 - [TEST_STEP][PASSED] - pdfSignScreen.openSubFileBrowser(): null

18-05-2025T10:43:13 - [TEST_STEP][PASSED] - fileBrowserScreen.attachFile(subFileName): null

18-05-2025T10:43:19 - [TEST_STEP][PASSED] - pdfSignScreen.selectRelatedMember(getCc().getEmail()): null

18-05-2025T10:43:27 - [TEST_STEP][PASSED] - pdfSignScreen.performAction(SEND_APPROVE): null

18-05-2025T10:43:29 - [TEST_STEP][PASSED] - pdfSignScreen.fillInOpinion(document.getComment()): null

18-05-2025T10:43:30 - [TEST_STEP][PASSED] - pdfSignScreen.submitRequest(): null

18-05-2025T10:43:38 - [TEST_STEP][PASSED] - document.setStatus(WAIT_APPROVE): null

18-05-2025T10:43:38 - [TEST_STEP][PASSED] - documentInformationScreen.backToHome(): null

18-05-2025T10:43:38 - [TEST_STEP][PASSED] - homeScreen.goToOutComingDocument(): null

18-05-2025T10:43:47 - [TEST_STEP][PASSED] - outComingDocument.viewInformationDocument(document): null

18-05-2025T10:43:48 - [TEST_STEP][PASSED] - documentInformationScreen.checkDocumentTitle(document): Verify equals GUI: Trình ký 1747539752236 - DATA: Trình ký 1747539752236

18-05-2025T10:43:53 - [MESSAGE][PASSED] - Verify equals GUI: Trình ký 1747539752236 - DATA: Trình ký 1747539752236

18-05-2025T10:43:53 - [TEST_STEP][PASSED] - documentInformationScreen.checkSender(document): Verify equals GUI: Auto Test User 5 - DATA: Auto Test User 5

18-05-2025T10:43:53 - [MESSAGE][PASSED] - Verify equals GUI: Auto Test User 5 - DATA: Auto Test User 5

18-05-2025T10:43:53 - [TEST_STEP][PASSED] - documentInformationScreen.checkStatus(document): Verify equals GUI: Chờ giám sát phê duyệt - DATA: Chờ giám sát phê duyệt

18-05-2025T10:43:53 - [MESSAGE][PASSED] - Verify equals GUI: Chờ giám sát phê duyệt - DATA: Chờ giám sát phê duyệt

18-05-2025T10:43:53 - [TEST_STEP][PASSED] - documentInformationScreen.checkCreateDate(): Verify equals GUI: 18/05/2025 - DATA: 18/05/2025

18-05-2025T10:43:53 - [MESSAGE][PASSED] - Verify equals GUI: 18/05/2025 - DATA: 18/05/2025

18-05-2025T10:43:53 - [TEST_STEP][PASSED] - documentInformationScreen.checkFinishDate(document): Verify equals GUI: 19/05/2025 - DATA: 19/05/2025

18-05-2025T10:43:53 - [MESSAGE][PASSED] - Verify equals GUI: 19/05/2025 - DATA: 19/05/2025

18-05-2025T10:43:53 - [TEST_STEP][PASSED] - documentInformationScreen.checkPriority(document): Verify equals GUI: Bình thường - DATA: Bình thường

18-05-2025T10:43:53 - [MESSAGE][PASSED] - Verify equals GUI: Bình thường - DATA: Bình thường

18-05-2025T10:43:53 - [TEST_STEP][PASSED] - documentInformationScreen.checkDescription(document): Verify equals GUI: 002 TAO YEU CAU - DATA: 002 TAO YEU CAU

18-05-2025T10:43:53 - [MESSAGE][PASSED] - Verify equals GUI: 002 TAO YEU CAU - DATA: 002 TAO YEU CAU

18-05-2025T10:43:53 - [TEST_STEP][PASSED] - documentInformationScreen.checkAssigner(document): Verify contains GUI: auto6@hdbank.com.vn - DATA: auto6@hdbank.com.vn

18-05-2025T10:43:55 - [MESSAGE][PASSED] - Verify contains GUI: auto6@hdbank.com.vn - DATA: auto6@hdbank.com.vn

18-05-2025T10:43:55 - [TEST_STEP][PASSED] - documentInformationScreen.checkPresentFileName(document): Verify contains GUI: dummy_20250518104347.ozd - DATA: dummy

18-05-2025T10:44:01 - [MESSAGE][PASSED] - Verify contains GUI: dummy_20250518104347.ozd - DATA: dummy

18-05-2025T10:44:01 - [TEST_STEP][PASSED] - documentInformationScreen.checkAttachFileName(document): Expected true condition

18-05-2025T10:44:02 - [MESSAGE][PASSED] - Expected true condition

18-05-2025T10:44:02 - [TEST_STEP][PASSED] - documentInformationScreen.backToHome(): null

18-05-2025T10:44:07 - [TEST_STEP][PASSED] - homeScreen.logout(): null

18-05-2025T10:44:15 - [TEST_STEP][PASSED] - loginScreen.login(auto6): null

18-05-2025T10:44:24 - [TEST_STEP][PASSED] - document.setAssigner(auto5): null

18-05-2025T10:44:24 - [TEST_STEP][PASSED] - homeScreen.goToIncomingDocument(): null

18-05-2025T10:44:24 - [TEST_STEP][PASSED] - inComingDocument.viewInformationDocument(document): View document Trình ký 1747539752236

18-05-2025T10:44:24 - [MESSAGE][INFO] - View document Trình ký 1747539752236

18-05-2025T10:44:30 - [TEST_STEP][PASSED] - documentInformationScreen.checkDocumentTitle(document): Verify equals GUI: Trình ký 1747539752236 - DATA: Trình ký 1747539752236

18-05-2025T10:44:31 - [MESSAGE][PASSED] - Verify equals GUI: Trình ký 1747539752236 - DATA: Trình ký 1747539752236

18-05-2025T10:44:31 - [TEST_STEP][PASSED] - documentInformationScreen.checkSender(document): Verify equals GUI: Auto Test User 5 - DATA: Auto Test User 5

18-05-2025T10:44:31 - [MESSAGE][PASSED] - Verify equals GUI: Auto Test User 5 - DATA: Auto Test User 5

18-05-2025T10:44:31 - [TEST_STEP][PASSED] - documentInformationScreen.checkStatus(document): Verify equals GUI: Chờ giám sát phê duyệt - DATA: Chờ giám sát phê duyệt

18-05-2025T10:44:31 - [MESSAGE][PASSED] - Verify equals GUI: Chờ giám sát phê duyệt - DATA: Chờ giám sát phê duyệt

18-05-2025T10:44:31 - [TEST_STEP][PASSED] - documentInformationScreen.checkCreateDate(): Verify equals GUI: 18/05/2025 - DATA: 18/05/2025

18-05-2025T10:44:31 - [MESSAGE][PASSED] - Verify equals GUI: 18/05/2025 - DATA: 18/05/2025

18-05-2025T10:44:31 - [TEST_STEP][PASSED] - documentInformationScreen.checkFinishDate(document): Verify equals GUI: 19/05/2025 - DATA: 19/05/2025

18-05-2025T10:44:31 - [MESSAGE][PASSED] - Verify equals GUI: 19/05/2025 - DATA: 19/05/2025

18-05-2025T10:44:31 - [TEST_STEP][PASSED] - documentInformationScreen.checkPriority(document): Verify equals GUI: Bình thường - DATA: Bình thường

18-05-2025T10:44:31 - [MESSAGE][PASSED] - Verify equals GUI: Bình thường - DATA: Bình thường

18-05-2025T10:44:31 - [TEST_STEP][PASSED] - documentInformationScreen.checkDescription(document): Verify equals GUI: 002 TAO YEU CAU - DATA: 002 TAO YEU CAU

18-05-2025T10:44:31 - [MESSAGE][PASSED] - Verify equals GUI: 002 TAO YEU CAU - DATA: 002 TAO YEU CAU

18-05-2025T10:44:31 - [TEST_STEP][PASSED] - documentInformationScreen.checkAssigner(document): Verify contains GUI: auto5@hdbank.com.vn - DATA: auto5@hdbank.com.vn

18-05-2025T10:44:33 - [MESSAGE][PASSED] - Verify contains GUI: auto5@hdbank.com.vn - DATA: auto5@hdbank.com.vn

18-05-2025T10:44:33 - [TEST_STEP][PASSED] - documentInformationScreen.checkPresentFileName(document): Verify contains GUI: dummy_20250518104347.ozd - DATA: dummy

18-05-2025T10:44:34 - [MESSAGE][PASSED] - Verify contains GUI: dummy_20250518104347.ozd - DATA: dummy

18-05-2025T10:44:34 - [TEST_STEP][PASSED] - documentInformationScreen.checkAttachFileName(document): Expected true condition

18-05-2025T10:44:36 - [MESSAGE][PASSED] - Expected true condition

18-05-2025T10:44:36 - [TEST_STEP][PASSED] - documentInformationScreen.backToHome(): null

18-05-2025T10:44:40 - [TEST_STEP][PASSED] - homeScreen.logout(): null

18-05-2025T10:44:49 - [TEST_STEP][PASSED] - document.setAssigner(auto6): null

18-05-2025T10:44:49 - [TEST_STEP][PASSED] - loginScreen.login(auto7): null

18-05-2025T10:44:58 - [TEST_STEP][PASSED] - homeScreen.goToIncomingDocument(): null

18-05-2025T10:44:58 - [TEST_STEP][PASSED] - inComingDocument.goToRelatedDocument(): null

18-05-2025T10:45:00 - [TEST_STEP][PASSED] - relatedDocumentScreen.viewInformationDocument(document): null

18-05-2025T10:45:07 - [TEST_STEP][PASSED] - documentInformationScreen.checkDocumentTitle(document): Verify equals GUI: Trình ký 1747539752236 - DATA: Trình ký 1747539752236

18-05-2025T10:45:12 - [MESSAGE][PASSED] - Verify equals GUI: Trình ký 1747539752236 - DATA: Trình ký 1747539752236

18-05-2025T10:45:12 - [TEST_STEP][PASSED] - documentInformationScreen.checkSender(document): Verify equals GUI: Auto Test User 5 - DATA: Auto Test User 5

18-05-2025T10:45:12 - [MESSAGE][PASSED] - Verify equals GUI: Auto Test User 5 - DATA: Auto Test User 5

18-05-2025T10:45:12 - [TEST_STEP][PASSED] - documentInformationScreen.checkStatus(document): Verify equals GUI: Chờ giám sát phê duyệt - DATA: Chờ giám sát phê duyệt

18-05-2025T10:45:12 - [MESSAGE][PASSED] - Verify equals GUI: Chờ giám sát phê duyệt - DATA: Chờ giám sát phê duyệt

18-05-2025T10:45:12 - [TEST_STEP][PASSED] - documentInformationScreen.checkCreateDate(): Verify equals GUI: 18/05/2025 - DATA: 18/05/2025

18-05-2025T10:45:12 - [MESSAGE][PASSED] - Verify equals GUI: 18/05/2025 - DATA: 18/05/2025

18-05-2025T10:45:12 - [TEST_STEP][PASSED] - documentInformationScreen.checkFinishDate(document): Verify equals GUI: 19/05/2025 - DATA: 19/05/2025

18-05-2025T10:45:12 - [MESSAGE][PASSED] - Verify equals GUI: 19/05/2025 - DATA: 19/05/2025

18-05-2025T10:45:12 - [TEST_STEP][PASSED] - documentInformationScreen.checkPriority(document): Verify equals GUI: Bình thường - DATA: Bình thường

18-05-2025T10:45:13 - [MESSAGE][PASSED] - Verify equals GUI: Bình thường - DATA: Bình thường

18-05-2025T10:45:13 - [TEST_STEP][PASSED] - documentInformationScreen.checkDescription(document): Verify equals GUI: 002 TAO YEU CAU - DATA: 002 TAO YEU CAU

18-05-2025T10:45:13 - [MESSAGE][PASSED] - Verify equals GUI: 002 TAO YEU CAU - DATA: 002 TAO YEU CAU

18-05-2025T10:45:13 - [TEST_STEP][PASSED] - documentInformationScreen.checkAssigner(document): Verify contains GUI: auto6@hdbank.com.vn - DATA: auto6@hdbank.com.vn

18-05-2025T10:45:14 - [MESSAGE][PASSED] - Verify contains GUI: auto6@hdbank.com.vn - DATA: auto6@hdbank.com.vn

18-05-2025T10:45:14 - [TEST_STEP][PASSED] - documentInformationScreen.checkPresentFileName(document): Verify contains GUI: dummy_20250518104347.ozd - DATA: dummy

18-05-2025T10:45:15 - [MESSAGE][PASSED] - Verify contains GUI: dummy_20250518104347.ozd - DATA: dummy

18-05-2025T10:45:15 - [TEST_STEP][PASSED] - documentInformationScreen.checkAttachFileName(document): Expected true condition

18-05-2025T10:45:17 - [MESSAGE][PASSED] - Expected true condition

18-05-2025T10:45:17 - [TEST_STEP][PASSED] - documentInformationScreen.checkUserCannotEditDocument(): Check user can not edit document

18-05-2025T10:45:29 - [MESSAGE][PASSED] - Check user can not edit document

18-05-2025T10:45:29 - [TEST_STEP][PASSED] - Start listener action : afterTest: null

18-05-2025T10:45:29 - [TEST_STEP][PASSED] - if (testCaseStatus != "PASSED"): null

18-05-2025T10:45:29 - [TEST_STEP][PASSED] - drivers.Driver.closeApp(): drivers.Driver.closeApp is PASSED

18-05-2025T10:45:29 - [MESSAGE][PASSED] - drivers.Driver.closeApp is PASSED

18-05-2025T10:45:29 - [TEST_STEP][PASSED] - if (tsContext == null): null]]></system-out>
         <system-err><![CDATA[]]></system-err>
      </testcase>
      <testcase name="Test Cases/IPAPER APP/043 TAI FILE TAI CHI TIET HO SO_HO SO DEN" time="125.5" classname="Test Cases/IPAPER APP/043 TAI FILE TAI CHI TIET HO SO_HO SO DEN" status="ERROR">
         <error type="ERROR" message="Test Cases/IPAPER APP/043 TAI FILE TAI CHI TIET HO SO_HO SO DEN FAILED.&#xa;Reason:&#xa;org.openqa.selenium.WebDriverException: An unknown server-side error occurred while processing the command. Original error: Timed out after 15563ms waiting for the root AccessibilityNodeInfo in the active window. Make sure the active window is not constantly hogging the main UI thread (e.g. the application is being idle long enough), so the accessibility manager could do its work&#xa;Build info: version: '3.141.59', revision: 'unknown', time: 'unknown'&#xa;System info: host: '192.168.1.4.non-exists.ptr.local', ip: '2402:800:63f2:b9ce:1859:4296:77a1:a88d%en0', os.name: 'Mac OS X', os.arch: 'aarch64', os.version: '15.4.1', java.version: '17.0.7'&#xa;Driver info: com.kms.katalon.core.appium.driver.SwipeableAndroidDriver&#xa;Capabilities {automationName: UiAutomator2, databaseEnabled: false, desired: {automationName: UiAutomator2, deviceName: af0c5cf7, noReset: true, platformName: android, waitForIdleTimeout: 3000}, deviceApiLevel: 35, deviceManufacturer: OPPO, deviceModel: CPH2699, deviceName: af0c5cf7, deviceScreenDensity: 480, deviceScreenSize: 1080x2400, deviceUDID: af0c5cf7, javascriptEnabled: true, locationContextEnabled: false, networkConnectionEnabled: true, noReset: true, pixelRatio: 3, platform: LINUX, platformName: Android, platformVersion: 15, statBarHeight: 120, takesScreenshot: true, viewportRect: {height: 2280, left: 0, top: 120, width: 1080}, waitForIdleTimeout: 3000, warnings: {}, webStorageEnabled: false}&#xa;Session ID: 3304c37f-648b-4099-8110-a9bd3d735cc7&#xa;*** Element info: {Using=id, value=com.hdbank.ipaper:id/fab}&#xa;	at java.base/jdk.internal.reflect.NativeConstructorAccessorImpl.newInstance0(Native Method)&#xa;	at java.base/jdk.internal.reflect.NativeConstructorAccessorImpl.newInstance(NativeConstructorAccessorImpl.java:77)&#xa;	at java.base/jdk.internal.reflect.DelegatingConstructorAccessorImpl.newInstance(DelegatingConstructorAccessorImpl.java:45)&#xa;	at org.openqa.selenium.remote.http.W3CHttpResponseCodec.createException(W3CHttpResponseCodec.java:187)&#xa;	at org.openqa.selenium.remote.http.W3CHttpResponseCodec.decode(W3CHttpResponseCodec.java:122)&#xa;	at org.openqa.selenium.remote.http.W3CHttpResponseCodec.decode(W3CHttpResponseCodec.java:49)&#xa;	at org.openqa.selenium.remote.HttpCommandExecutor.execute(HttpCommandExecutor.java:158)&#xa;	at io.appium.java_client.remote.AppiumCommandExecutor.execute(AppiumCommandExecutor.java:239)&#xa;	at org.openqa.selenium.remote.RemoteWebDriver.execute(RemoteWebDriver.java:552)&#xa;	at io.appium.java_client.DefaultGenericMobileDriver.execute(DefaultGenericMobileDriver.java:42)&#xa;	at io.appium.java_client.AppiumDriver.execute(AppiumDriver.java:1)&#xa;	at io.appium.java_client.android.AndroidDriver.execute(AndroidDriver.java:1)&#xa;	at com.kms.katalon.core.appium.driver.SwipeableAndroidDriver.execute(SwipeableAndroidDriver.java:1)&#xa;	at org.openqa.selenium.remote.RemoteWebDriver.findElements(RemoteWebDriver.java:353)&#xa;	at io.appium.java_client.DefaultGenericMobileDriver.findElements(DefaultGenericMobileDriver.java:54)&#xa;	at io.appium.java_client.AppiumDriver.findElements(AppiumDriver.java:152)&#xa;	at org.openqa.selenium.remote.RemoteWebDriver.findElementsById(RemoteWebDriver.java:376)&#xa;	at io.appium.java_client.DefaultGenericMobileDriver.findElementsById(DefaultGenericMobileDriver.java:66)&#xa;	at io.appium.java_client.AppiumDriver.findElementsById(AppiumDriver.java:156)&#xa;	at org.openqa.selenium.By$ById.findElements(By.java:180)&#xa;	at org.openqa.selenium.remote.RemoteWebDriver.findElements(RemoteWebDriver.java:311)&#xa;	at io.appium.java_client.DefaultGenericMobileDriver.findElements(DefaultGenericMobileDriver.java:50)&#xa;	at io.appium.java_client.AppiumDriver.findElements(AppiumDriver.java:148)&#xa;	at base.BaseKeyword$Trait$Helper$_waitForPresentOf_closure1.doCall(BaseKeyword.groovy:253)&#xa;	at jdk.internal.reflect.GeneratedMethodAccessor8.invoke(Unknown Source)&#xa;	at java.base/jdk.internal.reflect.DelegatingMethodAccessorImpl.invoke(DelegatingMethodAccessorImpl.java:43)&#xa;	at jdk.proxy2/jdk.proxy2.$Proxy34.apply(Unknown Source)&#xa;	at org.openqa.selenium.support.ui.FluentWait.until(FluentWait.java:249)&#xa;	at base.BaseKeyword$Trait$Helper.waitForPresentOf(BaseKeyword.groovy:252)&#xa;	at screens.DocumentInformationScreen.waitForPresentOf(DocumentInformationScreen.groovy)&#xa;	at screens.DocumentInformationScreen.downloadFile(DocumentInformationScreen.groovy:310)&#xa;	at 043 TAI FILE TAI CHI TIET HO SO_HO SO DEN.run(043 TAI FILE TAI CHI TIET HO SO_HO SO DEN:57)&#xa;	at com.kms.katalon.core.main.ScriptEngine.run(ScriptEngine.java:194)&#xa;	at com.kms.katalon.core.main.ScriptEngine.runScriptAsRawText(ScriptEngine.java:119)&#xa;	at com.kms.katalon.core.main.TestCaseExecutor.runScript(TestCaseExecutor.java:448)&#xa;	at com.kms.katalon.core.main.TestCaseExecutor.doExecute(TestCaseExecutor.java:439)&#xa;	at com.kms.katalon.core.main.TestCaseExecutor.processExecutionPhase(TestCaseExecutor.java:418)&#xa;	at com.kms.katalon.core.main.TestCaseExecutor.accessMainPhase(TestCaseExecutor.java:410)&#xa;	at com.kms.katalon.core.main.TestCaseExecutor.execute(TestCaseExecutor.java:285)&#xa;	at com.kms.katalon.core.common.CommonExecutor.accessTestCaseMainPhase(CommonExecutor.java:65)&#xa;	at com.kms.katalon.core.main.TestSuiteExecutor.accessTestSuiteMainPhase(TestSuiteExecutor.java:150)&#xa;	at com.kms.katalon.core.main.TestSuiteExecutor.execute(TestSuiteExecutor.java:106)&#xa;	at com.kms.katalon.core.main.TestCaseMain.startTestSuite(TestCaseMain.java:180)&#xa;	at TempTestSuite1747539355497.run(TempTestSuite1747539355497.groovy:35)&#xa;	at java.base/jdk.internal.reflect.NativeMethodAccessorImpl.invoke0(Native Method)&#xa;	at java.base/jdk.internal.reflect.NativeMethodAccessorImpl.invoke(NativeMethodAccessorImpl.java:77)&#xa;	at java.base/jdk.internal.reflect.DelegatingMethodAccessorImpl.invoke(DelegatingMethodAccessorImpl.java:43)&#xa;"/>
         <system-out><![CDATA[18-05-2025T10:45:29 - [TEST_CASE][ERROR] - Test Cases/IPAPER APP/043 TAI FILE TAI CHI TIET HO SO_HO SO DEN: Test Cases/IPAPER APP/043 TAI FILE TAI CHI TIET HO SO_HO SO DEN FAILED.
Reason:
org.openqa.selenium.WebDriverException: An unknown server-side error occurred while processing the command. Original error: Timed out after 15563ms waiting for the root AccessibilityNodeInfo in the active window. Make sure the active window is not constantly hogging the main UI thread (e.g. the application is being idle long enough), so the accessibility manager could do its work
Build info: version: '3.141.59', revision: 'unknown', time: 'unknown'
System info: host: '192.168.1.4.non-exists.ptr.local', ip: '2402:800:63f2:b9ce:1859:4296:77a1:a88d%en0', os.name: 'Mac OS X', os.arch: 'aarch64', os.version: '15.4.1', java.version: '17.0.7'
Driver info: com.kms.katalon.core.appium.driver.SwipeableAndroidDriver
Capabilities {automationName: UiAutomator2, databaseEnabled: false, desired: {automationName: UiAutomator2, deviceName: af0c5cf7, noReset: true, platformName: android, waitForIdleTimeout: 3000}, deviceApiLevel: 35, deviceManufacturer: OPPO, deviceModel: CPH2699, deviceName: af0c5cf7, deviceScreenDensity: 480, deviceScreenSize: 1080x2400, deviceUDID: af0c5cf7, javascriptEnabled: true, locationContextEnabled: false, networkConnectionEnabled: true, noReset: true, pixelRatio: 3, platform: LINUX, platformName: Android, platformVersion: 15, statBarHeight: 120, takesScreenshot: true, viewportRect: {height: 2280, left: 0, top: 120, width: 1080}, waitForIdleTimeout: 3000, warnings: {}, webStorageEnabled: false}
Session ID: 3304c37f-648b-4099-8110-a9bd3d735cc7
*** Element info: {Using=id, value=com.hdbank.ipaper:id/fab}
	at java.base/jdk.internal.reflect.NativeConstructorAccessorImpl.newInstance0(Native Method)
	at java.base/jdk.internal.reflect.NativeConstructorAccessorImpl.newInstance(NativeConstructorAccessorImpl.java:77)
	at java.base/jdk.internal.reflect.DelegatingConstructorAccessorImpl.newInstance(DelegatingConstructorAccessorImpl.java:45)
	at org.openqa.selenium.remote.http.W3CHttpResponseCodec.createException(W3CHttpResponseCodec.java:187)
	at org.openqa.selenium.remote.http.W3CHttpResponseCodec.decode(W3CHttpResponseCodec.java:122)
	at org.openqa.selenium.remote.http.W3CHttpResponseCodec.decode(W3CHttpResponseCodec.java:49)
	at org.openqa.selenium.remote.HttpCommandExecutor.execute(HttpCommandExecutor.java:158)
	at io.appium.java_client.remote.AppiumCommandExecutor.execute(AppiumCommandExecutor.java:239)
	at org.openqa.selenium.remote.RemoteWebDriver.execute(RemoteWebDriver.java:552)
	at io.appium.java_client.DefaultGenericMobileDriver.execute(DefaultGenericMobileDriver.java:42)
	at io.appium.java_client.AppiumDriver.execute(AppiumDriver.java:1)
	at io.appium.java_client.android.AndroidDriver.execute(AndroidDriver.java:1)
	at com.kms.katalon.core.appium.driver.SwipeableAndroidDriver.execute(SwipeableAndroidDriver.java:1)
	at org.openqa.selenium.remote.RemoteWebDriver.findElements(RemoteWebDriver.java:353)
	at io.appium.java_client.DefaultGenericMobileDriver.findElements(DefaultGenericMobileDriver.java:54)
	at io.appium.java_client.AppiumDriver.findElements(AppiumDriver.java:152)
	at org.openqa.selenium.remote.RemoteWebDriver.findElementsById(RemoteWebDriver.java:376)
	at io.appium.java_client.DefaultGenericMobileDriver.findElementsById(DefaultGenericMobileDriver.java:66)
	at io.appium.java_client.AppiumDriver.findElementsById(AppiumDriver.java:156)
	at org.openqa.selenium.By$ById.findElements(By.java:180)
	at org.openqa.selenium.remote.RemoteWebDriver.findElements(RemoteWebDriver.java:311)
	at io.appium.java_client.DefaultGenericMobileDriver.findElements(DefaultGenericMobileDriver.java:50)
	at io.appium.java_client.AppiumDriver.findElements(AppiumDriver.java:148)
	at base.BaseKeyword$Trait$Helper$_waitForPresentOf_closure1.doCall(BaseKeyword.groovy:253)
	at jdk.internal.reflect.GeneratedMethodAccessor8.invoke(Unknown Source)
	at java.base/jdk.internal.reflect.DelegatingMethodAccessorImpl.invoke(DelegatingMethodAccessorImpl.java:43)
	at jdk.proxy2/jdk.proxy2.$Proxy34.apply(Unknown Source)
	at org.openqa.selenium.support.ui.FluentWait.until(FluentWait.java:249)
	at base.BaseKeyword$Trait$Helper.waitForPresentOf(BaseKeyword.groovy:252)
	at screens.DocumentInformationScreen.waitForPresentOf(DocumentInformationScreen.groovy)
	at screens.DocumentInformationScreen.downloadFile(DocumentInformationScreen.groovy:310)
	at 043 TAI FILE TAI CHI TIET HO SO_HO SO DEN.run(043 TAI FILE TAI CHI TIET HO SO_HO SO DEN:57)
	at com.kms.katalon.core.main.ScriptEngine.run(ScriptEngine.java:194)
	at com.kms.katalon.core.main.ScriptEngine.runScriptAsRawText(ScriptEngine.java:119)
	at com.kms.katalon.core.main.TestCaseExecutor.runScript(TestCaseExecutor.java:448)
	at com.kms.katalon.core.main.TestCaseExecutor.doExecute(TestCaseExecutor.java:439)
	at com.kms.katalon.core.main.TestCaseExecutor.processExecutionPhase(TestCaseExecutor.java:418)
	at com.kms.katalon.core.main.TestCaseExecutor.accessMainPhase(TestCaseExecutor.java:410)
	at com.kms.katalon.core.main.TestCaseExecutor.execute(TestCaseExecutor.java:285)
[...]

18-05-2025T11:12:15 - [TEST_STEP][PASSED] - pdfSignScreen.fillInOpinion(document.getComment()): null

18-05-2025T11:12:16 - [TEST_STEP][PASSED] - pdfSignScreen.submitRequest(): null

18-05-2025T11:12:23 - [TEST_STEP][PASSED] - documentInformationScreen.backToHome(): null

18-05-2025T11:12:23 - [TEST_STEP][PASSED] - homeScreen.goToOutComingDocument(): null

18-05-2025T11:12:33 - [TEST_STEP][PASSED] - outComingDocument.viewInformationDocument(document): null

18-05-2025T11:12:34 - [TEST_STEP][ERROR] - documentInformationScreen.downloadFile(): Test Cases/IPAPER APP/045 TAI FILE TAI CHI TIET HO SO_HO SO DI FAILED.
Reason:
org.openqa.selenium.WebDriverException: An unknown server-side error occurred while processing the command. Original error: Timed out after 15554ms waiting for the root AccessibilityNodeInfo in the active window. Make sure the active window is not constantly hogging the main UI thread (e.g. the application is being idle long enough), so the accessibility manager could do its work
Build info: version: '3.141.59', revision: 'unknown', time: 'unknown'
System info: host: '192.168.1.4.non-exists.ptr.local', ip: '2402:800:63f2:b9ce:1859:4296:77a1:a88d%en0', os.name: 'Mac OS X', os.arch: 'aarch64', os.version: '15.4.1', java.version: '17.0.7'
Driver info: com.kms.katalon.core.appium.driver.SwipeableAndroidDriver
Capabilities {automationName: UiAutomator2, databaseEnabled: false, desired: {automationName: UiAutomator2, deviceName: af0c5cf7, noReset: true, platformName: android, waitForIdleTimeout: 3000}, deviceApiLevel: 35, deviceManufacturer: OPPO, deviceModel: CPH2699, deviceName: af0c5cf7, deviceScreenDensity: 480, deviceScreenSize: 1080x2400, deviceUDID: af0c5cf7, javascriptEnabled: true, locationContextEnabled: false, networkConnectionEnabled: true, noReset: true, pixelRatio: 3, platform: LINUX, platformName: Android, platformVersion: 15, statBarHeight: 120, takesScreenshot: true, viewportRect: {height: 2280, left: 0, top: 120, width: 1080}, waitForIdleTimeout: 3000, warnings: {}, webStorageEnabled: false}
Session ID: 3304c37f-648b-4099-8110-a9bd3d735cc7
*** Element info: {Using=id, value=com.hdbank.ipaper:id/fab}
	at java.base/jdk.internal.reflect.NativeConstructorAccessorImpl.newInstance0(Native Method)
	at java.base/jdk.internal.reflect.NativeConstructorAccessorImpl.newInstance(NativeConstructorAccessorImpl.java:77)
	at java.base/jdk.internal.reflect.DelegatingConstructorAccessorImpl.newInstance(DelegatingConstructorAccessorImpl.java:45)
	at org.openqa.selenium.remote.http.W3CHttpResponseCodec.createException(W3CHttpResponseCodec.java:187)
	at org.openqa.selenium.remote.http.W3CHttpResponseCodec.decode(W3CHttpResponseCodec.java:122)
	at org.openqa.selenium.remote.http.W3CHttpResponseCodec.decode(W3CHttpResponseCodec.java:49)
	at org.openqa.selenium.remote.HttpCommandExecutor.execute(HttpCommandExecutor.java:158)
	at io.appium.java_client.remote.AppiumCommandExecutor.execute(AppiumCommandExecutor.java:239)
	at org.openqa.selenium.remote.RemoteWebDriver.execute(RemoteWebDriver.java:552)
	at io.appium.java_client.DefaultGenericMobileDriver.execute(DefaultGenericMobileDriver.java:42)
	at io.appium.java_client.AppiumDriver.execute(AppiumDriver.java:1)
	at io.appium.java_client.android.AndroidDriver.execute(AndroidDriver.java:1)
	at com.kms.katalon.core.appium.driver.SwipeableAndroidDriver.execute(SwipeableAndroidDriver.java:1)
	at org.openqa.selenium.remote.RemoteWebDriver.findElements(RemoteWebDriver.java:353)
	at io.appium.java_client.DefaultGenericMobileDriver.findElements(DefaultGenericMobileDriver.java:54)
	at io.appium.java_client.AppiumDriver.findElements(AppiumDriver.java:152)
	at org.openqa.selenium.remote.RemoteWebDriver.findElementsById(RemoteWebDriver.java:376)
	at io.appium.java_client.DefaultGenericMobileDriver.findElementsById(DefaultGenericMobileDriver.java:66)
	at io.appium.java_client.AppiumDriver.findElementsById(AppiumDriver.java:156)
	at org.openqa.selenium.By$ById.findElements(By.java:180)
	at org.openqa.selenium.remote.RemoteWebDriver.findElements(RemoteWebDriver.java:311)
	at io.appium.java_client.DefaultGenericMobileDriver.findElements(DefaultGenericMobileDriver.java:50)
	at io.appium.java_client.AppiumDriver.findElements(AppiumDriver.java:148)
	at base.BaseKeyword$Trait$Helper$_waitForPresentOf_closure1.doCall(BaseKeyword.groovy:253)
	at jdk.internal.reflect.GeneratedMethodAccessor8.invoke(Unknown Source)
	at java.base/jdk.internal.reflect.DelegatingMethodAccessorImpl.invoke(DelegatingMethodAccessorImpl.java:43)
	at jdk.proxy2/jdk.proxy2.$Proxy34.apply(Unknown Source)
	at org.openqa.selenium.support.ui.FluentWait.until(FluentWait.java:249)
	at base.BaseKeyword$Trait$Helper.waitForPresentOf(BaseKeyword.groovy:252)
	at screens.DocumentInformationScreen.waitForPresentOf(DocumentInformationScreen.groovy)
	at screens.DocumentInformationScreen.downloadFile(DocumentInformationScreen.groovy:310)
	at 045 TAI FILE TAI CHI TIET HO SO_HO SO DI.run(045 TAI FILE TAI CHI TIET HO SO_HO SO DI:53)
	at com.kms.katalon.core.main.ScriptEngine.run(ScriptEngine.java:194)
	at com.kms.katalon.core.main.ScriptEngine.runScriptAsRawText(ScriptEngine.java:119)
	at com.kms.katalon.core.main.TestCaseExecutor.runScript(TestCaseExecutor.java:448)
	at com.kms.katalon.core.main.TestCaseExecutor.doExecute(TestCaseExecutor.java:439)
	at com.kms.katalon.core.main.TestCaseExecutor.processExecutionPhase(TestCaseExecutor.java:418)
	at com.kms.katalon.core.main.TestCaseExecutor.accessMainPhase(TestCaseExecutor.java:410)
	at com.kms.katalon.core.main.TestCaseExecutor.execute(TestCaseExecutor.java:285)
	at com.kms.katalon.core.common.CommonExecutor.accessTestCaseMainPhase(CommonExecutor.java:65)
	at com.kms.katalon.core.main.TestSuiteExecutor.accessTestSuiteMainPhase(TestSuiteExecutor.java:150)
	at com.kms.katalon.core.main.TestSuiteExecutor.execute(TestSuiteExecutor.java:106)
	at com.kms.katalon.core.main.TestCaseMain.startTestSuite(TestCaseMain.java:180)
	at TempTestSuite1747539355497.run(TempTestSuite1747539355497.groovy:35)
	at java.base/jdk.internal.reflect.NativeMethodAccessorImpl.invoke0(Native Method)
	at java.base/jdk.internal.reflect.NativeMethodAccessorImpl.invoke(NativeMethodAccessorImpl.java:77)
	at java.base/jdk.internal.reflect.DelegatingMethodAccessorImpl.invoke(DelegatingMethodAccessorImpl.java:43)


18-05-2025T11:13:13 - [MESSAGE][ERROR] - Test Cases/IPAPER APP/045 TAI FILE TAI CHI TIET HO SO_HO SO DI FAILED.
Reason:
org.openqa.selenium.WebDriverException: An unknown server-side error occurred while processing the command. Original error: Timed out after 15554ms waiting for the root AccessibilityNodeInfo in the active window. Make sure the active window is not constantly hogging the main UI thread (e.g. the application is being idle long enough), so the accessibility manager could do its work
Build info: version: '3.141.59', revision: 'unknown', time: 'unknown'
System info: host: '192.168.1.4.non-exists.ptr.local', ip: '2402:800:63f2:b9ce:1859:4296:77a1:a88d%en0', os.name: 'Mac OS X', os.arch: 'aarch64', os.version: '15.4.1', java.version: '17.0.7'
Driver info: com.kms.katalon.core.appium.driver.SwipeableAndroidDriver
Capabilities {automationName: UiAutomator2, databaseEnabled: false, desired: {automationName: UiAutomator2, deviceName: af0c5cf7, noReset: true, platformName: android, waitForIdleTimeout: 3000}, deviceApiLevel: 35, deviceManufacturer: OPPO, deviceModel: CPH2699, deviceName: af0c5cf7, deviceScreenDensity: 480, deviceScreenSize: 1080x2400, deviceUDID: af0c5cf7, javascriptEnabled: true, locationContextEnabled: false, networkConnectionEnabled: true, noReset: true, pixelRatio: 3, platform: LINUX, platformName: Android, platformVersion: 15, statBarHeight: 120, takesScreenshot: true, viewportRect: {height: 2280, left: 0, top: 120, width: 1080}, waitForIdleTimeout: 3000, warnings: {}, webStorageEnabled: false}
Session ID: 3304c37f-648b-4099-8110-a9bd3d735cc7
*** Element info: {Using=id, value=com.hdbank.ipaper:id/fab}
	at java.base/jdk.internal.reflect.NativeConstructorAccessorImpl.newInstance0(Native Method)
	at java.base/jdk.internal.reflect.NativeConstructorAccessorImpl.newInstance(NativeConstructorAccessorImpl.java:77)
	at java.base/jdk.internal.reflect.DelegatingConstructorAccessorImpl.newInstance(DelegatingConstructorAccessorImpl.java:45)
	at org.openqa.selenium.remote.http.W3CHttpResponseCodec.createException(W3CHttpResponseCodec.java:187)
	at org.openqa.selenium.remote.http.W3CHttpResponseCodec.decode(W3CHttpResponseCodec.java:122)
	at org.openqa.selenium.remote.http.W3CHttpResponseCodec.decode(W3CHttpResponseCodec.java:49)
	at org.openqa.selenium.remote.HttpCommandExecutor.execute(HttpCommandExecutor.java:158)
	at io.appium.java_client.remote.AppiumCommandExecutor.execute(AppiumCommandExecutor.java:239)
	at org.openqa.selenium.remote.RemoteWebDriver.execute(RemoteWebDriver.java:552)
	at io.appium.java_client.DefaultGenericMobileDriver.execute(DefaultGenericMobileDriver.java:42)
	at io.appium.java_client.AppiumDriver.execute(AppiumDriver.java:1)
	at io.appium.java_client.android.AndroidDriver.execute(AndroidDriver.java:1)
	at com.kms.katalon.core.appium.driver.SwipeableAndroidDriver.execute(SwipeableAndroidDriver.java:1)
	at org.openqa.selenium.remote.RemoteWebDriver.findElements(RemoteWebDriver.java:353)
	at io.appium.java_client.DefaultGenericMobileDriver.findElements(DefaultGenericMobileDriver.java:54)
	at io.appium.java_client.AppiumDriver.findElements(AppiumDriver.java:152)
	at org.openqa.selenium.remote.RemoteWebDriver.findElementsById(RemoteWebDriver.java:376)
	at io.appium.java_client.DefaultGenericMobileDriver.findElementsById(DefaultGenericMobileDriver.java:66)
	at io.appium.java_client.AppiumDriver.findElementsById(AppiumDriver.java:156)
	at org.openqa.selenium.By$ById.findElements(By.java:180)
	at org.openqa.selenium.remote.RemoteWebDriver.findElements(RemoteWebDriver.java:311)
	at io.appium.java_client.DefaultGenericMobileDriver.findElements(DefaultGenericMobileDriver.java:50)
	at io.appium.java_client.AppiumDriver.findElements(AppiumDriver.java:148)
	at base.BaseKeyword$Trait$Helper$_waitForPresentOf_closure1.doCall(BaseKeyword.groovy:253)
	at jdk.internal.reflect.GeneratedMethodAccessor8.invoke(Unknown Source)
	at java.base/jdk.internal.reflect.DelegatingMethodAccessorImpl.invoke(DelegatingMethodAccessorImpl.java:43)
	at jdk.proxy2/jdk.proxy2.$Proxy34.apply(Unknown Source)
	at org.openqa.selenium.support.ui.FluentWait.until(FluentWait.java:249)
	at base.BaseKeyword$Trait$Helper.waitForPresentOf(BaseKeyword.groovy:252)
	at screens.DocumentInformationScreen.waitForPresentOf(DocumentInformationScreen.groovy)
	at screens.DocumentInformationScreen.downloadFile(DocumentInformationScreen.groovy:310)
	at 045 TAI FILE TAI CHI TIET HO SO_HO SO DI.run(045 TAI FILE TAI CHI TIET HO SO_HO SO DI:53)
	at com.kms.katalon.core.main.ScriptEngine.run(ScriptEngine.java:194)
	at com.kms.katalon.core.main.ScriptEngine.runScriptAsRawText(ScriptEngine.java:119)
	at com.kms.katalon.core.main.TestCaseExecutor.runScript(TestCaseExecutor.java:448)
	at com.kms.katalon.core.main.TestCaseExecutor.doExecute(TestCaseExecutor.java:439)
	at com.kms.katalon.core.main.TestCaseExecutor.processExecutionPhase(TestCaseExecutor.java:418)
	at com.kms.katalon.core.main.TestCaseExecutor.accessMainPhase(TestCaseExecutor.java:410)
	at com.kms.katalon.core.main.TestCaseExecutor.execute(TestCaseExecutor.java:285)
	at com.kms.katalon.core.common.CommonExecutor.accessTestCaseMainPhase(CommonExecutor.java:65)
	at com.kms.katalon.core.main.TestSuiteExecutor.accessTestSuiteMainPhase(TestSuiteExecutor.java:150)
	at com.kms.katalon.core.main.TestSuiteExecutor.execute(TestSuiteExecutor.java:106)
	at com.kms.katalon.core.main.TestCaseMain.startTestSuite(TestCaseMain.java:180)
	at TempTestSuite1747539355497.run(TempTestSuite1747539355497.groovy:35)
	at java.base/jdk.internal.reflect.NativeMethodAccessorImpl.invoke0(Native Method)
	at java.base/jdk.internal.reflect.NativeMethodAccessorImpl.invoke(NativeMethodAccessorImpl.java:77)
	at java.base/jdk.internal.reflect.DelegatingMethodAccessorImpl.invoke(DelegatingMethodAccessorImpl.java:43)


18-05-2025T11:13:13 - [TEST_STEP][PASSED] - Start listener action : afterTest: null

18-05-2025T11:13:13 - [TEST_STEP][PASSED] - if (testCaseStatus != "PASSED"): Screenshot is taken

18-05-2025T11:13:13 - [TEST_STEP][PASSED] - takeScreenshot(ErrorScreen/$GlobalVariable.PLATFORM/$testCaseContext.getTestCaseId().png): Screenshot is taken

18-05-2025T11:13:15 - [MESSAGE][PASSED] - Screenshot is taken
[[ATTACHMENT|ErrorScreen/Android/Test Cases/IPAPER APP/045 TAI FILE TAI CHI TIET HO SO_HO SO DI.png]]

18-05-2025T11:13:15 - [TEST_STEP][PASSED] - drivers.Driver.closeApp(): drivers.Driver.closeApp is PASSED

18-05-2025T11:13:16 - [MESSAGE][PASSED] - drivers.Driver.closeApp is PASSED

18-05-2025T11:13:16 - [TEST_STEP][PASSED] - if (tsContext == null): null]]></system-out>
         <system-err><![CDATA[18-05-2025T11:11:17 - [TEST_CASE][ERROR] - Test Cases/IPAPER APP/045 TAI FILE TAI CHI TIET HO SO_HO SO DI: Test Cases/IPAPER APP/045 TAI FILE TAI CHI TIET HO SO_HO SO DI FAILED.
Reason:
org.openqa.selenium.WebDriverException: An unknown server-side error occurred while processing the command. Original error: Timed out after 15554ms waiting for the root AccessibilityNodeInfo in the active window. Make sure the active window is not constantly hogging the main UI thread (e.g. the application is being idle long enough), so the accessibility manager could do its work
Build info: version: '3.141.59', revision: 'unknown', time: 'unknown'
System info: host: '192.168.1.4.non-exists.ptr.local', ip: '2402:800:63f2:b9ce:1859:4296:77a1:a88d%en0', os.name: 'Mac OS X', os.arch: 'aarch64', os.version: '15.4.1', java.version: '17.0.7'
Driver info: com.kms.katalon.core.appium.driver.SwipeableAndroidDriver
Capabilities {automationName: UiAutomator2, databaseEnabled: false, desired: {automationName: UiAutomator2, deviceName: af0c5cf7, noReset: true, platformName: android, waitForIdleTimeout: 3000}, deviceApiLevel: 35, deviceManufacturer: OPPO, deviceModel: CPH2699, deviceName: af0c5cf7, deviceScreenDensity: 480, deviceScreenSize: 1080x2400, deviceUDID: af0c5cf7, javascriptEnabled: true, locationContextEnabled: false, networkConnectionEnabled: true, noReset: true, pixelRatio: 3, platform: LINUX, platformName: Android, platformVersion: 15, statBarHeight: 120, takesScreenshot: true, viewportRect: {height: 2280, left: 0, top: 120, width: 1080}, waitForIdleTimeout: 3000, warnings: {}, webStorageEnabled: false}
Session ID: 3304c37f-648b-4099-8110-a9bd3d735cc7
*** Element info: {Using=id, value=com.hdbank.ipaper:id/fab}
	at java.base/jdk.internal.reflect.NativeConstructorAccessorImpl.newInstance0(Native Method)
	at java.base/jdk.internal.reflect.NativeConstructorAccessorImpl.newInstance(NativeConstructorAccessorImpl.java:77)
	at java.base/jdk.internal.reflect.DelegatingConstructorAccessorImpl.newInstance(DelegatingConstructorAccessorImpl.java:45)
	at org.openqa.selenium.remote.http.W3CHttpResponseCodec.createException(W3CHttpResponseCodec.java:187)
	at org.openqa.selenium.remote.http.W3CHttpResponseCodec.decode(W3CHttpResponseCodec.java:122)
	at org.openqa.selenium.remote.http.W3CHttpResponseCodec.decode(W3CHttpResponseCodec.java:49)
	at org.openqa.selenium.remote.HttpCommandExecutor.execute(HttpCommandExecutor.java:158)
	at io.appium.java_client.remote.AppiumCommandExecutor.execute(AppiumCommandExecutor.java:239)
	at org.openqa.selenium.remote.RemoteWebDriver.execute(RemoteWebDriver.java:552)
	at io.appium.java_client.DefaultGenericMobileDriver.execute(DefaultGenericMobileDriver.java:42)
	at io.appium.java_client.AppiumDriver.execute(AppiumDriver.java:1)
	at io.appium.java_client.android.AndroidDriver.execute(AndroidDriver.java:1)
	at com.kms.katalon.core.appium.driver.SwipeableAndroidDriver.execute(SwipeableAndroidDriver.java:1)
	at org.openqa.selenium.remote.RemoteWebDriver.findElements(RemoteWebDriver.java:353)
	at io.appium.java_client.DefaultGenericMobileDriver.findElements(DefaultGenericMobileDriver.java:54)
	at io.appium.java_client.AppiumDriver.findElements(AppiumDriver.java:152)
	at org.openqa.selenium.remote.RemoteWebDriver.findElementsById(RemoteWebDriver.java:376)
	at io.appium.java_client.DefaultGenericMobileDriver.findElementsById(DefaultGenericMobileDriver.java:66)
	at io.appium.java_client.AppiumDriver.findElementsById(AppiumDriver.java:156)
	at org.openqa.selenium.By$ById.findElements(By.java:180)
	at org.openqa.selenium.remote.RemoteWebDriver.findElements(RemoteWebDriver.java:311)
	at io.appium.java_client.DefaultGenericMobileDriver.findElements(DefaultGenericMobileDriver.java:50)
	at io.appium.java_client.AppiumDriver.findElements(AppiumDriver.java:148)
	at base.BaseKeyword$Trait$Helper$_waitForPresentOf_closure1.doCall(BaseKeyword.groovy:253)
	at jdk.internal.reflect.GeneratedMethodAccessor8.invoke(Unknown Source)
	at java.base/jdk.internal.reflect.DelegatingMethodAccessorImpl.invoke(DelegatingMethodAccessorImpl.java:43)
	at jdk.proxy2/jdk.proxy2.$Proxy34.apply(Unknown Source)
	at org.openqa.selenium.support.ui.FluentWait.until(FluentWait.java:249)
	at base.BaseKeyword$Trait$Helper.waitForPresentOf(BaseKeyword.groovy:252)
	at screens.DocumentInformationScreen.waitForPresentOf(DocumentInformationScreen.groovy)
	at screens.DocumentInformationScreen.downloadFile(DocumentInformationScreen.groovy:310)
	at 045 TAI FILE TAI CHI TIET HO SO_HO SO DI.run(045 TAI FILE TAI CHI TIET HO SO_HO SO DI:53)
	at com.kms.katalon.core.main.ScriptEngine.run(ScriptEngine.java:194)
	at com.kms.katalon.core.main.ScriptEngine.runScriptAsRawText(ScriptEngine.java:119)
	at com.kms.katalon.core.main.TestCaseExecutor.runScript(TestCaseExecutor.java:448)
	at com.kms.katalon.core.main.TestCaseExecutor.doExecute(TestCaseExecutor.java:439)
	at com.kms.katalon.core.main.TestCaseExecutor.processExecutionPhase(TestCaseExecutor.java:418)
	at com.kms.katalon.core.main.TestCaseExecutor.accessMainPhase(TestCaseExecutor.java:410)
	at com.kms.katalon.core.main.TestCaseExecutor.execute(TestCaseExecutor.java:285)
	at com.kms.katalon.core.common.CommonExecutor.accessTestCaseMainPhase(CommonExecutor.java:65)
	at com.kms.katalon.core.main.TestSuiteExecutor.accessTestSuiteMainPhase(TestSuiteExecutor.java:150)
	at com.kms.katalon.core.main.TestSuiteExecutor.execute(TestSuiteExecutor.java:106)
	at com.kms.katalon.core.main.TestCaseMain.startTestSuite(TestCaseMain.java:180)
	at TempTestSuite1747539355497.run(TempTestSuite1747539355497.groovy:35)
	at java.base/jdk.internal.reflect.NativeMethodAccessorImpl.invoke0(Native Method)
	at java.base/jdk.internal.reflect.NativeMethodAccessorImpl.invoke(NativeMethodAccessorImpl.java:77)
	at java.base/jdk.internal.reflect.DelegatingMethodAccessorImpl.invoke(DelegatingMethodAccessorImpl.java:43)]]></system-err>
      </testcase>
      <testcase name="Test Cases/IPAPER APP/044 TAO MOI QUY TRINH_1 BUOC" time="0.079" classname="Test Cases/IPAPER APP/044 TAO MOI QUY TRINH_1 BUOC" status="PASSED">
         <system-out><![CDATA[18-05-2025T11:13:16 - [TEST_CASE][PASSED] - Test Cases/IPAPER APP/044 TAO MOI QUY TRINH_1 BUOC: null

18-05-2025T11:13:16 - [TEST_STEP][PASSED] - Start listener action : afterTest: null

18-05-2025T11:13:16 - [TEST_STEP][PASSED] - if (testCaseStatus != "PASSED"): null

18-05-2025T11:13:16 - [TEST_STEP][PASSED] - drivers.Driver.closeApp(): drivers.Driver.closeApp is PASSED

18-05-2025T11:13:16 - [MESSAGE][PASSED] - drivers.Driver.closeApp is PASSED

18-05-2025T11:13:16 - [TEST_STEP][PASSED] - if (tsContext == null): null]]></system-out>
         <system-err><![CDATA[]]></system-err>
      </testcase>
      <system-out><![CDATA[18-05-2025T10:35:57 - [TEST_SUITE][INCOMPLETE] - Demo: null]]></system-out>
      <system-err><![CDATA[18-05-2025T10:35:57 - [TEST_SUITE][INCOMPLETE] - Demo: null]]></system-err>
   </testsuite>
</testsuites>
